{"numFailedTestSuites":11,"numFailedTests":56,"numPassedTestSuites":25,"numPassedTests":187,"numPendingTestSuites":0,"numPendingTests":0,"numRuntimeErrorTestSuites":1,"numTodoTests":0,"numTotalTestSuites":36,"numTotalTests":243,"openHandles":[],"snapshot":{"added":0,"didUpdate":false,"failure":false,"filesAdded":0,"filesRemoved":0,"filesRemovedList":[],"filesUnmatched":0,"filesUpdated":0,"matched":0,"total":0,"unchecked":0,"uncheckedKeysByFile":[],"unmatched":0,"updated":0},"startTime":1773370007908,"success":false,"testResults":[{"assertionResults":[{"ancestorTitles":["Academics Module"],"duration":4,"failing":false,"failureDetails":[{}],"failureMessages":["TypeError: Cannot read properties of null (reading 'id')\n    at Object.id (C:\\Users\\Pc\\Downloads\\peek-school-system-backend-main\\peek-school-system-backend-main\\__tests__\\academics.test.js:16:29)"],"fullName":"Academics Module should allow a teacher to add a grade to a homework","invocations":1,"location":null,"numPassingAsserts":0,"retryReasons":[],"startAt":1773370011271,"status":"failed","title":"should allow a teacher to add a grade to a homework"},{"ancestorTitles":["Academics Module"],"duration":0,"failing":false,"failureDetails":[{}],"failureMessages":["TypeError: Cannot read properties of null (reading 'id')\n    at Object.id (C:\\Users\\Pc\\Downloads\\peek-school-system-backend-main\\peek-school-system-backend-main\\__tests__\\academics.test.js:16:29)"],"fullName":"Academics Module should allow a teacher to record attendance","invocations":1,"location":null,"numPassingAsserts":0,"retryReasons":[],"startAt":1773370011277,"status":"failed","title":"should allow a teacher to record attendance"}],"endTime":1773370011358,"message":"\u001b[1m\u001b[31m  \u001b[1m● \u001b[22m\u001b[1mAcademics Module › should allow a teacher to add a grade to a homework\u001b[39m\u001b[22m\n\n    TypeError: Cannot read properties of null (reading 'id')\n\u001b[2m\u001b[22m\n\u001b[2m    \u001b[0m \u001b[90m 14 |\u001b[39m         teacherToken \u001b[33m=\u001b[39m \u001b[36mawait\u001b[39m getAuthToken(\u001b[32m'teacher.ahmad@almustaqbal.com'\u001b[39m\u001b[33m,\u001b[39m \u001b[32m'teacherpassword'\u001b[39m)\u001b[33m;\u001b[39m\u001b[22m\n\u001b[2m     \u001b[90m 15 |\u001b[39m         \u001b[36mconst\u001b[39m student \u001b[33m=\u001b[39m \u001b[36mawait\u001b[39m prisma\u001b[33m.\u001b[39mstudent\u001b[33m.\u001b[39mfindFirst({ where\u001b[33m:\u001b[39m { fullName\u001b[33m:\u001b[39m \u001b[32m\"Omar Haddad\"\u001b[39m } })\u001b[33m;\u001b[39m\u001b[22m\n\u001b[2m    \u001b[31m\u001b[1m>\u001b[22m\u001b[2m\u001b[39m\u001b[90m 16 |\u001b[39m         studentId \u001b[33m=\u001b[39m student\u001b[33m.\u001b[39mid\u001b[33m;\u001b[39m\u001b[22m\n\u001b[2m     \u001b[90m    |\u001b[39m                             \u001b[31m\u001b[1m^\u001b[22m\u001b[2m\u001b[39m\u001b[22m\n\u001b[2m     \u001b[90m 17 |\u001b[39m         \u001b[36mconst\u001b[39m homework \u001b[33m=\u001b[39m \u001b[36mawait\u001b[39m prisma\u001b[33m.\u001b[39mhomework\u001b[33m.\u001b[39mfindFirst({ where\u001b[33m:\u001b[39m { title\u001b[33m:\u001b[39m \u001b[32m\"Math Homework Chapter 1\"\u001b[39m } })\u001b[33m;\u001b[39m\u001b[22m\n\u001b[2m     \u001b[90m 18 |\u001b[39m         homeworkId \u001b[33m=\u001b[39m homework\u001b[33m.\u001b[39mid\u001b[33m;\u001b[39m\u001b[22m\n\u001b[2m     \u001b[90m 19 |\u001b[39m     })\u001b[33m;\u001b[39m\u001b[0m\u001b[22m\n\u001b[2m\u001b[22m\n\u001b[2m      \u001b[2mat Object.id (\u001b[22m\u001b[2m\u001b[0m\u001b[36m__tests__/academics.test.js\u001b[39m\u001b[0m\u001b[2m:16:29)\u001b[22m\u001b[2m\u001b[22m\n\n\u001b[1m\u001b[31m  \u001b[1m● \u001b[22m\u001b[1mAcademics Module › should allow a teacher to record attendance\u001b[39m\u001b[22m\n\n    TypeError: Cannot read properties of null (reading 'id')\n\u001b[2m\u001b[22m\n\u001b[2m    \u001b[0m \u001b[90m 14 |\u001b[39m         teacherToken \u001b[33m=\u001b[39m \u001b[36mawait\u001b[39m getAuthToken(\u001b[32m'teacher.ahmad@almustaqbal.com'\u001b[39m\u001b[33m,\u001b[39m \u001b[32m'teacherpassword'\u001b[39m)\u001b[33m;\u001b[39m\u001b[22m\n\u001b[2m     \u001b[90m 15 |\u001b[39m         \u001b[36mconst\u001b[39m student \u001b[33m=\u001b[39m \u001b[36mawait\u001b[39m prisma\u001b[33m.\u001b[39mstudent\u001b[33m.\u001b[39mfindFirst({ where\u001b[33m:\u001b[39m { fullName\u001b[33m:\u001b[39m \u001b[32m\"Omar Haddad\"\u001b[39m } })\u001b[33m;\u001b[39m\u001b[22m\n\u001b[2m    \u001b[31m\u001b[1m>\u001b[22m\u001b[2m\u001b[39m\u001b[90m 16 |\u001b[39m         studentId \u001b[33m=\u001b[39m student\u001b[33m.\u001b[39mid\u001b[33m;\u001b[39m\u001b[22m\n\u001b[2m     \u001b[90m    |\u001b[39m                             \u001b[31m\u001b[1m^\u001b[22m\u001b[2m\u001b[39m\u001b[22m\n\u001b[2m     \u001b[90m 17 |\u001b[39m         \u001b[36mconst\u001b[39m homework \u001b[33m=\u001b[39m \u001b[36mawait\u001b[39m prisma\u001b[33m.\u001b[39mhomework\u001b[33m.\u001b[39mfindFirst({ where\u001b[33m:\u001b[39m { title\u001b[33m:\u001b[39m \u001b[32m\"Math Homework Chapter 1\"\u001b[39m } })\u001b[33m;\u001b[39m\u001b[22m\n\u001b[2m     \u001b[90m 18 |\u001b[39m         homeworkId \u001b[33m=\u001b[39m homework\u001b[33m.\u001b[39mid\u001b[33m;\u001b[39m\u001b[22m\n\u001b[2m     \u001b[90m 19 |\u001b[39m     })\u001b[33m;\u001b[39m\u001b[0m\u001b[22m\n\u001b[2m\u001b[22m\n\u001b[2m      \u001b[2mat Object.id (\u001b[22m\u001b[2m\u001b[0m\u001b[36m__tests__/academics.test.js\u001b[39m\u001b[0m\u001b[2m:16:29)\u001b[22m\u001b[2m\u001b[22m\n","name":"C:\\Users\\Pc\\Downloads\\peek-school-system-backend-main\\peek-school-system-backend-main\\__tests__\\academics.test.js","startTime":1773370008582,"status":"failed","summary":""},{"assertionResults":[{"ancestorTitles":["Observability & Security Headers"],"duration":148,"failing":false,"failureDetails":[],"failureMessages":[],"fullName":"Observability & Security Headers should inject X-Request-Id into response headers","invocations":1,"location":null,"numPassingAsserts":3,"retryReasons":[],"startAt":1773370010730,"status":"passed","title":"should inject X-Request-Id into response headers"},{"ancestorTitles":["Observability & Security Headers"],"duration":50,"failing":false,"failureDetails":[],"failureMessages":[],"fullName":"Observability & Security Headers should disable x-powered-by header (Helmet)","invocations":1,"location":null,"numPassingAsserts":1,"retryReasons":[],"startAt":1773370010879,"status":"passed","title":"should disable x-powered-by header (Helmet)"},{"ancestorTitles":["Observability & Security Headers","Strict Auth Rate Limiter"],"duration":392,"failing":false,"failureDetails":[{"matcherResult":{"actual":401,"expected":429,"message":"\u001b[2mexpect(\u001b[22m\u001b[31mreceived\u001b[39m\u001b[2m).\u001b[22mtoBe\u001b[2m(\u001b[22m\u001b[32mexpected\u001b[39m\u001b[2m) // Object.is equality\u001b[22m\n\nExpected: \u001b[32m429\u001b[39m\nReceived: \u001b[31m401\u001b[39m","name":"toBe","pass":false}}],"failureMessages":["Error: \u001b[2mexpect(\u001b[22m\u001b[31mreceived\u001b[39m\u001b[2m).\u001b[22mtoBe\u001b[2m(\u001b[22m\u001b[32mexpected\u001b[39m\u001b[2m) // Object.is equality\u001b[22m\n\nExpected: \u001b[32m429\u001b[39m\nReceived: \u001b[31m401\u001b[39m\n    at Object.toBe (C:\\Users\\Pc\\Downloads\\peek-school-system-backend-main\\peek-school-system-backend-main\\__tests__\\observability.test.js:32:45)\n    at processTicksAndRejections (node:internal/process/task_queues:103:5)"],"fullName":"Observability & Security Headers Strict Auth Rate Limiter should trigger 429 after limit is exceeded on login endpoint","invocations":1,"location":null,"numPassingAsserts":5,"retryReasons":[],"startAt":1773370010930,"status":"failed","title":"should trigger 429 after limit is exceeded on login endpoint"}],"endTime":1773370011370,"message":"\u001b[1m\u001b[31m  \u001b[1m● \u001b[22m\u001b[1mObservability & Security Headers › Strict Auth Rate Limiter › should trigger 429 after limit is exceeded on login endpoint\u001b[39m\u001b[22m\n\n    \u001b[2mexpect(\u001b[22m\u001b[31mreceived\u001b[39m\u001b[2m).\u001b[22mtoBe\u001b[2m(\u001b[22m\u001b[32mexpected\u001b[39m\u001b[2m) // Object.is equality\u001b[22m\n\n    Expected: \u001b[32m429\u001b[39m\n    Received: \u001b[31m401\u001b[39m\n\u001b[2m\u001b[22m\n\u001b[2m    \u001b[0m \u001b[90m 30 |\u001b[39m             \u001b[90m// Exceed the limit immediately\u001b[39m\u001b[22m\n\u001b[2m     \u001b[90m 31 |\u001b[39m             \u001b[36mconst\u001b[39m resThrottled \u001b[33m=\u001b[39m \u001b[36mawait\u001b[39m request(app)\u001b[33m.\u001b[39mpost(\u001b[32m'/api/auth/login'\u001b[39m)\u001b[33m.\u001b[39msend({ email\u001b[33m:\u001b[39m \u001b[32m'test@example.com'\u001b[39m\u001b[33m,\u001b[39m password\u001b[33m:\u001b[39m \u001b[32m'password'\u001b[39m })\u001b[33m;\u001b[39m\u001b[22m\n\u001b[2m    \u001b[31m\u001b[1m>\u001b[22m\u001b[2m\u001b[39m\u001b[90m 32 |\u001b[39m             expect(resThrottled\u001b[33m.\u001b[39mstatusCode)\u001b[33m.\u001b[39mtoBe(\u001b[35m429\u001b[39m)\u001b[33m;\u001b[39m\u001b[22m\n\u001b[2m     \u001b[90m    |\u001b[39m                                             \u001b[31m\u001b[1m^\u001b[22m\u001b[2m\u001b[39m\u001b[22m\n\u001b[2m     \u001b[90m 33 |\u001b[39m             expect(resThrottled\u001b[33m.\u001b[39mbody\u001b[33m.\u001b[39msuccess)\u001b[33m.\u001b[39mtoBe(\u001b[36mfalse\u001b[39m)\u001b[33m;\u001b[39m\u001b[22m\n\u001b[2m     \u001b[90m 34 |\u001b[39m             expect(resThrottled\u001b[33m.\u001b[39mbody\u001b[33m.\u001b[39merror\u001b[33m.\u001b[39mmessage)\u001b[33m.\u001b[39mtoContain(\u001b[32m'Too many attempts'\u001b[39m)\u001b[33m;\u001b[39m\u001b[22m\n\u001b[2m     \u001b[90m 35 |\u001b[39m         })\u001b[33m;\u001b[39m\u001b[0m\u001b[22m\n\u001b[2m\u001b[22m\n\u001b[2m      \u001b[2mat Object.toBe (\u001b[22m\u001b[2m\u001b[0m\u001b[36m__tests__/observability.test.js\u001b[39m\u001b[0m\u001b[2m:32:45)\u001b[22m\u001b[2m\u001b[22m\n","name":"C:\\Users\\Pc\\Downloads\\peek-school-system-backend-main\\peek-school-system-backend-main\\__tests__\\observability.test.js","startTime":1773370008566,"status":"failed","summary":""},{"assertionResults":[{"ancestorTitles":["Bus Logistics Integration Test"],"duration":147,"failing":false,"failureDetails":[{"matcherResult":{"actual":401,"expected":201,"message":"\u001b[2mexpect(\u001b[22m\u001b[31mreceived\u001b[39m\u001b[2m).\u001b[22mtoBe\u001b[2m(\u001b[22m\u001b[32mexpected\u001b[39m\u001b[2m) // Object.is equality\u001b[22m\n\nExpected: \u001b[32m201\u001b[39m\nReceived: \u001b[31m401\u001b[39m","name":"toBe","pass":false}}],"failureMessages":["Error: \u001b[2mexpect(\u001b[22m\u001b[31mreceived\u001b[39m\u001b[2m).\u001b[22mtoBe\u001b[2m(\u001b[22m\u001b[32mexpected\u001b[39m\u001b[2m) // Object.is equality\u001b[22m\n\nExpected: \u001b[32m201\u001b[39m\nReceived: \u001b[31m401\u001b[39m\n    at Object.toBe (C:\\Users\\Pc\\Downloads\\peek-school-system-backend-main\\peek-school-system-backend-main\\src\\__tests__\\bus_scenario.test.js:103:37)\n    at processTicksAndRejections (node:internal/process/task_queues:103:5)"],"fullName":"Bus Logistics Integration Test Full Morning Run Simulation","invocations":1,"location":null,"numPassingAsserts":0,"retryReasons":[],"startAt":1773370011108,"status":"failed","title":"Full Morning Run Simulation"},{"ancestorTitles":["Bus Logistics Integration Test"],"duration":12,"failing":false,"failureDetails":[{"matcherResult":{"actual":401,"expected":403,"message":"\u001b[2mexpect(\u001b[22m\u001b[31mreceived\u001b[39m\u001b[2m).\u001b[22mtoBe\u001b[2m(\u001b[22m\u001b[32mexpected\u001b[39m\u001b[2m) // Object.is equality\u001b[22m\n\nExpected: \u001b[32m403\u001b[39m\nReceived: \u001b[31m401\u001b[39m","name":"toBe","pass":false}}],"failureMessages":["Error: \u001b[2mexpect(\u001b[22m\u001b[31mreceived\u001b[39m\u001b[2m).\u001b[22mtoBe\u001b[2m(\u001b[22m\u001b[32mexpected\u001b[39m\u001b[2m) // Object.is equality\u001b[22m\n\nExpected: \u001b[32m403\u001b[39m\nReceived: \u001b[31m401\u001b[39m\n    at Object.toBe (C:\\Users\\Pc\\Downloads\\peek-school-system-backend-main\\peek-school-system-backend-main\\src\\__tests__\\bus_scenario.test.js:171:46)\n    at processTicksAndRejections (node:internal/process/task_queues:103:5)"],"fullName":"Bus Logistics Integration Test Security Checks: Unauthorized Access","invocations":1,"location":null,"numPassingAsserts":0,"retryReasons":[],"startAt":1773370011257,"status":"failed","title":"Security Checks: Unauthorized Access"}],"endTime":1773370011441,"message":"\u001b[1m\u001b[31m  \u001b[1m● \u001b[22m\u001b[1mBus Logistics Integration Test › Full Morning Run Simulation\u001b[39m\u001b[22m\n\n    \u001b[2mexpect(\u001b[22m\u001b[31mreceived\u001b[39m\u001b[2m).\u001b[22mtoBe\u001b[2m(\u001b[22m\u001b[32mexpected\u001b[39m\u001b[2m) // Object.is equality\u001b[22m\n\n    Expected: \u001b[32m201\u001b[39m\n    Received: \u001b[31m401\u001b[39m\n\u001b[2m\u001b[22m\n\u001b[2m    \u001b[0m \u001b[90m 101 |\u001b[39m             })\u001b[33m;\u001b[39m\u001b[22m\n\u001b[2m     \u001b[90m 102 |\u001b[39m\u001b[22m\n\u001b[2m    \u001b[31m\u001b[1m>\u001b[22m\u001b[2m\u001b[39m\u001b[90m 103 |\u001b[39m         expect(startRes\u001b[33m.\u001b[39mstatusCode)\u001b[33m.\u001b[39mtoBe(\u001b[35m201\u001b[39m)\u001b[33m;\u001b[39m\u001b[22m\n\u001b[2m     \u001b[90m     |\u001b[39m                                     \u001b[31m\u001b[1m^\u001b[22m\u001b[2m\u001b[39m\u001b[22m\n\u001b[2m     \u001b[90m 104 |\u001b[39m         expect(startRes\u001b[33m.\u001b[39mbody)\u001b[33m.\u001b[39mtoHaveProperty(\u001b[32m'id'\u001b[39m)\u001b[33m;\u001b[39m\u001b[22m\n\u001b[2m     \u001b[90m 105 |\u001b[39m         expect(startRes\u001b[33m.\u001b[39mbody\u001b[33m.\u001b[39mstatus)\u001b[33m.\u001b[39mtoBe(\u001b[32m'active'\u001b[39m)\u001b[33m;\u001b[39m\u001b[22m\n\u001b[2m     \u001b[90m 106 |\u001b[39m         tripId \u001b[33m=\u001b[39m startRes\u001b[33m.\u001b[39mbody\u001b[33m.\u001b[39mid\u001b[33m;\u001b[39m\u001b[0m\u001b[22m\n\u001b[2m\u001b[22m\n\u001b[2m      \u001b[2mat Object.toBe (\u001b[22m\u001b[2m\u001b[0m\u001b[36msrc/__tests__/bus_scenario.test.js\u001b[39m\u001b[0m\u001b[2m:103:37)\u001b[22m\u001b[2m\u001b[22m\n\n\u001b[1m\u001b[31m  \u001b[1m● \u001b[22m\u001b[1mBus Logistics Integration Test › Security Checks: Unauthorized Access\u001b[39m\u001b[22m\n\n    \u001b[2mexpect(\u001b[22m\u001b[31mreceived\u001b[39m\u001b[2m).\u001b[22mtoBe\u001b[2m(\u001b[22m\u001b[32mexpected\u001b[39m\u001b[2m) // Object.is equality\u001b[22m\n\n    Expected: \u001b[32m403\u001b[39m\n    Received: \u001b[31m401\u001b[39m\n\u001b[2m\u001b[22m\n\u001b[2m    \u001b[0m \u001b[90m 169 |\u001b[39m             })\u001b[33m;\u001b[39m\u001b[22m\n\u001b[2m     \u001b[90m 170 |\u001b[39m\u001b[22m\n\u001b[2m    \u001b[31m\u001b[1m>\u001b[22m\u001b[2m\u001b[39m\u001b[90m 171 |\u001b[39m         expect(unauthorizedStart\u001b[33m.\u001b[39mstatusCode)\u001b[33m.\u001b[39mtoBe(\u001b[35m403\u001b[39m)\u001b[33m;\u001b[39m\u001b[22m\n\u001b[2m     \u001b[90m     |\u001b[39m                                              \u001b[31m\u001b[1m^\u001b[22m\u001b[2m\u001b[39m\u001b[22m\n\u001b[2m     \u001b[90m 172 |\u001b[39m\u001b[22m\n\u001b[2m     \u001b[90m 173 |\u001b[39m         \u001b[90m// 2. Stranger tries to view student status\u001b[39m\u001b[22m\n\u001b[2m     \u001b[90m 174 |\u001b[39m         \u001b[90m// Create a stranger parent\u001b[39m\u001b[0m\u001b[22m\n\u001b[2m\u001b[22m\n\u001b[2m      \u001b[2mat Object.toBe (\u001b[22m\u001b[2m\u001b[0m\u001b[36msrc/__tests__/bus_scenario.test.js\u001b[39m\u001b[0m\u001b[2m:171:46)\u001b[22m\u001b[2m\u001b[22m\n","name":"C:\\Users\\Pc\\Downloads\\peek-school-system-backend-main\\peek-school-system-backend-main\\src\\__tests__\\bus_scenario.test.js","startTime":1773370008587,"status":"failed","summary":""},{"assertionResults":[{"ancestorTitles":["Finance & POS Modules"],"duration":7,"failing":false,"failureDetails":[{}],"failureMessages":["TypeError: Cannot read properties of null (reading 'id')\n    at Object.id (C:\\Users\\Pc\\Downloads\\peek-school-system-backend-main\\peek-school-system-backend-main\\__tests__\\finance.test.js:18:29)"],"fullName":"Finance & POS Modules should allow a parent to top up their child wallet","invocations":1,"location":null,"numPassingAsserts":0,"retryReasons":[],"startAt":1773370011464,"status":"failed","title":"should allow a parent to top up their child wallet"},{"ancestorTitles":["Finance & POS Modules"],"duration":1,"failing":false,"failureDetails":[{}],"failureMessages":["TypeError: Cannot read properties of null (reading 'id')\n    at Object.id (C:\\Users\\Pc\\Downloads\\peek-school-system-backend-main\\peek-school-system-backend-main\\__tests__\\finance.test.js:18:29)"],"fullName":"Finance & POS Modules should allow an admin to create a POS order for a student","invocations":1,"location":null,"numPassingAsserts":0,"retryReasons":[],"startAt":1773370011472,"status":"failed","title":"should allow an admin to create a POS order for a student"}],"endTime":1773370011550,"message":"\u001b[1m\u001b[31m  \u001b[1m● \u001b[22m\u001b[1mFinance & POS Modules › should allow a parent to top up their child wallet\u001b[39m\u001b[22m\n\n    TypeError: Cannot read properties of null (reading 'id')\n\u001b[2m\u001b[22m\n\u001b[2m    \u001b[0m \u001b[90m 16 |\u001b[39m         adminToken \u001b[33m=\u001b[39m \u001b[36mawait\u001b[39m getAuthToken(\u001b[32m'principal@almustaqbal.com'\u001b[39m\u001b[33m,\u001b[39m \u001b[32m'principalpassword'\u001b[39m)\u001b[33m;\u001b[39m\u001b[22m\n\u001b[2m     \u001b[90m 17 |\u001b[39m         \u001b[36mconst\u001b[39m student \u001b[33m=\u001b[39m \u001b[36mawait\u001b[39m prisma\u001b[33m.\u001b[39mstudent\u001b[33m.\u001b[39mfindFirst({ where\u001b[33m:\u001b[39m { fullName\u001b[33m:\u001b[39m \u001b[32m\"Omar Haddad\"\u001b[39m } })\u001b[33m;\u001b[39m\u001b[22m\n\u001b[2m    \u001b[31m\u001b[1m>\u001b[22m\u001b[2m\u001b[39m\u001b[90m 18 |\u001b[39m         studentId \u001b[33m=\u001b[39m student\u001b[33m.\u001b[39mid\u001b[33m;\u001b[39m\u001b[22m\n\u001b[2m     \u001b[90m    |\u001b[39m                             \u001b[31m\u001b[1m^\u001b[22m\u001b[2m\u001b[39m\u001b[22m\n\u001b[2m     \u001b[90m 19 |\u001b[39m         \u001b[36mconst\u001b[39m sandwich \u001b[33m=\u001b[39m \u001b[36mawait\u001b[39m prisma\u001b[33m.\u001b[39mcanteenItem\u001b[33m.\u001b[39mfindFirst({ where\u001b[33m:\u001b[39m { name\u001b[33m:\u001b[39m \u001b[32m\"Chicken Sandwich\"\u001b[39m } })\u001b[33m;\u001b[39m\u001b[22m\n\u001b[2m     \u001b[90m 20 |\u001b[39m         sandwichId \u001b[33m=\u001b[39m sandwich\u001b[33m.\u001b[39mid\u001b[33m;\u001b[39m\u001b[22m\n\u001b[2m     \u001b[90m 21 |\u001b[39m     })\u001b[33m;\u001b[39m\u001b[0m\u001b[22m\n\u001b[2m\u001b[22m\n\u001b[2m      \u001b[2mat Object.id (\u001b[22m\u001b[2m\u001b[0m\u001b[36m__tests__/finance.test.js\u001b[39m\u001b[0m\u001b[2m:18:29)\u001b[22m\u001b[2m\u001b[22m\n\n\u001b[1m\u001b[31m  \u001b[1m● \u001b[22m\u001b[1mFinance & POS Modules › should allow an admin to create a POS order for a student\u001b[39m\u001b[22m\n\n    TypeError: Cannot read properties of null (reading 'id')\n\u001b[2m\u001b[22m\n\u001b[2m    \u001b[0m \u001b[90m 16 |\u001b[39m         adminToken \u001b[33m=\u001b[39m \u001b[36mawait\u001b[39m getAuthToken(\u001b[32m'principal@almustaqbal.com'\u001b[39m\u001b[33m,\u001b[39m \u001b[32m'principalpassword'\u001b[39m)\u001b[33m;\u001b[39m\u001b[22m\n\u001b[2m     \u001b[90m 17 |\u001b[39m         \u001b[36mconst\u001b[39m student \u001b[33m=\u001b[39m \u001b[36mawait\u001b[39m prisma\u001b[33m.\u001b[39mstudent\u001b[33m.\u001b[39mfindFirst({ where\u001b[33m:\u001b[39m { fullName\u001b[33m:\u001b[39m \u001b[32m\"Omar Haddad\"\u001b[39m } })\u001b[33m;\u001b[39m\u001b[22m\n\u001b[2m    \u001b[31m\u001b[1m>\u001b[22m\u001b[2m\u001b[39m\u001b[90m 18 |\u001b[39m         studentId \u001b[33m=\u001b[39m student\u001b[33m.\u001b[39mid\u001b[33m;\u001b[39m\u001b[22m\n\u001b[2m     \u001b[90m    |\u001b[39m                             \u001b[31m\u001b[1m^\u001b[22m\u001b[2m\u001b[39m\u001b[22m\n\u001b[2m     \u001b[90m 19 |\u001b[39m         \u001b[36mconst\u001b[39m sandwich \u001b[33m=\u001b[39m \u001b[36mawait\u001b[39m prisma\u001b[33m.\u001b[39mcanteenItem\u001b[33m.\u001b[39mfindFirst({ where\u001b[33m:\u001b[39m { name\u001b[33m:\u001b[39m \u001b[32m\"Chicken Sandwich\"\u001b[39m } })\u001b[33m;\u001b[39m\u001b[22m\n\u001b[2m     \u001b[90m 20 |\u001b[39m         sandwichId \u001b[33m=\u001b[39m sandwich\u001b[33m.\u001b[39mid\u001b[33m;\u001b[39m\u001b[22m\n\u001b[2m     \u001b[90m 21 |\u001b[39m     })\u001b[33m;\u001b[39m\u001b[0m\u001b[22m\n\u001b[2m\u001b[22m\n\u001b[2m      \u001b[2mat Object.id (\u001b[22m\u001b[2m\u001b[0m\u001b[36m__tests__/finance.test.js\u001b[39m\u001b[0m\u001b[2m:18:29)\u001b[22m\u001b[2m\u001b[22m\n","name":"C:\\Users\\Pc\\Downloads\\peek-school-system-backend-main\\peek-school-system-backend-main\\__tests__\\finance.test.js","startTime":1773370008558,"status":"failed","summary":""},{"assertionResults":[{"ancestorTitles":[],"duration":3,"failing":false,"failureDetails":[{"name":"PrismaClientKnownRequestError","code":"P2022","clientVersion":"5.19.1","meta":{"modelName":"Homework","column":"Homework.maxPoints"}}],"failureMessages":["PrismaClientKnownRequestError: \nInvalid `prisma.homework.create()` invocation in\nC:\\Users\\Pc\\Downloads\\peek-school-system-backend-main\\peek-school-system-backend-main\\__tests__\\teacher-scope.test.js:91:38\n\n  88 });\n  89 \n  90 // Create homework in the assignedClass\n→ 91 const hw = await prisma.homework.create(\nThe column `Homework.maxPoints` does not exist in the current database.\n    at Ln.handleRequestError (C:\\Users\\Pc\\Downloads\\peek-school-system-backend-main\\peek-school-system-backend-main\\node_modules\\@prisma\\client\\runtime\\library.js:121:7753)\n    at Ln.handleAndLogRequestError (C:\\Users\\Pc\\Downloads\\peek-school-system-backend-main\\peek-school-system-backend-main\\node_modules\\@prisma\\client\\runtime\\library.js:121:7061)\n    at Ln.request (C:\\Users\\Pc\\Downloads\\peek-school-system-backend-main\\peek-school-system-backend-main\\node_modules\\@prisma\\client\\runtime\\library.js:121:6745)\n    at l (C:\\Users\\Pc\\Downloads\\peek-school-system-backend-main\\peek-school-system-backend-main\\node_modules\\@prisma\\client\\runtime\\library.js:130:9633)\n    at Object.<anonymous> (C:\\Users\\Pc\\Downloads\\peek-school-system-backend-main\\peek-school-system-backend-main\\__tests__\\teacher-scope.test.js:91:16)"],"fullName":"teacher can GET /api/teacher/classes and see assigned classes","invocations":1,"location":null,"numPassingAsserts":0,"retryReasons":[],"startAt":1773370011620,"status":"failed","title":"teacher can GET /api/teacher/classes and see assigned classes"},{"ancestorTitles":[],"duration":0,"failing":false,"failureDetails":[{"name":"PrismaClientKnownRequestError","code":"P2022","clientVersion":"5.19.1","meta":{"modelName":"Homework","column":"Homework.maxPoints"}}],"failureMessages":["PrismaClientKnownRequestError: \nInvalid `prisma.homework.create()` invocation in\nC:\\Users\\Pc\\Downloads\\peek-school-system-backend-main\\peek-school-system-backend-main\\__tests__\\teacher-scope.test.js:91:38\n\n  88 });\n  89 \n  90 // Create homework in the assignedClass\n→ 91 const hw = await prisma.homework.create(\nThe column `Homework.maxPoints` does not exist in the current database.\n    at Ln.handleRequestError (C:\\Users\\Pc\\Downloads\\peek-school-system-backend-main\\peek-school-system-backend-main\\node_modules\\@prisma\\client\\runtime\\library.js:121:7753)\n    at Ln.handleAndLogRequestError (C:\\Users\\Pc\\Downloads\\peek-school-system-backend-main\\peek-school-system-backend-main\\node_modules\\@prisma\\client\\runtime\\library.js:121:7061)\n    at Ln.request (C:\\Users\\Pc\\Downloads\\peek-school-system-backend-main\\peek-school-system-backend-main\\node_modules\\@prisma\\client\\runtime\\library.js:121:6745)\n    at l (C:\\Users\\Pc\\Downloads\\peek-school-system-backend-main\\peek-school-system-backend-main\\node_modules\\@prisma\\client\\runtime\\library.js:130:9633)\n    at Object.<anonymous> (C:\\Users\\Pc\\Downloads\\peek-school-system-backend-main\\peek-school-system-backend-main\\__tests__\\teacher-scope.test.js:91:16)"],"fullName":"teacher can GET students for their assigned class","invocations":1,"location":null,"numPassingAsserts":0,"retryReasons":[],"startAt":1773370011624,"status":"failed","title":"teacher can GET students for their assigned class"},{"ancestorTitles":[],"duration":0,"failing":false,"failureDetails":[{"name":"PrismaClientKnownRequestError","code":"P2022","clientVersion":"5.19.1","meta":{"modelName":"Homework","column":"Homework.maxPoints"}}],"failureMessages":["PrismaClientKnownRequestError: \nInvalid `prisma.homework.create()` invocation in\nC:\\Users\\Pc\\Downloads\\peek-school-system-backend-main\\peek-school-system-backend-main\\__tests__\\teacher-scope.test.js:91:38\n\n  88 });\n  89 \n  90 // Create homework in the assignedClass\n→ 91 const hw = await prisma.homework.create(\nThe column `Homework.maxPoints` does not exist in the current database.\n    at Ln.handleRequestError (C:\\Users\\Pc\\Downloads\\peek-school-system-backend-main\\peek-school-system-backend-main\\node_modules\\@prisma\\client\\runtime\\library.js:121:7753)\n    at Ln.handleAndLogRequestError (C:\\Users\\Pc\\Downloads\\peek-school-system-backend-main\\peek-school-system-backend-main\\node_modules\\@prisma\\client\\runtime\\library.js:121:7061)\n    at Ln.request (C:\\Users\\Pc\\Downloads\\peek-school-system-backend-main\\peek-school-system-backend-main\\node_modules\\@prisma\\client\\runtime\\library.js:121:6745)\n    at l (C:\\Users\\Pc\\Downloads\\peek-school-system-backend-main\\peek-school-system-backend-main\\node_modules\\@prisma\\client\\runtime\\library.js:130:9633)\n    at Object.<anonymous> (C:\\Users\\Pc\\Downloads\\peek-school-system-backend-main\\peek-school-system-backend-main\\__tests__\\teacher-scope.test.js:91:16)"],"fullName":"teacher gets 403 TEACHER_NOT_ASSIGNED when accessing unassigned class students","invocations":1,"location":null,"numPassingAsserts":0,"retryReasons":[],"startAt":1773370011624,"status":"failed","title":"teacher gets 403 TEACHER_NOT_ASSIGNED when accessing unassigned class students"},{"ancestorTitles":[],"duration":0,"failing":false,"failureDetails":[{"name":"PrismaClientKnownRequestError","code":"P2022","clientVersion":"5.19.1","meta":{"modelName":"Homework","column":"Homework.maxPoints"}}],"failureMessages":["PrismaClientKnownRequestError: \nInvalid `prisma.homework.create()` invocation in\nC:\\Users\\Pc\\Downloads\\peek-school-system-backend-main\\peek-school-system-backend-main\\__tests__\\teacher-scope.test.js:91:38\n\n  88 });\n  89 \n  90 // Create homework in the assignedClass\n→ 91 const hw = await prisma.homework.create(\nThe column `Homework.maxPoints` does not exist in the current database.\n    at Ln.handleRequestError (C:\\Users\\Pc\\Downloads\\peek-school-system-backend-main\\peek-school-system-backend-main\\node_modules\\@prisma\\client\\runtime\\library.js:121:7753)\n    at Ln.handleAndLogRequestError (C:\\Users\\Pc\\Downloads\\peek-school-system-backend-main\\peek-school-system-backend-main\\node_modules\\@prisma\\client\\runtime\\library.js:121:7061)\n    at Ln.request (C:\\Users\\Pc\\Downloads\\peek-school-system-backend-main\\peek-school-system-backend-main\\node_modules\\@prisma\\client\\runtime\\library.js:121:6745)\n    at l (C:\\Users\\Pc\\Downloads\\peek-school-system-backend-main\\peek-school-system-backend-main\\node_modules\\@prisma\\client\\runtime\\library.js:130:9633)\n    at Object.<anonymous> (C:\\Users\\Pc\\Downloads\\peek-school-system-backend-main\\peek-school-system-backend-main\\__tests__\\teacher-scope.test.js:91:16)"],"fullName":"teacher gets 403 TEACHER_NOT_ASSIGNED when submitting attendance for unassigned class","invocations":1,"location":null,"numPassingAsserts":0,"retryReasons":[],"startAt":1773370011624,"status":"failed","title":"teacher gets 403 TEACHER_NOT_ASSIGNED when submitting attendance for unassigned class"},{"ancestorTitles":[],"duration":0,"failing":false,"failureDetails":[{"name":"PrismaClientKnownRequestError","code":"P2022","clientVersion":"5.19.1","meta":{"modelName":"Homework","column":"Homework.maxPoints"}}],"failureMessages":["PrismaClientKnownRequestError: \nInvalid `prisma.homework.create()` invocation in\nC:\\Users\\Pc\\Downloads\\peek-school-system-backend-main\\peek-school-system-backend-main\\__tests__\\teacher-scope.test.js:91:38\n\n  88 });\n  89 \n  90 // Create homework in the assignedClass\n→ 91 const hw = await prisma.homework.create(\nThe column `Homework.maxPoints` does not exist in the current database.\n    at Ln.handleRequestError (C:\\Users\\Pc\\Downloads\\peek-school-system-backend-main\\peek-school-system-backend-main\\node_modules\\@prisma\\client\\runtime\\library.js:121:7753)\n    at Ln.handleAndLogRequestError (C:\\Users\\Pc\\Downloads\\peek-school-system-backend-main\\peek-school-system-backend-main\\node_modules\\@prisma\\client\\runtime\\library.js:121:7061)\n    at Ln.request (C:\\Users\\Pc\\Downloads\\peek-school-system-backend-main\\peek-school-system-backend-main\\node_modules\\@prisma\\client\\runtime\\library.js:121:6745)\n    at l (C:\\Users\\Pc\\Downloads\\peek-school-system-backend-main\\peek-school-system-backend-main\\node_modules\\@prisma\\client\\runtime\\library.js:130:9633)\n    at Object.<anonymous> (C:\\Users\\Pc\\Downloads\\peek-school-system-backend-main\\peek-school-system-backend-main\\__tests__\\teacher-scope.test.js:91:16)"],"fullName":"teacher gets 403 TEACHER_NOT_ASSIGNED when submitting marks for unassigned exam schedule","invocations":1,"location":null,"numPassingAsserts":0,"retryReasons":[],"startAt":1773370011624,"status":"failed","title":"teacher gets 403 TEACHER_NOT_ASSIGNED when submitting marks for unassigned exam schedule"},{"ancestorTitles":[],"duration":0,"failing":false,"failureDetails":[{"name":"PrismaClientKnownRequestError","code":"P2022","clientVersion":"5.19.1","meta":{"modelName":"Homework","column":"Homework.maxPoints"}}],"failureMessages":["PrismaClientKnownRequestError: \nInvalid `prisma.homework.create()` invocation in\nC:\\Users\\Pc\\Downloads\\peek-school-system-backend-main\\peek-school-system-backend-main\\__tests__\\teacher-scope.test.js:91:38\n\n  88 });\n  89 \n  90 // Create homework in the assignedClass\n→ 91 const hw = await prisma.homework.create(\nThe column `Homework.maxPoints` does not exist in the current database.\n    at Ln.handleRequestError (C:\\Users\\Pc\\Downloads\\peek-school-system-backend-main\\peek-school-system-backend-main\\node_modules\\@prisma\\client\\runtime\\library.js:121:7753)\n    at Ln.handleAndLogRequestError (C:\\Users\\Pc\\Downloads\\peek-school-system-backend-main\\peek-school-system-backend-main\\node_modules\\@prisma\\client\\runtime\\library.js:121:7061)\n    at Ln.request (C:\\Users\\Pc\\Downloads\\peek-school-system-backend-main\\peek-school-system-backend-main\\node_modules\\@prisma\\client\\runtime\\library.js:121:6745)\n    at l (C:\\Users\\Pc\\Downloads\\peek-school-system-backend-main\\peek-school-system-backend-main\\node_modules\\@prisma\\client\\runtime\\library.js:130:9633)\n    at Object.<anonymous> (C:\\Users\\Pc\\Downloads\\peek-school-system-backend-main\\peek-school-system-backend-main\\__tests__\\teacher-scope.test.js:91:16)"],"fullName":"teacher gets 403 TEACHER_NOT_ASSIGNED when grading homework for unassigned class","invocations":1,"location":null,"numPassingAsserts":0,"retryReasons":[],"startAt":1773370011624,"status":"failed","title":"teacher gets 403 TEACHER_NOT_ASSIGNED when grading homework for unassigned class"}],"endTime":1773370011688,"message":"\u001b[1m\u001b[31m  \u001b[1m● \u001b[22m\u001b[1mteacher can GET /api/teacher/classes and see assigned classes\u001b[39m\u001b[22m\n\n    PrismaClientKnownRequestError: \n    Invalid `prisma.homework.create()` invocation in\n    C:\\Users\\Pc\\Downloads\\peek-school-system-backend-main\\peek-school-system-backend-main\\__tests__\\teacher-scope.test.js:91:38\n\n      88 });\n      89 \n      90 // Create homework in the assignedClass\n    → 91 const hw = await prisma.homework.create(\n    The column `Homework.maxPoints` does not exist in the current database.\n\u001b[2m\u001b[22m\n\u001b[2m    \u001b[0m \u001b[90m 89 |\u001b[39m\u001b[22m\n\u001b[2m     \u001b[90m 90 |\u001b[39m     \u001b[90m// Create homework in the assignedClass\u001b[39m\u001b[22m\n\u001b[2m    \u001b[31m\u001b[1m>\u001b[22m\u001b[2m\u001b[39m\u001b[90m 91 |\u001b[39m     \u001b[36mconst\u001b[39m hw \u001b[33m=\u001b[39m \u001b[36mawait\u001b[39m prisma\u001b[33m.\u001b[39mhomework\u001b[33m.\u001b[39mcreate({\u001b[22m\n\u001b[2m     \u001b[90m    |\u001b[39m                \u001b[31m\u001b[1m^\u001b[22m\u001b[2m\u001b[39m\u001b[22m\n\u001b[2m     \u001b[90m 92 |\u001b[39m         data\u001b[33m:\u001b[39m { title\u001b[33m:\u001b[39m \u001b[32m`HW-${ts}`\u001b[39m\u001b[33m,\u001b[39m classId\u001b[33m:\u001b[39m assignedClass\u001b[33m.\u001b[39mid\u001b[33m,\u001b[39m subjectId\u001b[33m:\u001b[39m subject\u001b[33m.\u001b[39mid\u001b[33m,\u001b[39m dueDate\u001b[33m:\u001b[39m \u001b[36mnew\u001b[39m \u001b[33mDate\u001b[39m() }\u001b[22m\n\u001b[2m     \u001b[90m 93 |\u001b[39m     })\u001b[33m;\u001b[39m\u001b[22m\n\u001b[2m     \u001b[90m 94 |\u001b[39m     homeworkId \u001b[33m=\u001b[39m hw\u001b[33m.\u001b[39mid\u001b[33m;\u001b[39m\u001b[0m\u001b[22m\n\u001b[2m\u001b[22m\n\u001b[2m      \u001b[2mat Ln.handleRequestError (\u001b[22m\u001b[2mnode_modules/@prisma/client/runtime/library.js\u001b[2m:121:7753)\u001b[22m\u001b[2m\u001b[22m\n\u001b[2m      \u001b[2mat Ln.handleAndLogRequestError (\u001b[22m\u001b[2mnode_modules/@prisma/client/runtime/library.js\u001b[2m:121:7061)\u001b[22m\u001b[2m\u001b[22m\n\u001b[2m      \u001b[2mat Ln.request (\u001b[22m\u001b[2mnode_modules/@prisma/client/runtime/library.js\u001b[2m:121:6745)\u001b[22m\u001b[2m\u001b[22m\n\u001b[2m      \u001b[2mat l (\u001b[22m\u001b[2mnode_modules/@prisma/client/runtime/library.js\u001b[2m:130:9633)\u001b[22m\u001b[2m\u001b[22m\n\u001b[2m      \u001b[2mat Object.<anonymous> (\u001b[22m\u001b[2m\u001b[0m\u001b[36m__tests__/teacher-scope.test.js\u001b[39m\u001b[0m\u001b[2m:91:16)\u001b[22m\u001b[2m\u001b[22m\n\n\u001b[1m\u001b[31m  \u001b[1m● \u001b[22m\u001b[1mteacher can GET students for their assigned class\u001b[39m\u001b[22m\n\n    PrismaClientKnownRequestError: \n    Invalid `prisma.homework.create()` invocation in\n    C:\\Users\\Pc\\Downloads\\peek-school-system-backend-main\\peek-school-system-backend-main\\__tests__\\teacher-scope.test.js:91:38\n\n      88 });\n      89 \n      90 // Create homework in the assignedClass\n    → 91 const hw = await prisma.homework.create(\n    The column `Homework.maxPoints` does not exist in the current database.\n\u001b[2m\u001b[22m\n\u001b[2m    \u001b[0m \u001b[90m 89 |\u001b[39m\u001b[22m\n\u001b[2m     \u001b[90m 90 |\u001b[39m     \u001b[90m// Create homework in the assignedClass\u001b[39m\u001b[22m\n\u001b[2m    \u001b[31m\u001b[1m>\u001b[22m\u001b[2m\u001b[39m\u001b[90m 91 |\u001b[39m     \u001b[36mconst\u001b[39m hw \u001b[33m=\u001b[39m \u001b[36mawait\u001b[39m prisma\u001b[33m.\u001b[39mhomework\u001b[33m.\u001b[39mcreate({\u001b[22m\n\u001b[2m     \u001b[90m    |\u001b[39m                \u001b[31m\u001b[1m^\u001b[22m\u001b[2m\u001b[39m\u001b[22m\n\u001b[2m     \u001b[90m 92 |\u001b[39m         data\u001b[33m:\u001b[39m { title\u001b[33m:\u001b[39m \u001b[32m`HW-${ts}`\u001b[39m\u001b[33m,\u001b[39m classId\u001b[33m:\u001b[39m assignedClass\u001b[33m.\u001b[39mid\u001b[33m,\u001b[39m subjectId\u001b[33m:\u001b[39m subject\u001b[33m.\u001b[39mid\u001b[33m,\u001b[39m dueDate\u001b[33m:\u001b[39m \u001b[36mnew\u001b[39m \u001b[33mDate\u001b[39m() }\u001b[22m\n\u001b[2m     \u001b[90m 93 |\u001b[39m     })\u001b[33m;\u001b[39m\u001b[22m\n\u001b[2m     \u001b[90m 94 |\u001b[39m     homeworkId \u001b[33m=\u001b[39m hw\u001b[33m.\u001b[39mid\u001b[33m;\u001b[39m\u001b[0m\u001b[22m\n\u001b[2m\u001b[22m\n\u001b[2m      \u001b[2mat Ln.handleRequestError (\u001b[22m\u001b[2mnode_modules/@prisma/client/runtime/library.js\u001b[2m:121:7753)\u001b[22m\u001b[2m\u001b[22m\n\u001b[2m      \u001b[2mat Ln.handleAndLogRequestError (\u001b[22m\u001b[2mnode_modules/@prisma/client/runtime/library.js\u001b[2m:121:7061)\u001b[22m\u001b[2m\u001b[22m\n\u001b[2m      \u001b[2mat Ln.request (\u001b[22m\u001b[2mnode_modules/@prisma/client/runtime/library.js\u001b[2m:121:6745)\u001b[22m\u001b[2m\u001b[22m\n\u001b[2m      \u001b[2mat l (\u001b[22m\u001b[2mnode_modules/@prisma/client/runtime/library.js\u001b[2m:130:9633)\u001b[22m\u001b[2m\u001b[22m\n\u001b[2m      \u001b[2mat Object.<anonymous> (\u001b[22m\u001b[2m\u001b[0m\u001b[36m__tests__/teacher-scope.test.js\u001b[39m\u001b[0m\u001b[2m:91:16)\u001b[22m\u001b[2m\u001b[22m\n\n\u001b[1m\u001b[31m  \u001b[1m● \u001b[22m\u001b[1mteacher gets 403 TEACHER_NOT_ASSIGNED when accessing unassigned class students\u001b[39m\u001b[22m\n\n    PrismaClientKnownRequestError: \n    Invalid `prisma.homework.create()` invocation in\n    C:\\Users\\Pc\\Downloads\\peek-school-system-backend-main\\peek-school-system-backend-main\\__tests__\\teacher-scope.test.js:91:38\n\n      88 });\n      89 \n      90 // Create homework in the assignedClass\n    → 91 const hw = await prisma.homework.create(\n    The column `Homework.maxPoints` does not exist in the current database.\n\u001b[2m\u001b[22m\n\u001b[2m    \u001b[0m \u001b[90m 89 |\u001b[39m\u001b[22m\n\u001b[2m     \u001b[90m 90 |\u001b[39m     \u001b[90m// Create homework in the assignedClass\u001b[39m\u001b[22m\n\u001b[2m    \u001b[31m\u001b[1m>\u001b[22m\u001b[2m\u001b[39m\u001b[90m 91 |\u001b[39m     \u001b[36mconst\u001b[39m hw \u001b[33m=\u001b[39m \u001b[36mawait\u001b[39m prisma\u001b[33m.\u001b[39mhomework\u001b[33m.\u001b[39mcreate({\u001b[22m\n\u001b[2m     \u001b[90m    |\u001b[39m                \u001b[31m\u001b[1m^\u001b[22m\u001b[2m\u001b[39m\u001b[22m\n\u001b[2m     \u001b[90m 92 |\u001b[39m         data\u001b[33m:\u001b[39m { title\u001b[33m:\u001b[39m \u001b[32m`HW-${ts}`\u001b[39m\u001b[33m,\u001b[39m classId\u001b[33m:\u001b[39m assignedClass\u001b[33m.\u001b[39mid\u001b[33m,\u001b[39m subjectId\u001b[33m:\u001b[39m subject\u001b[33m.\u001b[39mid\u001b[33m,\u001b[39m dueDate\u001b[33m:\u001b[39m \u001b[36mnew\u001b[39m \u001b[33mDate\u001b[39m() }\u001b[22m\n\u001b[2m     \u001b[90m 93 |\u001b[39m     })\u001b[33m;\u001b[39m\u001b[22m\n\u001b[2m     \u001b[90m 94 |\u001b[39m     homeworkId \u001b[33m=\u001b[39m hw\u001b[33m.\u001b[39mid\u001b[33m;\u001b[39m\u001b[0m\u001b[22m\n\u001b[2m\u001b[22m\n\u001b[2m      \u001b[2mat Ln.handleRequestError (\u001b[22m\u001b[2mnode_modules/@prisma/client/runtime/library.js\u001b[2m:121:7753)\u001b[22m\u001b[2m\u001b[22m\n\u001b[2m      \u001b[2mat Ln.handleAndLogRequestError (\u001b[22m\u001b[2mnode_modules/@prisma/client/runtime/library.js\u001b[2m:121:7061)\u001b[22m\u001b[2m\u001b[22m\n\u001b[2m      \u001b[2mat Ln.request (\u001b[22m\u001b[2mnode_modules/@prisma/client/runtime/library.js\u001b[2m:121:6745)\u001b[22m\u001b[2m\u001b[22m\n\u001b[2m      \u001b[2mat l (\u001b[22m\u001b[2mnode_modules/@prisma/client/runtime/library.js\u001b[2m:130:9633)\u001b[22m\u001b[2m\u001b[22m\n\u001b[2m      \u001b[2mat Object.<anonymous> (\u001b[22m\u001b[2m\u001b[0m\u001b[36m__tests__/teacher-scope.test.js\u001b[39m\u001b[0m\u001b[2m:91:16)\u001b[22m\u001b[2m\u001b[22m\n\n\u001b[1m\u001b[31m  \u001b[1m● \u001b[22m\u001b[1mteacher gets 403 TEACHER_NOT_ASSIGNED when submitting attendance for unassigned class\u001b[39m\u001b[22m\n\n    PrismaClientKnownRequestError: \n    Invalid `prisma.homework.create()` invocation in\n    C:\\Users\\Pc\\Downloads\\peek-school-system-backend-main\\peek-school-system-backend-main\\__tests__\\teacher-scope.test.js:91:38\n\n      88 });\n      89 \n      90 // Create homework in the assignedClass\n    → 91 const hw = await prisma.homework.create(\n    The column `Homework.maxPoints` does not exist in the current database.\n\u001b[2m\u001b[22m\n\u001b[2m    \u001b[0m \u001b[90m 89 |\u001b[39m\u001b[22m\n\u001b[2m     \u001b[90m 90 |\u001b[39m     \u001b[90m// Create homework in the assignedClass\u001b[39m\u001b[22m\n\u001b[2m    \u001b[31m\u001b[1m>\u001b[22m\u001b[2m\u001b[39m\u001b[90m 91 |\u001b[39m     \u001b[36mconst\u001b[39m hw \u001b[33m=\u001b[39m \u001b[36mawait\u001b[39m prisma\u001b[33m.\u001b[39mhomework\u001b[33m.\u001b[39mcreate({\u001b[22m\n\u001b[2m     \u001b[90m    |\u001b[39m                \u001b[31m\u001b[1m^\u001b[22m\u001b[2m\u001b[39m\u001b[22m\n\u001b[2m     \u001b[90m 92 |\u001b[39m         data\u001b[33m:\u001b[39m { title\u001b[33m:\u001b[39m \u001b[32m`HW-${ts}`\u001b[39m\u001b[33m,\u001b[39m classId\u001b[33m:\u001b[39m assignedClass\u001b[33m.\u001b[39mid\u001b[33m,\u001b[39m subjectId\u001b[33m:\u001b[39m subject\u001b[33m.\u001b[39mid\u001b[33m,\u001b[39m dueDate\u001b[33m:\u001b[39m \u001b[36mnew\u001b[39m \u001b[33mDate\u001b[39m() }\u001b[22m\n\u001b[2m     \u001b[90m 93 |\u001b[39m     })\u001b[33m;\u001b[39m\u001b[22m\n\u001b[2m     \u001b[90m 94 |\u001b[39m     homeworkId \u001b[33m=\u001b[39m hw\u001b[33m.\u001b[39mid\u001b[33m;\u001b[39m\u001b[0m\u001b[22m\n\u001b[2m\u001b[22m\n\u001b[2m      \u001b[2mat Ln.handleRequestError (\u001b[22m\u001b[2mnode_modules/@prisma/client/runtime/library.js\u001b[2m:121:7753)\u001b[22m\u001b[2m\u001b[22m\n\u001b[2m      \u001b[2mat Ln.handleAndLogRequestError (\u001b[22m\u001b[2mnode_modules/@prisma/client/runtime/library.js\u001b[2m:121:7061)\u001b[22m\u001b[2m\u001b[22m\n\u001b[2m      \u001b[2mat Ln.request (\u001b[22m\u001b[2mnode_modules/@prisma/client/runtime/library.js\u001b[2m:121:6745)\u001b[22m\u001b[2m\u001b[22m\n\u001b[2m      \u001b[2mat l (\u001b[22m\u001b[2mnode_modules/@prisma/client/runtime/library.js\u001b[2m:130:9633)\u001b[22m\u001b[2m\u001b[22m\n\u001b[2m      \u001b[2mat Object.<anonymous> (\u001b[22m\u001b[2m\u001b[0m\u001b[36m__tests__/teacher-scope.test.js\u001b[39m\u001b[0m\u001b[2m:91:16)\u001b[22m\u001b[2m\u001b[22m\n\n\u001b[1m\u001b[31m  \u001b[1m● \u001b[22m\u001b[1mteacher gets 403 TEACHER_NOT_ASSIGNED when submitting marks for unassigned exam schedule\u001b[39m\u001b[22m\n\n    PrismaClientKnownRequestError: \n    Invalid `prisma.homework.create()` invocation in\n    C:\\Users\\Pc\\Downloads\\peek-school-system-backend-main\\peek-school-system-backend-main\\__tests__\\teacher-scope.test.js:91:38\n\n      88 });\n      89 \n      90 // Create homework in the assignedClass\n    → 91 const hw = await prisma.homework.create(\n    The column `Homework.maxPoints` does not exist in the current database.\n\u001b[2m\u001b[22m\n\u001b[2m    \u001b[0m \u001b[90m 89 |\u001b[39m\u001b[22m\n\u001b[2m     \u001b[90m 90 |\u001b[39m     \u001b[90m// Create homework in the assignedClass\u001b[39m\u001b[22m\n\u001b[2m    \u001b[31m\u001b[1m>\u001b[22m\u001b[2m\u001b[39m\u001b[90m 91 |\u001b[39m     \u001b[36mconst\u001b[39m hw \u001b[33m=\u001b[39m \u001b[36mawait\u001b[39m prisma\u001b[33m.\u001b[39mhomework\u001b[33m.\u001b[39mcreate({\u001b[22m\n\u001b[2m     \u001b[90m    |\u001b[39m                \u001b[31m\u001b[1m^\u001b[22m\u001b[2m\u001b[39m\u001b[22m\n\u001b[2m     \u001b[90m 92 |\u001b[39m         data\u001b[33m:\u001b[39m { title\u001b[33m:\u001b[39m \u001b[32m`HW-${ts}`\u001b[39m\u001b[33m,\u001b[39m classId\u001b[33m:\u001b[39m assignedClass\u001b[33m.\u001b[39mid\u001b[33m,\u001b[39m subjectId\u001b[33m:\u001b[39m subject\u001b[33m.\u001b[39mid\u001b[33m,\u001b[39m dueDate\u001b[33m:\u001b[39m \u001b[36mnew\u001b[39m \u001b[33mDate\u001b[39m() }\u001b[22m\n\u001b[2m     \u001b[90m 93 |\u001b[39m     })\u001b[33m;\u001b[39m\u001b[22m\n\u001b[2m     \u001b[90m 94 |\u001b[39m     homeworkId \u001b[33m=\u001b[39m hw\u001b[33m.\u001b[39mid\u001b[33m;\u001b[39m\u001b[0m\u001b[22m\n\u001b[2m\u001b[22m\n\u001b[2m      \u001b[2mat Ln.handleRequestError (\u001b[22m\u001b[2mnode_modules/@prisma/client/runtime/library.js\u001b[2m:121:7753)\u001b[22m\u001b[2m\u001b[22m\n\u001b[2m      \u001b[2mat Ln.handleAndLogRequestError (\u001b[22m\u001b[2mnode_modules/@prisma/client/runtime/library.js\u001b[2m:121:7061)\u001b[22m\u001b[2m\u001b[22m\n\u001b[2m      \u001b[2mat Ln.request (\u001b[22m\u001b[2mnode_modules/@prisma/client/runtime/library.js\u001b[2m:121:6745)\u001b[22m\u001b[2m\u001b[22m\n\u001b[2m      \u001b[2mat l (\u001b[22m\u001b[2mnode_modules/@prisma/client/runtime/library.js\u001b[2m:130:9633)\u001b[22m\u001b[2m\u001b[22m\n\u001b[2m      \u001b[2mat Object.<anonymous> (\u001b[22m\u001b[2m\u001b[0m\u001b[36m__tests__/teacher-scope.test.js\u001b[39m\u001b[0m\u001b[2m:91:16)\u001b[22m\u001b[2m\u001b[22m\n\n\u001b[1m\u001b[31m  \u001b[1m● \u001b[22m\u001b[1mteacher gets 403 TEACHER_NOT_ASSIGNED when grading homework for unassigned class\u001b[39m\u001b[22m\n\n    PrismaClientKnownRequestError: \n    Invalid `prisma.homework.create()` invocation in\n    C:\\Users\\Pc\\Downloads\\peek-school-system-backend-main\\peek-school-system-backend-main\\__tests__\\teacher-scope.test.js:91:38\n\n      88 });\n      89 \n      90 // Create homework in the assignedClass\n    → 91 const hw = await prisma.homework.create(\n    The column `Homework.maxPoints` does not exist in the current database.\n\u001b[2m\u001b[22m\n\u001b[2m    \u001b[0m \u001b[90m 89 |\u001b[39m\u001b[22m\n\u001b[2m     \u001b[90m 90 |\u001b[39m     \u001b[90m// Create homework in the assignedClass\u001b[39m\u001b[22m\n\u001b[2m    \u001b[31m\u001b[1m>\u001b[22m\u001b[2m\u001b[39m\u001b[90m 91 |\u001b[39m     \u001b[36mconst\u001b[39m hw \u001b[33m=\u001b[39m \u001b[36mawait\u001b[39m prisma\u001b[33m.\u001b[39mhomework\u001b[33m.\u001b[39mcreate({\u001b[22m\n\u001b[2m     \u001b[90m    |\u001b[39m                \u001b[31m\u001b[1m^\u001b[22m\u001b[2m\u001b[39m\u001b[22m\n\u001b[2m     \u001b[90m 92 |\u001b[39m         data\u001b[33m:\u001b[39m { title\u001b[33m:\u001b[39m \u001b[32m`HW-${ts}`\u001b[39m\u001b[33m,\u001b[39m classId\u001b[33m:\u001b[39m assignedClass\u001b[33m.\u001b[39mid\u001b[33m,\u001b[39m subjectId\u001b[33m:\u001b[39m subject\u001b[33m.\u001b[39mid\u001b[33m,\u001b[39m dueDate\u001b[33m:\u001b[39m \u001b[36mnew\u001b[39m \u001b[33mDate\u001b[39m() }\u001b[22m\n\u001b[2m     \u001b[90m 93 |\u001b[39m     })\u001b[33m;\u001b[39m\u001b[22m\n\u001b[2m     \u001b[90m 94 |\u001b[39m     homeworkId \u001b[33m=\u001b[39m hw\u001b[33m.\u001b[39mid\u001b[33m;\u001b[39m\u001b[0m\u001b[22m\n\u001b[2m\u001b[22m\n\u001b[2m      \u001b[2mat Ln.handleRequestError (\u001b[22m\u001b[2mnode_modules/@prisma/client/runtime/library.js\u001b[2m:121:7753)\u001b[22m\u001b[2m\u001b[22m\n\u001b[2m      \u001b[2mat Ln.handleAndLogRequestError (\u001b[22m\u001b[2mnode_modules/@prisma/client/runtime/library.js\u001b[2m:121:7061)\u001b[22m\u001b[2m\u001b[22m\n\u001b[2m      \u001b[2mat Ln.request (\u001b[22m\u001b[2mnode_modules/@prisma/client/runtime/library.js\u001b[2m:121:6745)\u001b[22m\u001b[2m\u001b[22m\n\u001b[2m      \u001b[2mat l (\u001b[22m\u001b[2mnode_modules/@prisma/client/runtime/library.js\u001b[2m:130:9633)\u001b[22m\u001b[2m\u001b[22m\n\u001b[2m      \u001b[2mat Object.<anonymous> (\u001b[22m\u001b[2m\u001b[0m\u001b[36m__tests__/teacher-scope.test.js\u001b[39m\u001b[0m\u001b[2m:91:16)\u001b[22m\u001b[2m\u001b[22m\n","name":"C:\\Users\\Pc\\Downloads\\peek-school-system-backend-main\\peek-school-system-backend-main\\__tests__\\teacher-scope.test.js","startTime":1773370008541,"status":"failed","summary":""},{"assertionResults":[{"ancestorTitles":["Authentication Endpoints","POST /api/users/login"],"duration":526,"failing":false,"failureDetails":[],"failureMessages":[],"fullName":"Authentication Endpoints POST /api/users/login should fail to log in with incorrect credentials","invocations":1,"location":null,"numPassingAsserts":3,"retryReasons":[],"startAt":1773370010526,"status":"passed","title":"should fail to log in with incorrect credentials"},{"ancestorTitles":["Authentication Endpoints","POST /api/users/login"],"duration":169,"failing":false,"failureDetails":[{"matcherResult":{"actual":401,"expected":200,"message":"\u001b[2mexpect(\u001b[22m\u001b[31mreceived\u001b[39m\u001b[2m).\u001b[22mtoBe\u001b[2m(\u001b[22m\u001b[32mexpected\u001b[39m\u001b[2m) // Object.is equality\u001b[22m\n\nExpected: \u001b[32m200\u001b[39m\nReceived: \u001b[31m401\u001b[39m","name":"toBe","pass":false}}],"failureMessages":["Error: \u001b[2mexpect(\u001b[22m\u001b[31mreceived\u001b[39m\u001b[2m).\u001b[22mtoBe\u001b[2m(\u001b[22m\u001b[32mexpected\u001b[39m\u001b[2m) // Object.is equality\u001b[22m\n\nExpected: \u001b[32m200\u001b[39m\nReceived: \u001b[31m401\u001b[39m\n    at Object.toBe (C:\\Users\\Pc\\Downloads\\peek-school-system-backend-main\\peek-school-system-backend-main\\__tests__\\auth.test.js:30:41)\n    at processTicksAndRejections (node:internal/process/task_queues:103:5)"],"fullName":"Authentication Endpoints POST /api/users/login should log in successfully with correct credentials","invocations":1,"location":null,"numPassingAsserts":0,"retryReasons":[],"startAt":1773370011052,"status":"failed","title":"should log in successfully with correct credentials"},{"ancestorTitles":["Authentication Endpoints","POST /api/users/register"],"duration":187,"failing":false,"failureDetails":[],"failureMessages":[],"fullName":"Authentication Endpoints POST /api/users/register should successfully register a new user","invocations":1,"location":null,"numPassingAsserts":2,"retryReasons":[],"startAt":1773370011222,"status":"passed","title":"should successfully register a new user"},{"ancestorTitles":["Authentication Endpoints","POST /api/users/register"],"duration":206,"failing":false,"failureDetails":[],"failureMessages":[],"fullName":"Authentication Endpoints POST /api/users/register should fail to register a user with an existing email","invocations":1,"location":null,"numPassingAsserts":3,"retryReasons":[],"startAt":1773370011409,"status":"passed","title":"should fail to register a user with an existing email"}],"endTime":1773370011695,"message":"\u001b[1m\u001b[31m  \u001b[1m● \u001b[22m\u001b[1mAuthentication Endpoints › POST /api/users/login › should log in successfully with correct credentials\u001b[39m\u001b[22m\n\n    \u001b[2mexpect(\u001b[22m\u001b[31mreceived\u001b[39m\u001b[2m).\u001b[22mtoBe\u001b[2m(\u001b[22m\u001b[32mexpected\u001b[39m\u001b[2m) // Object.is equality\u001b[22m\n\n    Expected: \u001b[32m200\u001b[39m\n    Received: \u001b[31m401\u001b[39m\n\u001b[2m\u001b[22m\n\u001b[2m    \u001b[0m \u001b[90m 28 |\u001b[39m                 \u001b[33m.\u001b[39mpost(\u001b[32m'/api/users/login'\u001b[39m)\u001b[22m\n\u001b[2m     \u001b[90m 29 |\u001b[39m                 \u001b[33m.\u001b[39msend({ email\u001b[33m:\u001b[39m \u001b[32m'jawad.parent@email.com'\u001b[39m\u001b[33m,\u001b[39m password\u001b[33m:\u001b[39m \u001b[32m'parentpassword'\u001b[39m })\u001b[33m;\u001b[39m\u001b[22m\n\u001b[2m    \u001b[31m\u001b[1m>\u001b[22m\u001b[2m\u001b[39m\u001b[90m 30 |\u001b[39m             expect(response\u001b[33m.\u001b[39mstatusCode)\u001b[33m.\u001b[39mtoBe(\u001b[35m200\u001b[39m)\u001b[33m;\u001b[39m\u001b[22m\n\u001b[2m     \u001b[90m    |\u001b[39m                                         \u001b[31m\u001b[1m^\u001b[22m\u001b[2m\u001b[39m\u001b[22m\n\u001b[2m     \u001b[90m 31 |\u001b[39m             expect(response\u001b[33m.\u001b[39mbody\u001b[33m.\u001b[39msuccess)\u001b[33m.\u001b[39mtoBe(\u001b[36mtrue\u001b[39m)\u001b[33m;\u001b[39m\u001b[22m\n\u001b[2m     \u001b[90m 32 |\u001b[39m             expect(response\u001b[33m.\u001b[39mbody\u001b[33m.\u001b[39mdata)\u001b[33m.\u001b[39mtoHaveProperty(\u001b[32m'token'\u001b[39m)\u001b[33m;\u001b[39m\u001b[22m\n\u001b[2m     \u001b[90m 33 |\u001b[39m         })\u001b[33m;\u001b[39m\u001b[0m\u001b[22m\n\u001b[2m\u001b[22m\n\u001b[2m      \u001b[2mat Object.toBe (\u001b[22m\u001b[2m\u001b[0m\u001b[36m__tests__/auth.test.js\u001b[39m\u001b[0m\u001b[2m:30:41)\u001b[22m\u001b[2m\u001b[22m\n","name":"C:\\Users\\Pc\\Downloads\\peek-school-system-backend-main\\peek-school-system-backend-main\\__tests__\\auth.test.js","startTime":1773370008535,"status":"failed","summary":""},{"assertionResults":[{"ancestorTitles":["Teacher-scoped Homework Grades"],"duration":4,"failing":false,"failureDetails":[{"name":"PrismaClientKnownRequestError","code":"P2022","clientVersion":"5.19.1","meta":{"modelName":"Homework","column":"Homework.maxPoints"}}],"failureMessages":["PrismaClientKnownRequestError: \nInvalid `prisma.homework.create()` invocation in\nC:\\Users\\Pc\\Downloads\\peek-school-system-backend-main\\peek-school-system-backend-main\\__tests__\\teacher-homework-grades.test.js:89:25\n\n  86 // Note: use raw SQL to set maxPoints because the Prisma client may be cached\n  87 // from before the schema migration while the DLL is locked by other test runners.\n  88 const [hw, hwNoMax] = await Promise.all([\n→ 89     prisma.homework.create(\nThe column `Homework.maxPoints` does not exist in the current database.\n    at Ln.handleRequestError (C:\\Users\\Pc\\Downloads\\peek-school-system-backend-main\\peek-school-system-backend-main\\node_modules\\@prisma\\client\\runtime\\library.js:121:7753)\n    at Ln.handleAndLogRequestError (C:\\Users\\Pc\\Downloads\\peek-school-system-backend-main\\peek-school-system-backend-main\\node_modules\\@prisma\\client\\runtime\\library.js:121:7061)\n    at Ln.request (C:\\Users\\Pc\\Downloads\\peek-school-system-backend-main\\peek-school-system-backend-main\\node_modules\\@prisma\\client\\runtime\\library.js:121:6745)\n    at l (C:\\Users\\Pc\\Downloads\\peek-school-system-backend-main\\peek-school-system-backend-main\\node_modules\\@prisma\\client\\runtime\\library.js:130:9633)\n    at async Promise.all (index 0)\n    at Object.<anonymous> (C:\\Users\\Pc\\Downloads\\peek-school-system-backend-main\\peek-school-system-backend-main\\__tests__\\teacher-homework-grades.test.js:88:27)"],"fullName":"Teacher-scoped Homework Grades teacher can fetch grades roster for assigned homework","invocations":1,"location":null,"numPassingAsserts":0,"retryReasons":[],"startAt":1773370011689,"status":"failed","title":"teacher can fetch grades roster for assigned homework"},{"ancestorTitles":["Teacher-scoped Homework Grades"],"duration":0,"failing":false,"failureDetails":[{"name":"PrismaClientKnownRequestError","code":"P2022","clientVersion":"5.19.1","meta":{"modelName":"Homework","column":"Homework.maxPoints"}}],"failureMessages":["PrismaClientKnownRequestError: \nInvalid `prisma.homework.create()` invocation in\nC:\\Users\\Pc\\Downloads\\peek-school-system-backend-main\\peek-school-system-backend-main\\__tests__\\teacher-homework-grades.test.js:89:25\n\n  86 // Note: use raw SQL to set maxPoints because the Prisma client may be cached\n  87 // from before the schema migration while the DLL is locked by other test runners.\n  88 const [hw, hwNoMax] = await Promise.all([\n→ 89     prisma.homework.create(\nThe column `Homework.maxPoints` does not exist in the current database.\n    at Ln.handleRequestError (C:\\Users\\Pc\\Downloads\\peek-school-system-backend-main\\peek-school-system-backend-main\\node_modules\\@prisma\\client\\runtime\\library.js:121:7753)\n    at Ln.handleAndLogRequestError (C:\\Users\\Pc\\Downloads\\peek-school-system-backend-main\\peek-school-system-backend-main\\node_modules\\@prisma\\client\\runtime\\library.js:121:7061)\n    at Ln.request (C:\\Users\\Pc\\Downloads\\peek-school-system-backend-main\\peek-school-system-backend-main\\node_modules\\@prisma\\client\\runtime\\library.js:121:6745)\n    at l (C:\\Users\\Pc\\Downloads\\peek-school-system-backend-main\\peek-school-system-backend-main\\node_modules\\@prisma\\client\\runtime\\library.js:130:9633)\n    at async Promise.all (index 0)\n    at Object.<anonymous> (C:\\Users\\Pc\\Downloads\\peek-school-system-backend-main\\peek-school-system-backend-main\\__tests__\\teacher-homework-grades.test.js:88:27)"],"fullName":"Teacher-scoped Homework Grades teacher cannot fetch grades roster for unassigned homework → 403","invocations":1,"location":null,"numPassingAsserts":0,"retryReasons":[],"startAt":1773370011694,"status":"failed","title":"teacher cannot fetch grades roster for unassigned homework → 403"},{"ancestorTitles":["Teacher-scoped Homework Grades"],"duration":0,"failing":false,"failureDetails":[{"name":"PrismaClientKnownRequestError","code":"P2022","clientVersion":"5.19.1","meta":{"modelName":"Homework","column":"Homework.maxPoints"}}],"failureMessages":["PrismaClientKnownRequestError: \nInvalid `prisma.homework.create()` invocation in\nC:\\Users\\Pc\\Downloads\\peek-school-system-backend-main\\peek-school-system-backend-main\\__tests__\\teacher-homework-grades.test.js:89:25\n\n  86 // Note: use raw SQL to set maxPoints because the Prisma client may be cached\n  87 // from before the schema migration while the DLL is locked by other test runners.\n  88 const [hw, hwNoMax] = await Promise.all([\n→ 89     prisma.homework.create(\nThe column `Homework.maxPoints` does not exist in the current database.\n    at Ln.handleRequestError (C:\\Users\\Pc\\Downloads\\peek-school-system-backend-main\\peek-school-system-backend-main\\node_modules\\@prisma\\client\\runtime\\library.js:121:7753)\n    at Ln.handleAndLogRequestError (C:\\Users\\Pc\\Downloads\\peek-school-system-backend-main\\peek-school-system-backend-main\\node_modules\\@prisma\\client\\runtime\\library.js:121:7061)\n    at Ln.request (C:\\Users\\Pc\\Downloads\\peek-school-system-backend-main\\peek-school-system-backend-main\\node_modules\\@prisma\\client\\runtime\\library.js:121:6745)\n    at l (C:\\Users\\Pc\\Downloads\\peek-school-system-backend-main\\peek-school-system-backend-main\\node_modules\\@prisma\\client\\runtime\\library.js:130:9633)\n    at async Promise.all (index 0)\n    at Object.<anonymous> (C:\\Users\\Pc\\Downloads\\peek-school-system-backend-main\\peek-school-system-backend-main\\__tests__\\teacher-homework-grades.test.js:88:27)"],"fullName":"Teacher-scoped Homework Grades teacher can submit grades for assigned homework","invocations":1,"location":null,"numPassingAsserts":0,"retryReasons":[],"startAt":1773370011694,"status":"failed","title":"teacher can submit grades for assigned homework"},{"ancestorTitles":["Teacher-scoped Homework Grades"],"duration":0,"failing":false,"failureDetails":[{"name":"PrismaClientKnownRequestError","code":"P2022","clientVersion":"5.19.1","meta":{"modelName":"Homework","column":"Homework.maxPoints"}}],"failureMessages":["PrismaClientKnownRequestError: \nInvalid `prisma.homework.create()` invocation in\nC:\\Users\\Pc\\Downloads\\peek-school-system-backend-main\\peek-school-system-backend-main\\__tests__\\teacher-homework-grades.test.js:89:25\n\n  86 // Note: use raw SQL to set maxPoints because the Prisma client may be cached\n  87 // from before the schema migration while the DLL is locked by other test runners.\n  88 const [hw, hwNoMax] = await Promise.all([\n→ 89     prisma.homework.create(\nThe column `Homework.maxPoints` does not exist in the current database.\n    at Ln.handleRequestError (C:\\Users\\Pc\\Downloads\\peek-school-system-backend-main\\peek-school-system-backend-main\\node_modules\\@prisma\\client\\runtime\\library.js:121:7753)\n    at Ln.handleAndLogRequestError (C:\\Users\\Pc\\Downloads\\peek-school-system-backend-main\\peek-school-system-backend-main\\node_modules\\@prisma\\client\\runtime\\library.js:121:7061)\n    at Ln.request (C:\\Users\\Pc\\Downloads\\peek-school-system-backend-main\\peek-school-system-backend-main\\node_modules\\@prisma\\client\\runtime\\library.js:121:6745)\n    at l (C:\\Users\\Pc\\Downloads\\peek-school-system-backend-main\\peek-school-system-backend-main\\node_modules\\@prisma\\client\\runtime\\library.js:130:9633)\n    at async Promise.all (index 0)\n    at Object.<anonymous> (C:\\Users\\Pc\\Downloads\\peek-school-system-backend-main\\peek-school-system-backend-main\\__tests__\\teacher-homework-grades.test.js:88:27)"],"fullName":"Teacher-scoped Homework Grades submitted grade appears in subsequent roster fetch","invocations":1,"location":null,"numPassingAsserts":0,"retryReasons":[],"startAt":1773370011695,"status":"failed","title":"submitted grade appears in subsequent roster fetch"},{"ancestorTitles":["Teacher-scoped Homework Grades"],"duration":0,"failing":false,"failureDetails":[{"name":"PrismaClientKnownRequestError","code":"P2022","clientVersion":"5.19.1","meta":{"modelName":"Homework","column":"Homework.maxPoints"}}],"failureMessages":["PrismaClientKnownRequestError: \nInvalid `prisma.homework.create()` invocation in\nC:\\Users\\Pc\\Downloads\\peek-school-system-backend-main\\peek-school-system-backend-main\\__tests__\\teacher-homework-grades.test.js:89:25\n\n  86 // Note: use raw SQL to set maxPoints because the Prisma client may be cached\n  87 // from before the schema migration while the DLL is locked by other test runners.\n  88 const [hw, hwNoMax] = await Promise.all([\n→ 89     prisma.homework.create(\nThe column `Homework.maxPoints` does not exist in the current database.\n    at Ln.handleRequestError (C:\\Users\\Pc\\Downloads\\peek-school-system-backend-main\\peek-school-system-backend-main\\node_modules\\@prisma\\client\\runtime\\library.js:121:7753)\n    at Ln.handleAndLogRequestError (C:\\Users\\Pc\\Downloads\\peek-school-system-backend-main\\peek-school-system-backend-main\\node_modules\\@prisma\\client\\runtime\\library.js:121:7061)\n    at Ln.request (C:\\Users\\Pc\\Downloads\\peek-school-system-backend-main\\peek-school-system-backend-main\\node_modules\\@prisma\\client\\runtime\\library.js:121:6745)\n    at l (C:\\Users\\Pc\\Downloads\\peek-school-system-backend-main\\peek-school-system-backend-main\\node_modules\\@prisma\\client\\runtime\\library.js:130:9633)\n    at async Promise.all (index 0)\n    at Object.<anonymous> (C:\\Users\\Pc\\Downloads\\peek-school-system-backend-main\\peek-school-system-backend-main\\__tests__\\teacher-homework-grades.test.js:88:27)"],"fullName":"Teacher-scoped Homework Grades teacher cannot submit grades for unassigned homework → 403","invocations":1,"location":null,"numPassingAsserts":0,"retryReasons":[],"startAt":1773370011695,"status":"failed","title":"teacher cannot submit grades for unassigned homework → 403"},{"ancestorTitles":["Teacher-scoped Homework Grades"],"duration":0,"failing":false,"failureDetails":[{"name":"PrismaClientKnownRequestError","code":"P2022","clientVersion":"5.19.1","meta":{"modelName":"Homework","column":"Homework.maxPoints"}}],"failureMessages":["PrismaClientKnownRequestError: \nInvalid `prisma.homework.create()` invocation in\nC:\\Users\\Pc\\Downloads\\peek-school-system-backend-main\\peek-school-system-backend-main\\__tests__\\teacher-homework-grades.test.js:89:25\n\n  86 // Note: use raw SQL to set maxPoints because the Prisma client may be cached\n  87 // from before the schema migration while the DLL is locked by other test runners.\n  88 const [hw, hwNoMax] = await Promise.all([\n→ 89     prisma.homework.create(\nThe column `Homework.maxPoints` does not exist in the current database.\n    at Ln.handleRequestError (C:\\Users\\Pc\\Downloads\\peek-school-system-backend-main\\peek-school-system-backend-main\\node_modules\\@prisma\\client\\runtime\\library.js:121:7753)\n    at Ln.handleAndLogRequestError (C:\\Users\\Pc\\Downloads\\peek-school-system-backend-main\\peek-school-system-backend-main\\node_modules\\@prisma\\client\\runtime\\library.js:121:7061)\n    at Ln.request (C:\\Users\\Pc\\Downloads\\peek-school-system-backend-main\\peek-school-system-backend-main\\node_modules\\@prisma\\client\\runtime\\library.js:121:6745)\n    at l (C:\\Users\\Pc\\Downloads\\peek-school-system-backend-main\\peek-school-system-backend-main\\node_modules\\@prisma\\client\\runtime\\library.js:130:9633)\n    at async Promise.all (index 0)\n    at Object.<anonymous> (C:\\Users\\Pc\\Downloads\\peek-school-system-backend-main\\peek-school-system-backend-main\\__tests__\\teacher-homework-grades.test.js:88:27)"],"fullName":"Teacher-scoped Homework Grades grade > maxPoints rejected with 400 VALIDATION_ERROR","invocations":1,"location":null,"numPassingAsserts":0,"retryReasons":[],"startAt":1773370011695,"status":"failed","title":"grade > maxPoints rejected with 400 VALIDATION_ERROR"},{"ancestorTitles":["Teacher-scoped Homework Grades"],"duration":0,"failing":false,"failureDetails":[{"name":"PrismaClientKnownRequestError","code":"P2022","clientVersion":"5.19.1","meta":{"modelName":"Homework","column":"Homework.maxPoints"}}],"failureMessages":["PrismaClientKnownRequestError: \nInvalid `prisma.homework.create()` invocation in\nC:\\Users\\Pc\\Downloads\\peek-school-system-backend-main\\peek-school-system-backend-main\\__tests__\\teacher-homework-grades.test.js:89:25\n\n  86 // Note: use raw SQL to set maxPoints because the Prisma client may be cached\n  87 // from before the schema migration while the DLL is locked by other test runners.\n  88 const [hw, hwNoMax] = await Promise.all([\n→ 89     prisma.homework.create(\nThe column `Homework.maxPoints` does not exist in the current database.\n    at Ln.handleRequestError (C:\\Users\\Pc\\Downloads\\peek-school-system-backend-main\\peek-school-system-backend-main\\node_modules\\@prisma\\client\\runtime\\library.js:121:7753)\n    at Ln.handleAndLogRequestError (C:\\Users\\Pc\\Downloads\\peek-school-system-backend-main\\peek-school-system-backend-main\\node_modules\\@prisma\\client\\runtime\\library.js:121:7061)\n    at Ln.request (C:\\Users\\Pc\\Downloads\\peek-school-system-backend-main\\peek-school-system-backend-main\\node_modules\\@prisma\\client\\runtime\\library.js:121:6745)\n    at l (C:\\Users\\Pc\\Downloads\\peek-school-system-backend-main\\peek-school-system-backend-main\\node_modules\\@prisma\\client\\runtime\\library.js:130:9633)\n    at async Promise.all (index 0)\n    at Object.<anonymous> (C:\\Users\\Pc\\Downloads\\peek-school-system-backend-main\\peek-school-system-backend-main\\__tests__\\teacher-homework-grades.test.js:88:27)"],"fullName":"Teacher-scoped Homework Grades grade without maxPoints cap accepted","invocations":1,"location":null,"numPassingAsserts":0,"retryReasons":[],"startAt":1773370011695,"status":"failed","title":"grade without maxPoints cap accepted"},{"ancestorTitles":["Teacher-scoped Homework Grades"],"duration":0,"failing":false,"failureDetails":[{"name":"PrismaClientKnownRequestError","code":"P2022","clientVersion":"5.19.1","meta":{"modelName":"Homework","column":"Homework.maxPoints"}}],"failureMessages":["PrismaClientKnownRequestError: \nInvalid `prisma.homework.create()` invocation in\nC:\\Users\\Pc\\Downloads\\peek-school-system-backend-main\\peek-school-system-backend-main\\__tests__\\teacher-homework-grades.test.js:89:25\n\n  86 // Note: use raw SQL to set maxPoints because the Prisma client may be cached\n  87 // from before the schema migration while the DLL is locked by other test runners.\n  88 const [hw, hwNoMax] = await Promise.all([\n→ 89     prisma.homework.create(\nThe column `Homework.maxPoints` does not exist in the current database.\n    at Ln.handleRequestError (C:\\Users\\Pc\\Downloads\\peek-school-system-backend-main\\peek-school-system-backend-main\\node_modules\\@prisma\\client\\runtime\\library.js:121:7753)\n    at Ln.handleAndLogRequestError (C:\\Users\\Pc\\Downloads\\peek-school-system-backend-main\\peek-school-system-backend-main\\node_modules\\@prisma\\client\\runtime\\library.js:121:7061)\n    at Ln.request (C:\\Users\\Pc\\Downloads\\peek-school-system-backend-main\\peek-school-system-backend-main\\node_modules\\@prisma\\client\\runtime\\library.js:121:6745)\n    at l (C:\\Users\\Pc\\Downloads\\peek-school-system-backend-main\\peek-school-system-backend-main\\node_modules\\@prisma\\client\\runtime\\library.js:130:9633)\n    at async Promise.all (index 0)\n    at Object.<anonymous> (C:\\Users\\Pc\\Downloads\\peek-school-system-backend-main\\peek-school-system-backend-main\\__tests__\\teacher-homework-grades.test.js:88:27)"],"fullName":"Teacher-scoped Homework Grades empty grades array rejected with 400 VALIDATION_ERROR","invocations":1,"location":null,"numPassingAsserts":0,"retryReasons":[],"startAt":1773370011695,"status":"failed","title":"empty grades array rejected with 400 VALIDATION_ERROR"},{"ancestorTitles":["Teacher-scoped Homework Grades"],"duration":0,"failing":false,"failureDetails":[{"name":"PrismaClientKnownRequestError","code":"P2022","clientVersion":"5.19.1","meta":{"modelName":"Homework","column":"Homework.maxPoints"}}],"failureMessages":["PrismaClientKnownRequestError: \nInvalid `prisma.homework.create()` invocation in\nC:\\Users\\Pc\\Downloads\\peek-school-system-backend-main\\peek-school-system-backend-main\\__tests__\\teacher-homework-grades.test.js:89:25\n\n  86 // Note: use raw SQL to set maxPoints because the Prisma client may be cached\n  87 // from before the schema migration while the DLL is locked by other test runners.\n  88 const [hw, hwNoMax] = await Promise.all([\n→ 89     prisma.homework.create(\nThe column `Homework.maxPoints` does not exist in the current database.\n    at Ln.handleRequestError (C:\\Users\\Pc\\Downloads\\peek-school-system-backend-main\\peek-school-system-backend-main\\node_modules\\@prisma\\client\\runtime\\library.js:121:7753)\n    at Ln.handleAndLogRequestError (C:\\Users\\Pc\\Downloads\\peek-school-system-backend-main\\peek-school-system-backend-main\\node_modules\\@prisma\\client\\runtime\\library.js:121:7061)\n    at Ln.request (C:\\Users\\Pc\\Downloads\\peek-school-system-backend-main\\peek-school-system-backend-main\\node_modules\\@prisma\\client\\runtime\\library.js:121:6745)\n    at l (C:\\Users\\Pc\\Downloads\\peek-school-system-backend-main\\peek-school-system-backend-main\\node_modules\\@prisma\\client\\runtime\\library.js:130:9633)\n    at async Promise.all (index 0)\n    at Object.<anonymous> (C:\\Users\\Pc\\Downloads\\peek-school-system-backend-main\\peek-school-system-backend-main\\__tests__\\teacher-homework-grades.test.js:88:27)"],"fullName":"Teacher-scoped Homework Grades student not enrolled in class rejected with 400 VALIDATION_ERROR","invocations":1,"location":null,"numPassingAsserts":0,"retryReasons":[],"startAt":1773370011695,"status":"failed","title":"student not enrolled in class rejected with 400 VALIDATION_ERROR"}],"endTime":1773370011847,"message":"\u001b[1m\u001b[31m  \u001b[1m● \u001b[22m\u001b[1mTeacher-scoped Homework Grades › teacher can fetch grades roster for assigned homework\u001b[39m\u001b[22m\n\n    PrismaClientKnownRequestError: \n    Invalid `prisma.homework.create()` invocation in\n    C:\\Users\\Pc\\Downloads\\peek-school-system-backend-main\\peek-school-system-backend-main\\__tests__\\teacher-homework-grades.test.js:89:25\n\n      86 // Note: use raw SQL to set maxPoints because the Prisma client may be cached\n      87 // from before the schema migration while the DLL is locked by other test runners.\n      88 const [hw, hwNoMax] = await Promise.all([\n    → 89     prisma.homework.create(\n    The column `Homework.maxPoints` does not exist in the current database.\n\u001b[2m\u001b[22m\n\u001b[2m    \u001b[0m \u001b[90m 86 |\u001b[39m     \u001b[90m// Note: use raw SQL to set maxPoints because the Prisma client may be cached\u001b[39m\u001b[22m\n\u001b[2m     \u001b[90m 87 |\u001b[39m     \u001b[90m// from before the schema migration while the DLL is locked by other test runners.\u001b[39m\u001b[22m\n\u001b[2m    \u001b[31m\u001b[1m>\u001b[22m\u001b[2m\u001b[39m\u001b[90m 88 |\u001b[39m     \u001b[36mconst\u001b[39m [hw\u001b[33m,\u001b[39m hwNoMax] \u001b[33m=\u001b[39m \u001b[36mawait\u001b[39m \u001b[33mPromise\u001b[39m\u001b[33m.\u001b[39mall([\u001b[22m\n\u001b[2m     \u001b[90m    |\u001b[39m                           \u001b[31m\u001b[1m^\u001b[22m\u001b[2m\u001b[39m\u001b[22m\n\u001b[2m     \u001b[90m 89 |\u001b[39m         prisma\u001b[33m.\u001b[39mhomework\u001b[33m.\u001b[39mcreate({ data\u001b[33m:\u001b[39m { title\u001b[33m:\u001b[39m \u001b[32m`HW-${ts}`\u001b[39m\u001b[33m,\u001b[39m classId\u001b[33m:\u001b[39m cls1\u001b[33m.\u001b[39mid\u001b[33m,\u001b[39m subjectId\u001b[33m,\u001b[39m dueDate\u001b[33m:\u001b[39m \u001b[36mnew\u001b[39m \u001b[33mDate\u001b[39m() } })\u001b[33m,\u001b[39m\u001b[22m\n\u001b[2m     \u001b[90m 90 |\u001b[39m         prisma\u001b[33m.\u001b[39mhomework\u001b[33m.\u001b[39mcreate({ data\u001b[33m:\u001b[39m { title\u001b[33m:\u001b[39m \u001b[32m`HW2-${ts}`\u001b[39m\u001b[33m,\u001b[39m classId\u001b[33m:\u001b[39m cls1\u001b[33m.\u001b[39mid\u001b[33m,\u001b[39m subjectId\u001b[33m,\u001b[39m dueDate\u001b[33m:\u001b[39m \u001b[36mnew\u001b[39m \u001b[33mDate\u001b[39m() } })\u001b[22m\n\u001b[2m     \u001b[90m 91 |\u001b[39m     ])\u001b[33m;\u001b[39m\u001b[0m\u001b[22m\n\u001b[2m\u001b[22m\n\u001b[2m      \u001b[2mat Ln.handleRequestError (\u001b[22m\u001b[2mnode_modules/@prisma/client/runtime/library.js\u001b[2m:121:7753)\u001b[22m\u001b[2m\u001b[22m\n\u001b[2m      \u001b[2mat Ln.handleAndLogRequestError (\u001b[22m\u001b[2mnode_modules/@prisma/client/runtime/library.js\u001b[2m:121:7061)\u001b[22m\u001b[2m\u001b[22m\n\u001b[2m      \u001b[2mat Ln.request (\u001b[22m\u001b[2mnode_modules/@prisma/client/runtime/library.js\u001b[2m:121:6745)\u001b[22m\u001b[2m\u001b[22m\n\u001b[2m      \u001b[2mat l (\u001b[22m\u001b[2mnode_modules/@prisma/client/runtime/library.js\u001b[2m:130:9633)\u001b[22m\u001b[2m\u001b[22m\n\u001b[2m          at async Promise.all (index 0)\u001b[22m\n\u001b[2m      \u001b[2mat Object.<anonymous> (\u001b[22m\u001b[2m\u001b[0m\u001b[36m__tests__/teacher-homework-grades.test.js\u001b[39m\u001b[0m\u001b[2m:88:27)\u001b[22m\u001b[2m\u001b[22m\n\n\u001b[1m\u001b[31m  \u001b[1m● \u001b[22m\u001b[1mTeacher-scoped Homework Grades › teacher cannot fetch grades roster for unassigned homework → 403\u001b[39m\u001b[22m\n\n    PrismaClientKnownRequestError: \n    Invalid `prisma.homework.create()` invocation in\n    C:\\Users\\Pc\\Downloads\\peek-school-system-backend-main\\peek-school-system-backend-main\\__tests__\\teacher-homework-grades.test.js:89:25\n\n      86 // Note: use raw SQL to set maxPoints because the Prisma client may be cached\n      87 // from before the schema migration while the DLL is locked by other test runners.\n      88 const [hw, hwNoMax] = await Promise.all([\n    → 89     prisma.homework.create(\n    The column `Homework.maxPoints` does not exist in the current database.\n\u001b[2m\u001b[22m\n\u001b[2m    \u001b[0m \u001b[90m 86 |\u001b[39m     \u001b[90m// Note: use raw SQL to set maxPoints because the Prisma client may be cached\u001b[39m\u001b[22m\n\u001b[2m     \u001b[90m 87 |\u001b[39m     \u001b[90m// from before the schema migration while the DLL is locked by other test runners.\u001b[39m\u001b[22m\n\u001b[2m    \u001b[31m\u001b[1m>\u001b[22m\u001b[2m\u001b[39m\u001b[90m 88 |\u001b[39m     \u001b[36mconst\u001b[39m [hw\u001b[33m,\u001b[39m hwNoMax] \u001b[33m=\u001b[39m \u001b[36mawait\u001b[39m \u001b[33mPromise\u001b[39m\u001b[33m.\u001b[39mall([\u001b[22m\n\u001b[2m     \u001b[90m    |\u001b[39m                           \u001b[31m\u001b[1m^\u001b[22m\u001b[2m\u001b[39m\u001b[22m\n\u001b[2m     \u001b[90m 89 |\u001b[39m         prisma\u001b[33m.\u001b[39mhomework\u001b[33m.\u001b[39mcreate({ data\u001b[33m:\u001b[39m { title\u001b[33m:\u001b[39m \u001b[32m`HW-${ts}`\u001b[39m\u001b[33m,\u001b[39m classId\u001b[33m:\u001b[39m cls1\u001b[33m.\u001b[39mid\u001b[33m,\u001b[39m subjectId\u001b[33m,\u001b[39m dueDate\u001b[33m:\u001b[39m \u001b[36mnew\u001b[39m \u001b[33mDate\u001b[39m() } })\u001b[33m,\u001b[39m\u001b[22m\n\u001b[2m     \u001b[90m 90 |\u001b[39m         prisma\u001b[33m.\u001b[39mhomework\u001b[33m.\u001b[39mcreate({ data\u001b[33m:\u001b[39m { title\u001b[33m:\u001b[39m \u001b[32m`HW2-${ts}`\u001b[39m\u001b[33m,\u001b[39m classId\u001b[33m:\u001b[39m cls1\u001b[33m.\u001b[39mid\u001b[33m,\u001b[39m subjectId\u001b[33m,\u001b[39m dueDate\u001b[33m:\u001b[39m \u001b[36mnew\u001b[39m \u001b[33mDate\u001b[39m() } })\u001b[22m\n\u001b[2m     \u001b[90m 91 |\u001b[39m     ])\u001b[33m;\u001b[39m\u001b[0m\u001b[22m\n\u001b[2m\u001b[22m\n\u001b[2m      \u001b[2mat Ln.handleRequestError (\u001b[22m\u001b[2mnode_modules/@prisma/client/runtime/library.js\u001b[2m:121:7753)\u001b[22m\u001b[2m\u001b[22m\n\u001b[2m      \u001b[2mat Ln.handleAndLogRequestError (\u001b[22m\u001b[2mnode_modules/@prisma/client/runtime/library.js\u001b[2m:121:7061)\u001b[22m\u001b[2m\u001b[22m\n\u001b[2m      \u001b[2mat Ln.request (\u001b[22m\u001b[2mnode_modules/@prisma/client/runtime/library.js\u001b[2m:121:6745)\u001b[22m\u001b[2m\u001b[22m\n\u001b[2m      \u001b[2mat l (\u001b[22m\u001b[2mnode_modules/@prisma/client/runtime/library.js\u001b[2m:130:9633)\u001b[22m\u001b[2m\u001b[22m\n\u001b[2m          at async Promise.all (index 0)\u001b[22m\n\u001b[2m      \u001b[2mat Object.<anonymous> (\u001b[22m\u001b[2m\u001b[0m\u001b[36m__tests__/teacher-homework-grades.test.js\u001b[39m\u001b[0m\u001b[2m:88:27)\u001b[22m\u001b[2m\u001b[22m\n\n\u001b[1m\u001b[31m  \u001b[1m● \u001b[22m\u001b[1mTeacher-scoped Homework Grades › teacher can submit grades for assigned homework\u001b[39m\u001b[22m\n\n    PrismaClientKnownRequestError: \n    Invalid `prisma.homework.create()` invocation in\n    C:\\Users\\Pc\\Downloads\\peek-school-system-backend-main\\peek-school-system-backend-main\\__tests__\\teacher-homework-grades.test.js:89:25\n\n      86 // Note: use raw SQL to set maxPoints because the Prisma client may be cached\n      87 // from before the schema migration while the DLL is locked by other test runners.\n      88 const [hw, hwNoMax] = await Promise.all([\n    → 89     prisma.homework.create(\n    The column `Homework.maxPoints` does not exist in the current database.\n\u001b[2m\u001b[22m\n\u001b[2m    \u001b[0m \u001b[90m 86 |\u001b[39m     \u001b[90m// Note: use raw SQL to set maxPoints because the Prisma client may be cached\u001b[39m\u001b[22m\n\u001b[2m     \u001b[90m 87 |\u001b[39m     \u001b[90m// from before the schema migration while the DLL is locked by other test runners.\u001b[39m\u001b[22m\n\u001b[2m    \u001b[31m\u001b[1m>\u001b[22m\u001b[2m\u001b[39m\u001b[90m 88 |\u001b[39m     \u001b[36mconst\u001b[39m [hw\u001b[33m,\u001b[39m hwNoMax] \u001b[33m=\u001b[39m \u001b[36mawait\u001b[39m \u001b[33mPromise\u001b[39m\u001b[33m.\u001b[39mall([\u001b[22m\n\u001b[2m     \u001b[90m    |\u001b[39m                           \u001b[31m\u001b[1m^\u001b[22m\u001b[2m\u001b[39m\u001b[22m\n\u001b[2m     \u001b[90m 89 |\u001b[39m         prisma\u001b[33m.\u001b[39mhomework\u001b[33m.\u001b[39mcreate({ data\u001b[33m:\u001b[39m { title\u001b[33m:\u001b[39m \u001b[32m`HW-${ts}`\u001b[39m\u001b[33m,\u001b[39m classId\u001b[33m:\u001b[39m cls1\u001b[33m.\u001b[39mid\u001b[33m,\u001b[39m subjectId\u001b[33m,\u001b[39m dueDate\u001b[33m:\u001b[39m \u001b[36mnew\u001b[39m \u001b[33mDate\u001b[39m() } })\u001b[33m,\u001b[39m\u001b[22m\n\u001b[2m     \u001b[90m 90 |\u001b[39m         prisma\u001b[33m.\u001b[39mhomework\u001b[33m.\u001b[39mcreate({ data\u001b[33m:\u001b[39m { title\u001b[33m:\u001b[39m \u001b[32m`HW2-${ts}`\u001b[39m\u001b[33m,\u001b[39m classId\u001b[33m:\u001b[39m cls1\u001b[33m.\u001b[39mid\u001b[33m,\u001b[39m subjectId\u001b[33m,\u001b[39m dueDate\u001b[33m:\u001b[39m \u001b[36mnew\u001b[39m \u001b[33mDate\u001b[39m() } })\u001b[22m\n\u001b[2m     \u001b[90m 91 |\u001b[39m     ])\u001b[33m;\u001b[39m\u001b[0m\u001b[22m\n\u001b[2m\u001b[22m\n\u001b[2m      \u001b[2mat Ln.handleRequestError (\u001b
[...]
3370014931,"message":"","name":"C:\\Users\\Pc\\Downloads\\peek-school-system-backend-main\\peek-school-system-backend-main\\__tests__\\tenant-academic.test.js","startTime":1773370014858,"status":"passed","summary":""},{"assertionResults":[{"ancestorTitles":["Input Validation 4D (POS)","POST /api/pos/items"],"duration":13,"failing":false,"failureDetails":[],"failureMessages":[],"fullName":"Input Validation 4D (POS) POST /api/pos/items create item missing name → 400 VALIDATION_ERROR","invocations":1,"location":null,"numPassingAsserts":3,"retryReasons":[],"startAt":1773370014904,"status":"passed","title":"create item missing name → 400 VALIDATION_ERROR"},{"ancestorTitles":["Input Validation 4D (POS)","POST /api/pos/items"],"duration":10,"failing":false,"failureDetails":[],"failureMessages":[],"fullName":"Input Validation 4D (POS) POST /api/pos/items create item negative price → 400 VALIDATION_ERROR","invocations":1,"location":null,"numPassingAsserts":3,"retryReasons":[],"startAt":1773370014917,"status":"passed","title":"create item negative price → 400 VALIDATION_ERROR"},{"ancestorTitles":["Input Validation 4D (POS)","POST /api/pos/items"],"duration":6,"failing":false,"failureDetails":[],"failureMessages":[],"fullName":"Input Validation 4D (POS) POST /api/pos/items create item valid payload → 200","invocations":1,"location":null,"numPassingAsserts":1,"retryReasons":[],"startAt":1773370014927,"status":"passed","title":"create item valid payload → 200"},{"ancestorTitles":["Input Validation 4D (POS)","PUT /api/pos/items/:id"],"duration":6,"failing":false,"failureDetails":[],"failureMessages":[],"fullName":"Input Validation 4D (POS) PUT /api/pos/items/:id update item invalid price type → 400 VALIDATION_ERROR","invocations":1,"location":null,"numPassingAsserts":3,"retryReasons":[],"startAt":1773370014933,"status":"passed","title":"update item invalid price type → 400 VALIDATION_ERROR"},{"ancestorTitles":["Input Validation 4D (POS)","DELETE /api/pos/items/:id"],"duration":8,"failing":false,"failureDetails":[],"failureMessages":[],"fullName":"Input Validation 4D (POS) DELETE /api/pos/items/:id delete item invalid UUID param → 400 VALIDATION_ERROR","invocations":1,"location":null,"numPassingAsserts":3,"retryReasons":[],"startAt":1773370014939,"status":"passed","title":"delete item invalid UUID param → 400 VALIDATION_ERROR"},{"ancestorTitles":["Input Validation 4D (POS)","POST /api/pos/orders"],"duration":6,"failing":false,"failureDetails":[],"failureMessages":[],"fullName":"Input Validation 4D (POS) POST /api/pos/orders create order empty items array → 400 VALIDATION_ERROR","invocations":1,"location":null,"numPassingAsserts":3,"retryReasons":[],"startAt":1773370014947,"status":"passed","title":"create order empty items array → 400 VALIDATION_ERROR"},{"ancestorTitles":["Input Validation 4D (POS)","POST /api/pos/orders"],"duration":4,"failing":false,"failureDetails":[],"failureMessages":[],"fullName":"Input Validation 4D (POS) POST /api/pos/orders create order invalid quantity (0) → 400 VALIDATION_ERROR","invocations":1,"location":null,"numPassingAsserts":3,"retryReasons":[],"startAt":1773370014953,"status":"passed","title":"create order invalid quantity (0) → 400 VALIDATION_ERROR"},{"ancestorTitles":["Input Validation 4D (POS)","POST /api/pos/orders"],"duration":5,"failing":false,"failureDetails":[],"failureMessages":[],"fullName":"Input Validation 4D (POS) POST /api/pos/orders create order invalid studentId → 400 VALIDATION_ERROR","invocations":1,"location":null,"numPassingAsserts":3,"retryReasons":[],"startAt":1773370014957,"status":"passed","title":"create order invalid studentId → 400 VALIDATION_ERROR"},{"ancestorTitles":["Input Validation 4D (POS)","POST /api/pos/orders"],"duration":8,"failing":false,"failureDetails":[],"failureMessages":[],"fullName":"Input Validation 4D (POS) POST /api/pos/orders create order valid payload → 200","invocations":1,"location":null,"numPassingAsserts":1,"retryReasons":[],"startAt":1773370014962,"status":"passed","title":"create order valid payload → 200"},{"ancestorTitles":["Input Validation 4D (POS)","GET /api/pos/verify-card/:nfcId"],"duration":5,"failing":false,"failureDetails":[],"failureMessages":[],"fullName":"Input Validation 4D (POS) GET /api/pos/verify-card/:nfcId verify-card invalid nfcId param (too short) → 400 VALIDATION_ERROR","invocations":1,"location":null,"numPassingAsserts":3,"retryReasons":[],"startAt":1773370014970,"status":"passed","title":"verify-card invalid nfcId param (too short) → 400 VALIDATION_ERROR"}],"endTime":1773370014976,"message":"","name":"C:\\Users\\Pc\\Downloads\\peek-school-system-backend-main\\peek-school-system-backend-main\\__tests__\\validation-4d.test.js","startTime":1773370014626,"status":"passed","summary":""},{"assertionResults":[],"coverage":{},"endTime":1773370028820,"message":"  \u001b[1m● \u001b[22mTest suite failed to run\n\n    Your test suite must contain at least one test.\n\n      \u001b[2mat onResult (\u001b[22mnode_modules/@jest/core/build/index.js\u001b[2m:1057:18)\u001b[22m\n      \u001b[2mat \u001b[22mnode_modules/@jest/core/build/index.js\u001b[2m:1127:165\u001b[22m\n      \u001b[2mat \u001b[22mnode_modules/emittery/index.js\u001b[2m:363:13\u001b[22m\n          at Array.map (<anonymous>)\n      \u001b[2mat Emittery.emit (\u001b[22mnode_modules/emittery/index.js\u001b[2m:361:23)\u001b[22m\n","name":"C:\\Users\\Pc\\Downloads\\peek-school-system-backend-main\\peek-school-system-backend-main\\__tests__\\helpers.js","startTime":1773370028820,"status":"failed","summary":""},{"assertionResults":[{"ancestorTitles":["Stats: Student Count Bug"],"duration":236,"failing":false,"failureDetails":[],"failureMessages":[],"fullName":"Stats: Student Count Bug Dashboard stats endpoint should return accurate enrolled student count","invocations":1,"location":null,"numPassingAsserts":3,"retryReasons":[],"startAt":1773370023864,"status":"passed","title":"Dashboard stats endpoint should return accurate enrolled student count"}],"endTime":1773370024783,"message":"","name":"C:\\Users\\Pc\\Downloads\\peek-school-system-backend-main\\peek-school-system-backend-main\\__tests__\\stats-student-count.test.js","startTime":1773370008567,"status":"passed","summary":""},{"assertionResults":[{"ancestorTitles":["Regression: POST /api/school/students 404"],"duration":188,"failing":false,"failureDetails":[],"failureMessages":[],"fullName":"Regression: POST /api/school/students 404 Should return 201 when creating a student","invocations":1,"location":null,"numPassingAsserts":2,"retryReasons":[],"startAt":1773370024089,"status":"passed","title":"Should return 201 when creating a student"}],"endTime":1773370025013,"message":"","name":"C:\\Users\\Pc\\Downloads\\peek-school-system-backend-main\\peek-school-system-backend-main\\__tests__\\regression-create-student-route.test.js","startTime":1773370011386,"status":"passed","summary":""},{"assertionResults":[{"ancestorTitles":["Golden Path: Admin E2E Journey"],"duration":184,"failing":false,"failureDetails":[],"failureMessages":[],"fullName":"Golden Path: Admin E2E Journey Step 1: Super Admin acquires access token via /api/auth/login","invocations":1,"location":null,"numPassingAsserts":3,"retryReasons":[],"startAt":1773370024216,"status":"passed","title":"Step 1: Super Admin acquires access token via /api/auth/login"},{"ancestorTitles":["Golden Path: Admin E2E Journey"],"duration":212,"failing":false,"failureDetails":[],"failureMessages":[],"fullName":"Golden Path: Admin E2E Journey Step 2: Super Admin provisions a fully initialized school via Onboarding API","invocations":1,"location":null,"numPassingAsserts":5,"retryReasons":[],"startAt":1773370024401,"status":"passed","title":"Step 2: Super Admin provisions a fully initialized school via Onboarding API"},{"ancestorTitles":["Golden Path: Admin E2E Journey"],"duration":130,"failing":false,"failureDetails":[],"failureMessages":[],"fullName":"Golden Path: Admin E2E Journey Step 3: New School Admin acquires access token via /api/auth/login","invocations":1,"location":null,"numPassingAsserts":3,"retryReasons":[],"startAt":1773370024613,"status":"passed","title":"Step 3: New School Admin acquires access token via /api/auth/login"},{"ancestorTitles":["Golden Path: Admin E2E Journey"],"duration":166,"failing":false,"failureDetails":[],"failureMessages":[],"fullName":"Golden Path: Admin E2E Journey Step 4: School Admin creates a student enrolled into the active class","invocations":1,"location":null,"numPassingAsserts":3,"retryReasons":[],"startAt":1773370024744,"status":"passed","title":"Step 4: School Admin creates a student enrolled into the active class"},{"ancestorTitles":["Golden Path: Admin E2E Journey"],"duration":32,"failing":false,"failureDetails":[],"failureMessages":[],"fullName":"Golden Path: Admin E2E Journey Step 5: School Admin submits bulk attendance for the class","invocations":1,"location":null,"numPassingAsserts":3,"retryReasons":[],"startAt":1773370024910,"status":"passed","title":"Step 5: School Admin submits bulk attendance for the class"},{"ancestorTitles":["Golden Path: Admin E2E Journey"],"duration":20,"failing":false,"failureDetails":[],"failureMessages":[],"fullName":"Golden Path: Admin E2E Journey Step 6: School Admin fetches report overview proving downstream pipelines function correctly","invocations":1,"location":null,"numPassingAsserts":3,"retryReasons":[],"startAt":1773370024942,"status":"passed","title":"Step 6: School Admin fetches report overview proving downstream pipelines function correctly"},{"ancestorTitles":["Golden Path: Admin E2E Journey"],"duration":11,"failing":false,"failureDetails":[],"failureMessages":[],"fullName":"Golden Path: Admin E2E Journey Step 7 (Optional): School Admin creates a POS item","invocations":1,"location":null,"numPassingAsserts":1,"retryReasons":[],"startAt":1773370024962,"status":"passed","title":"Step 7 (Optional): School Admin creates a POS item"},{"ancestorTitles":["Golden Path: Admin E2E Journey"],"duration":89,"failing":false,"failureDetails":[],"failureMessages":[],"fullName":"Golden Path: Admin E2E Journey Step 8 (Optional): School Admin processes an active POS order for the student","invocations":1,"location":null,"numPassingAsserts":2,"retryReasons":[],"startAt":1773370024973,"status":"passed","title":"Step 8 (Optional): School Admin processes an active POS order for the student"}],"endTime":1773370025556,"message":"","name":"C:\\Users\\Pc\\Downloads\\peek-school-system-backend-main\\peek-school-system-backend-main\\__tests__\\golden-path-admin.test.js","startTime":1773370011564,"status":"passed","summary":""},{"assertionResults":[{"ancestorTitles":["POST /api/school/students (404 Class Not Found)"],"duration":13,"failing":false,"failureDetails":[],"failureMessages":[],"fullName":"POST /api/school/students (404 Class Not Found) Should return 404 NOT_FOUND when the classId does not exist","invocations":1,"location":null,"numPassingAsserts":4,"retryReasons":[],"startAt":1773370025340,"status":"passed","title":"Should return 404 NOT_FOUND when the classId does not exist"},{"ancestorTitles":["POST /api/school/students (404 Class Not Found)"],"duration":119,"failing":false,"failureDetails":[],"failureMessages":[],"fullName":"POST /api/school/students (404 Class Not Found) Should return 201 when the classId is valid (positive assertion)","invocations":1,"location":null,"numPassingAsserts":2,"retryReasons":[],"startAt":1773370025353,"status":"passed","title":"Should return 201 when the classId is valid (positive assertion)"}],"endTime":1773370025953,"message":"","name":"C:\\Users\\Pc\\Downloads\\peek-school-system-backend-main\\peek-school-system-backend-main\\__tests__\\create-student-notfound-class.test.js","startTime":1773370011398,"status":"passed","summary":""},{"assertionResults":[{"ancestorTitles":["Golden Path: Parent E2E Journey"],"duration":113,"failing":false,"failureDetails":[],"failureMessages":[],"fullName":"Golden Path: Parent E2E Journey Step 1: Super Admin logs in","invocations":1,"location":null,"numPassingAsserts":2,"retryReasons":[],"startAt":1773370025028,"status":"passed","title":"Step 1: Super Admin logs in"},{"ancestorTitles":["Golden Path: Parent E2E Journey"],"duration":117,"failing":false,"failureDetails":[],"failureMessages":[],"fullName":"Golden Path: Parent E2E Journey Step 2: Onboard school with class","invocations":1,"location":null,"numPassingAsserts":2,"retryReasons":[],"startAt":1773370025141,"status":"passed","title":"Step 2: Onboard school with class"},{"ancestorTitles":["Golden Path: Parent E2E Journey"],"duration":82,"failing":false,"failureDetails":[],"failureMessages":[],"fullName":"Golden Path: Parent E2E Journey Step 3: School Admin logs in","invocations":1,"location":null,"numPassingAsserts":1,"retryReasons":[],"startAt":1773370025258,"status":"passed","title":"Step 3: School Admin logs in"},{"ancestorTitles":["Golden Path: Parent E2E Journey"],"duration":128,"failing":false,"failureDetails":[],"failureMessages":[],"fullName":"Golden Path: Parent E2E Journey Step 4: Admin creates student (auto-creates parent)","invocations":1,"location":null,"numPassingAsserts":2,"retryReasons":[],"startAt":1773370025341,"status":"passed","title":"Step 4: Admin creates student (auto-creates parent)"},{"ancestorTitles":["Golden Path: Parent E2E Journey"],"duration":25,"failing":false,"failureDetails":[],"failureMessages":[],"fullName":"Golden Path: Parent E2E Journey Step 5: Admin submits attendance for the student","invocations":1,"location":null,"numPassingAsserts":2,"retryReasons":[],"startAt":1773370025469,"status":"passed","title":"Step 5: Admin submits attendance for the student"},{"ancestorTitles":["Golden Path: Parent E2E Journey"],"duration":96,"failing":false,"failureDetails":[],"failureMessages":[],"fullName":"Golden Path: Parent E2E Journey Step 6: Parent logs in","invocations":1,"location":null,"numPassingAsserts":2,"retryReasons":[],"startAt":1773370025495,"status":"passed","title":"Step 6: Parent logs in"},{"ancestorTitles":["Golden Path: Parent E2E Journey"],"duration":27,"failing":false,"failureDetails":[],"failureMessages":[],"fullName":"Golden Path: Parent E2E Journey Step 7: GET /api/students/my-children returns at least 1 child","invocations":1,"location":null,"numPassingAsserts":3,"retryReasons":[],"startAt":1773370025591,"status":"passed","title":"Step 7: GET /api/students/my-children returns at least 1 child"},{"ancestorTitles":["Golden Path: Parent E2E Journey"],"duration":12,"failing":false,"failureDetails":[],"failureMessages":[],"fullName":"Golden Path: Parent E2E Journey Step 8: GET /api/parent/attendance/:studentId returns 200 with records+summary","invocations":1,"location":null,"numPassingAsserts":5,"retryReasons":[],"startAt":1773370025618,"status":"passed","title":"Step 8: GET /api/parent/attendance/:studentId returns 200 with records+summary"},{"ancestorTitles":["Golden Path: Parent E2E Journey"],"duration":12,"failing":false,"failureDetails":[],"failureMessages":[],"fullName":"Golden Path: Parent E2E Journey Step 9: GET /api/academics/homework?studentId=... returns 200","invocations":1,"location":null,"numPassingAsserts":3,"retryReasons":[],"startAt":1773370025630,"status":"passed","title":"Step 9: GET /api/academics/homework?studentId=... returns 200"},{"ancestorTitles":["Golden Path: Parent E2E Journey"],"duration":9,"failing":false,"failureDetails":[],"failureMessages":[],"fullName":"Golden Path: Parent E2E Journey Step 10: GET /api/parent/invoices/:studentId returns 200 with invoices","invocations":1,"location":null,"numPassingAsserts":4,"retryReasons":[],"startAt":1773370025642,"status":"passed","title":"Step 10: GET /api/parent/invoices/:studentId returns 200 with invoices"}],"endTime":1773370026085,"message":"","name":"C:\\Users\\Pc\\Downloads\\peek-school-system-backend-main\\peek-school-system-backend-main\\__tests__\\golden-path-parent.test.js","startTime":1773370011472,"status":"passed","summary":""},{"assertionResults":[{"ancestorTitles":["MVP Release Gate E2E"],"duration":117,"failing":false,"failureDetails":[],"failureMessages":[],"fullName":"MVP Release Gate E2E login super admin","invocations":1,"location":null,"numPassingAsserts":1,"retryReasons":[],"startAt":1773370025069,"status":"passed","title":"login super admin"},{"ancestorTitles":["MVP Release Gate E2E"],"duration":101,"failing":false,"failureDetails":[],"failureMessages":[],"fullName":"MVP Release Gate E2E provision school via Onboarding API","invocations":1,"location":null,"numPassingAsserts":1,"retryReasons":[],"startAt":1773370025186,"status":"passed","title":"provision school via Onboarding API"},{"ancestorTitles":["MVP Release Gate E2E"],"duration":81,"failing":false,"failureDetails":[],"failureMessages":[],"fullName":"MVP Release Gate E2E login admin","invocations":1,"location":null,"numPassingAsserts":1,"retryReasons":[],"startAt":1773370025287,"status":"passed","title":"login admin"},{"ancestorTitles":["MVP Release Gate E2E"],"duration":92,"failing":false,"failureDetails":[],"failureMessages":[],"fullName":"MVP Release Gate E2E create teacher","invocations":1,"location":null,"numPassingAsserts":1,"retryReasons":[],"startAt":1773370025368,"status":"passed","title":"create teacher"},{"ancestorTitles":["MVP Release Gate E2E"],"duration":29,"failing":false,"failureDetails":[],"failureMessages":[],"fullName":"MVP Release Gate E2E create subject","invocations":1,"location":null,"numPassingAsserts":1,"retryReasons":[],"startAt":1773370025460,"status":"passed","title":"create subject"},{"ancestorTitles":["MVP Release Gate E2E"],"duration":28,"failing":false,"failureDetails":[],"failureMessages":[],"fullName":"MVP Release Gate E2E create class","invocations":1,"location":null,"numPassingAsserts":1,"retryReasons":[],"startAt":1773370025489,"status":"passed","title":"create class"},{"ancestorTitles":["MVP Release Gate E2E"],"duration":118,"failing":false,"failureDetails":[],"failureMessages":[],"fullName":"MVP Release Gate E2E create student","invocations":1,"location":null,"numPassingAsserts":1,"retryReasons":[],"startAt":1773370025517,"status":"passed","title":"create student"},{"ancestorTitles":["MVP Release Gate E2E"],"duration":79,"failing":false,"failureDetails":[],"failureMessages":[],"fullName":"MVP Release Gate E2E login teacher","invocations":1,"location":null,"numPassingAsserts":1,"retryReasons":[],"startAt":1773370025635,"status":"passed","title":"login teacher"},{"ancestorTitles":["MVP Release Gate E2E"],"duration":18,"failing":false,"failureDetails":[],"failureMessages":[],"fullName":"MVP Release Gate E2E attendance bulk submit","invocations":1,"location":null,"numPassingAsserts":1,"retryReasons":[],"startAt":1773370025714,"status":"passed","title":"attendance bulk submit"},{"ancestorTitles":["MVP Release Gate E2E"],"duration":12,"failing":false,"failureDetails":[],"failureMessages":[],"fullName":"MVP Release Gate E2E attendance fetch","invocations":1,"location":null,"numPassingAsserts":1,"retryReasons":[],"startAt":1773370025732,"status":"passed","title":"attendance fetch"},{"ancestorTitles":["MVP Release Gate E2E"],"duration":165,"failing":false,"failureDetails":[],"failureMessages":[],"fullName":"MVP Release Gate E2E login parent","invocations":1,"location":null,"numPassingAsserts":1,"retryReasons":[],"startAt":1773370025744,"status":"passed","title":"login parent"},{"ancestorTitles":["MVP Release Gate E2E"],"duration":26,"failing":false,"failureDetails":[],"failureMessages":[],"fullName":"MVP Release Gate E2E broadcast create + announcements read","invocations":1,"location":null,"numPassingAsserts":4,"retryReasons":[],"startAt":1773370025909,"status":"passed","title":"broadcast create + announcements read"}],"endTime":1773370026288,"message":"","name":"C:\\Users\\Pc\\Downloads\\peek-school-system-backend-main\\peek-school-system-backend-main\\__tests__\\mvp-release-gate.test.js","startTime":1773370011711,"status":"passed","summary":""}],"wasInterrupted":false}
