{"numFailedTestSuites":1,"numFailedTests":8,"numPassedTestSuites":0,"numPassedTests":0,"numPendingTestSuites":0,"numPendingTests":0,"numRuntimeErrorTestSuites":0,"numTodoTests":0,"numTotalTestSuites":1,"numTotalTests":8,"openHandles":[],"snapshot":{"added":0,"didUpdate":false,"failure":false,"filesAdded":0,"filesRemoved":0,"filesRemovedList":[],"filesUnmatched":0,"filesUpdated":0,"matched":0,"total":0,"unchecked":0,"uncheckedKeysByFile":[],"unmatched":0,"updated":0},"startTime":1772542655951,"success":false,"testResults":[{"assertionResults":[{"ancestorTitles":["Golden Path: Admin E2E Journey"],"duration":1,"failing":false,"failureDetails":[{"code":"BABEL_PARSE_ERROR","reasonCode":"VarRedeclaration","loc":{"line":3,"column":6,"index":93},"pos":93}],"failureMessages":["\u001b[1m\u001b[31mJest encountered an unexpected token\u001b[39m\u001b[22m\n\nJest failed to parse a file. This happens e.g. when your code or its dependencies use non-standard JavaScript syntax, or when Jest is not configured to support such syntax.\n\nOut of the box Jest supports Babel, which will be used to transform your files into valid JS based on your Babel configuration.\n\nBy default \"node_modules\" folder is ignored by transformers.\n\nHere's what you can do:\n • If you are trying to use ECMAScript Modules, see \u001b[4mhttps://jestjs.io/docs/ecmascript-modules\u001b[24m for how to enable it.\n • If you are trying to use TypeScript, see \u001b[4mhttps://jestjs.io/docs/getting-started#using-typescript\u001b[24m\n • To have some of your \"node_modules\" files transformed, you can specify a custom \u001b[1m\"transformIgnorePatterns\"\u001b[22m in your config.\n • If you need a custom transformation, specify a \u001b[1m\"transform\"\u001b[22m option in your config.\n • If you simply want to mock your non-JS modules (e.g. binary assets) you can stub them out with the \u001b[1m\"moduleNameMapper\"\u001b[22m config option.\n\nYou'll find more details and examples of these config options in the docs:\n\u001b[36mhttps://jestjs.io/docs/configuration\u001b[39m\nFor information about custom transformations, see:\n\u001b[36mhttps://jestjs.io/docs/code-transformation\u001b[39m\n\n\u001b[1m\u001b[31mDetails:\u001b[39m\u001b[22m\n\nSyntaxError: C:\\Users\\Pc\\Downloads\\peek-school-system-backend-main\\peek-school-system-backend-main\\src\\controllers\\statsController.js: Identifier 'logger' has already been declared. (3:6)\n\n\u001b[0m \u001b[90m 1 |\u001b[39m \u001b[36mconst\u001b[39m prisma \u001b[33m=\u001b[39m require(\u001b[32m'../prismaClient'\u001b[39m)\u001b[33m;\u001b[39m\n \u001b[90m 2 |\u001b[39m \u001b[36mconst\u001b[39m logger \u001b[33m=\u001b[39m require(\u001b[32m'../config/logger'\u001b[39m)\u001b[33m;\u001b[39m\n\u001b[31m\u001b[1m>\u001b[22m\u001b[39m\u001b[90m 3 |\u001b[39m \u001b[36mconst\u001b[39m logger \u001b[33m=\u001b[39m require(\u001b[32m'../config/logger'\u001b[39m)\u001b[33m;\u001b[39m\n \u001b[90m   |\u001b[39m       \u001b[31m\u001b[1m^\u001b[22m\u001b[39m\n \u001b[90m 4 |\u001b[39m \u001b[36mconst\u001b[39m { ok\u001b[33m,\u001b[39m fail } \u001b[33m=\u001b[39m require(\u001b[32m'../utils/response'\u001b[39m)\u001b[33m;\u001b[39m\n \u001b[90m 5 |\u001b[39m \u001b[36mconst\u001b[39m { tenantWhere } \u001b[33m=\u001b[39m require(\u001b[32m'../utils/tenant'\u001b[39m)\u001b[33m;\u001b[39m\n \u001b[90m 6 |\u001b[39m \u001b[36mconst\u001b[39m { getPaginationParams } \u001b[33m=\u001b[39m require(\u001b[32m'../utils/pagination'\u001b[39m)\u001b[33m;\u001b[39m\u001b[0m\n    at constructor (C:\\Users\\Pc\\Downloads\\peek-school-system-backend-main\\peek-school-system-backend-main\\node_modules\\@babel\\parser\\src\\parse-error.ts:95:45)\n    at Parser.toParseError [as raise] (C:\\Users\\Pc\\Downloads\\peek-school-system-backend-main\\peek-school-system-backend-main\\node_modules\\@babel\\parser\\src\\tokenizer\\index.ts:1504:19)\n    at ScopeHandler.raise [as checkRedeclarationInScope] (C:\\Users\\Pc\\Downloads\\peek-school-system-backend-main\\peek-school-system-backend-main\\node_modules\\@babel\\parser\\src\\util\\scope.ts:164:19)\n    at ScopeHandler.checkRedeclarationInScope [as declareName] (C:\\Users\\Pc\\Downloads\\peek-school-system-backend-main\\peek-school-system-backend-main\\node_modules\\@babel\\parser\\src\\util\\scope.ts:118:12)\n    at Parser.declareName [as declareNameFromIdentifier] (C:\\Users\\Pc\\Downloads\\peek-school-system-backend-main\\peek-school-system-backend-main\\node_modules\\@babel\\parser\\src\\parser\\lval.ts:876:16)\n    at Parser.declareNameFromIdentifier [as checkIdentifier] (C:\\Users\\Pc\\Downloads\\peek-school-system-backend-main\\peek-school-system-backend-main\\node_modules\\@babel\\parser\\src\\parser\\lval.ts:871:12)\n    at Parser.checkIdentifier [as checkLVal] (C:\\Users\\Pc\\Downloads\\peek-school-system-backend-main\\peek-school-system-backend-main\\node_modules\\@babel\\parser\\src\\parser\\lval.ts:763:12)\n    at Parser.checkLVal [as parseVarId] (C:\\Users\\Pc\\Downloads\\peek-school-system-backend-main\\peek-school-system-backend-main\\node_modules\\@babel\\parser\\src\\parser\\statement.ts:1633:10)\n    at Parser.parseVarId [as parseVar] (C:\\Users\\Pc\\Downloads\\peek-school-system-backend-main\\peek-school-system-backend-main\\node_modules\\@babel\\parser\\src\\parser\\statement.ts:1582:12)\n    at Parser.parseVar [as parseVarStatement] (C:\\Users\\Pc\\Downloads\\peek-school-system-backend-main\\peek-school-system-backend-main\\node_modules\\@babel\\parser\\src\\parser\\statement.ts:1251:10)\n    at Parser.parseVarStatement [as parseStatementContent] (C:\\Users\\Pc\\Downloads\\peek-school-system-backend-main\\peek-school-system-backend-main\\node_modules\\@babel\\parser\\src\\parser\\statement.ts:612:21)\n    at Parser.parseStatementContent [as parseStatementLike] (C:\\Users\\Pc\\Downloads\\peek-school-system-backend-main\\peek-school-system-backend-main\\node_modules\\@babel\\parser\\src\\parser\\statement.ts:482:17)\n    at Parser.parseStatementLike [as parseModuleItem] (C:\\Users\\Pc\\Downloads\\peek-school-system-backend-main\\peek-school-system-backend-main\\node_modules\\@babel\\parser\\src\\parser\\statement.ts:419:17)\n    at Parser.parseModuleItem [as parseBlockOrModuleBlockBody] (C:\\Users\\Pc\\Downloads\\peek-school-system-backend-main\\peek-school-system-backend-main\\node_modules\\@babel\\parser\\src\\parser\\statement.ts:1443:16)\n    at Parser.parseBlockOrModuleBlockBody [as parseBlockBody] (C:\\Users\\Pc\\Downloads\\peek-school-system-backend-main\\peek-school-system-backend-main\\node_modules\\@babel\\parser\\src\\parser\\statement.ts:1417:10)\n    at Parser.parseBlockBody [as parseProgram] (C:\\Users\\Pc\\Downloads\\peek-school-system-backend-main\\peek-school-system-backend-main\\node_modules\\@babel\\parser\\src\\parser\\statement.ts:229:10)\n    at Parser.parseProgram [as parseTopLevel] (C:\\Users\\Pc\\Downloads\\peek-school-system-backend-main\\peek-school-system-backend-main\\node_modules\\@babel\\parser\\src\\parser\\statement.ts:203:25)\n    at Parser.parseTopLevel [as parse] (C:\\Users\\Pc\\Downloads\\peek-school-system-backend-main\\peek-school-system-backend-main\\node_modules\\@babel\\parser\\src\\parser\\index.ts:83:25)\n    at parse (C:\\Users\\Pc\\Downloads\\peek-school-system-backend-main\\peek-school-system-backend-main\\node_modules\\@babel\\parser\\src\\index.ts:86:38)\n    at parser (C:\\Users\\Pc\\Downloads\\peek-school-system-backend-main\\peek-school-system-backend-main\\node_modules\\@babel\\core\\src\\parser\\index.ts:29:19)\n    at parser.next (<anonymous>)\n    at normalizeFile (C:\\Users\\Pc\\Downloads\\peek-school-system-backend-main\\peek-school-system-backend-main\\node_modules\\@babel\\core\\src\\transformation\\normalize-file.ts:50:24)\n    at normalizeFile.next (<anonymous>)\n    at run (C:\\Users\\Pc\\Downloads\\peek-school-system-backend-main\\peek-school-system-backend-main\\node_modules\\@babel\\core\\src\\transformation\\index.ts:41:36)\n    at run.next (<anonymous>)\n    at transform (C:\\Users\\Pc\\Downloads\\peek-school-system-backend-main\\peek-school-system-backend-main\\node_modules\\@babel\\core\\src\\transform.ts:29:20)\n    at transform.next (<anonymous>)\n    at evaluateSync (C:\\Users\\Pc\\Downloads\\peek-school-system-backend-main\\peek-school-system-backend-main\\node_modules\\gensync\\index.js:251:28)\n    at sync (C:\\Users\\Pc\\Downloads\\peek-school-system-backend-main\\peek-school-system-backend-main\\node_modules\\gensync\\index.js:89:14)\n    at fn (C:\\Users\\Pc\\Downloads\\peek-school-system-backend-main\\peek-school-system-backend-main\\node_modules\\@babel\\core\\src\\errors\\rewrite-stack-trace.ts:99:14)\n    at transformSync (C:\\Users\\Pc\\Downloads\\peek-school-system-backend-main\\peek-school-system-backend-main\\node_modules\\@babel\\core\\src\\transform.ts:66:52)\n    at Object.process (C:\\Users\\Pc\\Downloads\\peek-school-system-backend-main\\peek-school-system-backend-main\\node_modules\\babel-jest\\build\\index.js:250:56)\n    at ScriptTransformer.transformSource (C:\\Users\\Pc\\Downloads\\peek-school-system-backend-main\\peek-school-system-backend-main\\node_modules\\@jest\\transform\\build\\index.js:422:31)\n    at ScriptTransformer._transformAndBuildScript (C:\\Users\\Pc\\Downloads\\peek-school-system-backend-main\\peek-school-system-backend-main\\node_modules\\@jest\\transform\\build\\index.js:519:40)\n    at ScriptTransformer.transform (C:\\Users\\Pc\\Downloads\\peek-school-system-backend-main\\peek-school-system-backend-main\\node_modules\\@jest\\transform\\build\\index.js:558:19)\n    at Runtime.transformFile (C:\\Users\\Pc\\Downloads\\peek-school-system-backend-main\\peek-school-system-backend-main\\node_modules\\jest-runtime\\build\\index.js:1290:53)\n    at Runtime._execModule (C:\\Users\\Pc\\Downloads\\peek-school-system-backend-main\\peek-school-system-backend-main\\node_modules\\jest-runtime\\build\\index.js:1243:34)\n    at Runtime._loadModule (C:\\Users\\Pc\\Downloads\\peek-school-system-backend-main\\peek-school-system-backend-main\\node_modules\\jest-runtime\\build\\index.js:944:12)\n    at Runtime.requireModule (C:\\Users\\Pc\\Downloads\\peek-school-system-backend-main\\peek-school-system-backend-main\\node_modules\\jest-runtime\\build\\index.js:832:12)\n    at Runtime.requireModuleOrMock (C:\\Users\\Pc\\Downloads\\peek-school-system-backend-main\\peek-school-system-backend-main\\node_modules\\jest-runtime\\build\\index.js:964:21)\n    at Object.require (C:\\Users\\Pc\\Downloads\\peek-school-system-backend-main\\peek-school-system-backend-main\\src\\routes\\schoolRoutes.js:28:25)\n    at Runtime._execModule (C:\\Users\\Pc\\Downloads\\peek-school-system-backend-main\\peek-school-system-backend-main\\node_modules\\jest-runtime\\build\\index.js:1268:24)\n    at Runtime._loadModule (C:\\Users\\Pc\\Downloads\\peek-school-system-backend-main\\peek-school-system-backend-main\\node_modules\\jest-runtime\\build\\index.js:944:12)\n    at Runtime.requireModule (C:\\Users\\Pc\\Downloads\\peek-school-system-backend-main\\peek-school-system-backend-main\\node_modules\\jest-runtime\\build\\index.js:832:12)\n    at Runtime.requireModuleOrMock (C:\\Users\\Pc\\Downloads\\peek-school-system-backend-main\\peek-school-system-backend-main\\node_modules\\jest-runtime\\build\\index.js:964:21)\n    at Object.require (C:\\Users\\Pc\\Downloads\\peek-school-system-backend-main\\peek-school-system-backend-main\\index.js:25:22)\n    at Runtime._execModule (C:\\Users\\Pc\\Downloads\\peek-school-system-backend-main\\peek-school-system-backend-main\\node_modules\\jest-runtime\\build\\index.js:1268:24)\n    at Runtime._loadModule (C:\\Users\\Pc\\Downloads\\peek-school-system-backend-main\\peek-school-system-backend-main\\node_modules\\jest-runtime\\build\\index.js:944:12)\n    at Runtime.requireModule (C:\\Users\\Pc\\Downloads\\peek-school-system-backend-main\\peek-school-system-backend-main\\node_modules\\jest-runtime\\build\\index.js:832:12)\n    at Runtime.requireModuleOrMock (C:\\Users\\Pc\\Downloads\\peek-school-system-backend-main\\peek-school-system-backend-main\\node_modules\\jest-runtime\\build\\index.js:964:21)\n    at Object.require (C:\\Users\\Pc\\Downloads\\peek-school-system-backend-main\\peek-school-system-backend-main\\__tests__\\golden-path-admin.test.js:48:11)\n    at processTicksAndRejections (node:internal/process/task_queues:103:5)"],"fullName":"Golden Path: Admin E2E Journey Step 1: Super Admin acquires access token via /api/auth/login","invocations":1,"location":null,"numPassingAsserts":0,"retryReasons":[],"startAt":1772542661890,"status":"failed","title":"Step 1: Super Admin acquires access token via /api/auth/login"},{"ancestorTitles":["Golden Path: Admin E2E Journey"],"duration":0,"failing":false,"failureDetails":[{"code":"BABEL_PARSE_ERROR","reasonCode":"VarRedeclaration","loc":{"line":3,"column":6,"index":93},"pos":93}],"failureMessages":["\u001b[1m\u001b[31mJest encountered an unexpected token\u001b[39m\u001b[22m\n\nJest failed to parse a file. This happens e.g. when your code or its dependencies use non-standard JavaScript syntax, or when Jest is not configured to support such syntax.\n\nOut of the box Jest supports Babel, which will be used to transform your files into valid JS based on your Babel configuration.\n\nBy default \"node_modules\" folder is ignored by transformers.\n\nHere's what you can do:\n • If you are trying to use ECMAScript Modules, see \u001b[4mhttps://jestjs.io/docs/ecmascript-modules\u001b[24m for how to enable it.\n • If you are trying to use TypeScript, see \u001b[4mhttps://jestjs.io/docs/getting-started#using-typescript\u001b[24m\n • To have some of your \"node_modules\" files transformed, you can specify a custom \u001b[1m\"transformIgnorePatterns\"\u001b[22m in your config.\n • If you need a custom transformation, specify a \u001b[1m\"transform\"\u001b[22m option in your config.\n • If you simply want to mock your non-JS modules (e.g. binary assets) you can stub them out with the \u001b[1m\"moduleNameMapper\"\u001b[22m config option.\n\nYou'll find more details and examples of these config options in the docs:\n\u001b[36mhttps://jestjs.io/docs/configuration\u001b[39m\nFor information about custom transformations, see:\n\u001b[36mhttps://jestjs.io/docs/code-transformation\u001b[39m\n\n\u001b[1m\u001b[31mDetails:\u001b[39m\u001b[22m\n\nSyntaxError: C:\\Users\\Pc\\Downloads\\peek-school-system-backend-main\\peek-school-system-backend-main\\src\\controllers\\statsController.js: Identifier 'logger' has already been declared. (3:6)\n\n\u001b[0m \u001b[90m 1 |\u001b[39m \u001b[36mconst\u001b[39m prisma \u001b[33m=\u001b[39m require(\u001b[32m'../prismaClient'\u001b[39m)\u001b[33m;\u001b[39m\n \u001b[90m 2 |\u001b[39m \u001b[36mconst\u001b[39m logger \u001b[33m=\u001b[39m require(\u001b[32m'../config/logger'\u001b[39m)\u001b[33m;\u001b[39m\n\u001b[31m\u001b[1m>\u001b[22m\u001b[39m\u001b[90m 3 |\u001b[39m \u001b[36mconst\u001b[39m logger \u001b[33m=\u001b[39m require(\u001b[32m'../config/logger'\u001b[39m)\u001b[33m;\u001b[39m\n \u001b[90m   |\u001b[39m       \u001b[31m\u001b[1m^\u001b[22m\u001b[39m\n \u001b[90m 4 |\u001b[39m \u001b[36mconst\u001b[39m { ok\u001b[33m,\u001b[39m fail } \u001b[33m=\u001b[39m require(\u001b[32m'../utils/response'\u001b[39m)\u001b[33m;\u001b[39m\n \u001b[90m 5 |\u001b[39m \u001b[36mconst\u001b[39m { tenantWhere } \u001b[33m=\u001b[39m require(\u001b[32m'../utils/tenant'\u001b[39m)\u001b[33m;\u001b[39m\n \u001b[90m 6 |\u001b[39m \u001b[36mconst\u001b[39m { getPaginationParams } \u001b[33m=\u001b[39m require(\u001b[32m'../utils/pagination'\u001b[39m)\u001b[33m;\u001b[39m\u001b[0m\n    at constructor (C:\\Users\\Pc\\Downloads\\peek-school-system-backend-main\\peek-school-system-backend-main\\node_modules\\@babel\\parser\\src\\parse-error.ts:95:45)\n    at Parser.toParseError [as raise] (C:\\Users\\Pc\\Downloads\\peek-school-system-backend-main\\peek-school-system-backend-main\\node_modules\\@babel\\parser\\src\\tokenizer\\index.ts:1504:19)\n    at ScopeHandler.raise [as checkRedeclarationInScope] (C:\\Users\\Pc\\Downloads\\peek-school-system-backend-main\\peek-school-system-backend-main\\node_modules\\@babel\\parser\\src\\util\\scope.ts:164:19)\n    at ScopeHandler.checkRedeclarationInScope [as declareName] (C:\\Users\\Pc\\Downloads\\peek-school-system-backend-main\\peek-school-system-backend-main\\node_modules\\@babel\\parser\\src\\util\\scope.ts:118:12)\n    at Parser.declareName [as declareNameFromIdentifier] (C:\\Users\\Pc\\Downloads\\peek-school-system-backend-main\\peek-school-system-backend-main\\node_modules\\@babel\\parser\\src\\parser\\lval.ts:876:16)\n    at Parser.declareNameFromIdentifier [as checkIdentifier] (C:\\Users\\Pc\\Downloads\\peek-school-system-backend-main\\peek-school-system-backend-main\\node_modules\\@babel\\parser\\src\\parser\\lval.ts:871:12)\n    at Parser.checkIdentifier [as checkLVal] (C:\\Users\\Pc\\Downloads\\peek-school-system-backend-main\\peek-school-system-backend-main\\node_modules\\@babel\\parser\\src\\parser\\lval.ts:763:12)\n    at Parser.checkLVal [as parseVarId] (C:\\Users\\Pc\\Downloads\\peek-school-system-backend-main\\peek-school-system-backend-main\\node_modules\\@babel\\parser\\src\\parser\\statement.ts:1633:10)\n    at Parser.parseVarId [as parseVar] (C:\\Users\\Pc\\Downloads\\peek-school-system-backend-main\\peek-school-system-backend-main\\node_modules\\@babel\\parser\\src\\parser\\statement.ts:1582:12)\n    at Parser.parseVar [as parseVarStatement] (C:\\Users\\Pc\\Downloads\\peek-school-system-backend-main\\peek-school-system-backend-main\\node_modules\\@babel\\parser\\src\\parser\\statement.ts:1251:10)\n    at Parser.parseVarStatement [as parseStatementContent] (C:\\Users\\Pc\\Downloads\\peek-school-system-backend-main\\peek-school-system-backend-main\\node_modules\\@babel\\parser\\src\\parser\\statement.ts:612:21)\n    at Parser.parseStatementContent [as parseStatementLike] (C:\\Users\\Pc\\Downloads\\peek-school-system-backend-main\\peek-school-system-backend-main\\node_modules\\@babel\\parser\\src\\parser\\statement.ts:482:17)\n    at Parser.parseStatementLike [as parseModuleItem] (C:\\Users\\Pc\\Downloads\\peek-school-system-backend-main\\peek-school-system-backend-main\\node_modules\\@babel\\parser\\src\\parser\\statement.ts:419:17)\n    at Parser.parseModuleItem [as parseBlockOrModuleBlockBody] (C:\\Users\\Pc\\Downloads\\peek-school-system-backend-main\\peek-school-system-backend-main\\node_modules\\@babel\\parser\\src\\parser\\statement.ts:1443:16)\n    at Parser.parseBlockOrModuleBlockBody [as parseBlockBody] (C:\\Users\\Pc\\Downloads\\peek-school-system-backend-main\\peek-school-system-backend-main\\node_modules\\@babel\\parser\\src\\parser\\statement.ts:1417:10)\n    at Parser.parseBlockBody [as parseProgram] (C:\\Users\\Pc\\Downloads\\peek-school-system-backend-main\\peek-school-system-backend-main\\node_modules\\@babel\\parser\\src\\parser\\statement.ts:229:10)\n    at Parser.parseProgram [as parseTopLevel] (C:\\Users\\Pc\\Downloads\\peek-school-system-backend-main\\peek-school-system-backend-main\\node_modules\\@babel\\parser\\src\\parser\\statement.ts:203:25)\n    at Parser.parseTopLevel [as parse] (C:\\Users\\Pc\\Downloads\\peek-school-system-backend-main\\peek-school-system-backend-main\\node_modules\\@babel\\parser\\src\\parser\\index.ts:83:25)\n    at parse (C:\\Users\\Pc\\Downloads\\peek-school-system-backend-main\\peek-school-system-backend-main\\node_modules\\@babel\\parser\\src\\index.ts:86:38)\n    at parser (C:\\Users\\Pc\\Downloads\\peek-school-system-backend-main\\peek-school-system-backend-main\\node_modules\\@babel\\core\\src\\parser\\index.ts:29:19)\n    at parser.next (<anonymous>)\n    at normalizeFile (C:\\Users\\Pc\\Downloads\\peek-school-system-backend-main\\peek-school-system-backend-main\\node_modules\\@babel\\core\\src\\transformation\\normalize-file.ts:50:24)\n    at normalizeFile.next (<anonymous>)\n    at run (C:\\Users\\Pc\\Downloads\\peek-school-system-backend-main\\peek-school-system-backend-main\\node_modules\\@babel\\core\\src\\transformation\\index.ts:41:36)\n    at run.next (<anonymous>)\n    at transform (C:\\Users\\Pc\\Downloads\\peek-school-system-backend-main\\peek-school-system-backend-main\\node_modules\\@babel\\core\\src\\transform.ts:29:20)\n    at transform.next (<anonymous>)\n    at evaluateSync (C:\\Users\\Pc\\Downloads\\peek-school-system-backend-main\\peek-school-system-backend-main\\node_modules\\gensync\\index.js:251:28)\n    at sync (C:\\Users\\Pc\\Downloads\\peek-school-system-backend-main\\peek-school-system-backend-main\\node_modules\\gensync\\index.js:89:14)\n    at fn (C:\\Users\\Pc\\Downloads\\peek-school-system-backend-main\\peek-school-system-backend-main\\node_modules\\@babel\\core\\src\\errors\\rewrite-stack-trace.ts:99:14)\n    at transformSync (C:\\Users\\Pc\\Downloads\\peek-school-system-backend-main\\peek-school-system-backend-main\\node_modules\\@babel\\core\\src\\transform.ts:66:52)\n    at Object.process (C:\\Users\\Pc\\Downloads\\peek-school-system-backend-main\\peek-school-system-backend-main\\node_modules\\babel-jest\\build\\index.js:250:56)\n    at ScriptTransformer.transformSource (C:\\Users\\Pc\\Downloads\\peek-school-system-backend-main\\peek-school-system-backend-main\\node_modules\\@jest\\transform\\build\\index.js:422:31)\n    at ScriptTransformer._transformAndBuildScript (C:\\Users\\Pc\\Downloads\\peek-school-system-backend-main\\peek-school-system-backend-main\\node_modules\\@jest\\transform\\build\\index.js:519:40)\n    at ScriptTransformer.transform (C:\\Users\\Pc\\Downloads\\peek-school-system-backend-main\\peek-school-system-backend-main\\node_modules\\@jest\\transform\\build\\index.js:558:19)\n    at Runtime.transformFile (C:\\Users\\Pc\\Downloads\\peek-school-system-backend-main\\peek-school-system-backend-main\\node_modules\\jest-runtime\\build\\index.js:1290:53)\n    at Runtime._execModule (C:\\Users\\Pc\\Downloads\\peek-school-system-backend-main\\peek-school-system-backend-main\\node_modules\\jest-runtime\\build\\index.js:1243:34)\n    at Runtime._loadModule (C:\\Users\\Pc\\Downloads\\peek-school-system-backend-main\\peek-school-system-backend-main\\node_modules\\jest-runtime\\build\\index.js:944:12)\n    at Runtime.requireModule (C:\\Users\\Pc\\Downloads\\peek-school-system-backend-main\\peek-school-system-backend-main\\node_modules\\jest-runtime\\build\\index.js:832:12)\n    at Runtime.requireModuleOrMock (C:\\Users\\Pc\\Downloads\\peek-school-system-backend-main\\peek-school-system-backend-main\\node_modules\\jest-runtime\\build\\index.js:964:21)\n    at Object.require (C:\\Users\\Pc\\Downloads\\peek-school-system-backend-main\\peek-school-system-backend-main\\src\\routes\\schoolRoutes.js:28:25)\n    at Runtime._execModule (C:\\Users\\Pc\\Downloads\\peek-school-system-backend-main\\peek-school-system-backend-main\\node_modules\\jest-runtime\\build\\index.js:1268:24)\n    at Runtime._loadModule (C:\\Users\\Pc\\Downloads\\peek-school-system-backend-main\\peek-school-system-backend-main\\node_modules\\jest-runtime\\build\\index.js:944:12)\n    at Runtime.requireModule (C:\\Users\\Pc\\Downloads\\peek-school-system-backend-main\\peek-school-system-backend-main\\node_modules\\jest-runtime\\build\\index.js:832:12)\n    at Runtime.requireModuleOrMock (C:\\Users\\Pc\\Downloads\\peek-school-system-backend-main\\peek-school-system-backend-main\\node_modules\\jest-runtime\\build\\index.js:964:21)\n    at Object.require (C:\\Users\\Pc\\Downloads\\peek-school-system-backend-main\\peek-school-system-backend-main\\index.js:25:22)\n    at Runtime._execModule (C:\\Users\\Pc\\Downloads\\peek-school-system-backend-main\\peek-school-system-backend-main\\node_modules\\jest-runtime\\build\\index.js:1268:24)\n    at Runtime._loadModule (C:\\Users\\Pc\\Downloads\\peek-school-system-backend-main\\peek-school-system-backend-main\\node_modules\\jest-runtime\\build\\index.js:944:12)\n    at Runtime.requireModule (C:\\Users\\Pc\\Downloads\\peek-school-system-backend-main\\peek-school-system-backend-main\\node_modules\\jest-runtime\\build\\index.js:832:12)\n    at Runtime.requireModuleOrMock (C:\\Users\\Pc\\Downloads\\peek-school-system-backend-main\\peek-school-system-backend-main\\node_modules\\jest-runtime\\build\\index.js:964:21)\n    at Object.require (C:\\Users\\Pc\\Downloads\\peek-school-system-backend-main\\peek-school-system-backend-main\\__tests__\\golden-path-admin.test.js:48:11)\n    at processTicksAndRejections (node:internal/process/task_queues:103:5)"],"fullName":"Golden Path: Admin E2E Journey Step 2: Super Admin provisions a fully initialized school via Onboarding API","invocations":1,"location":null,"numPassingAsserts":0,"retryReasons":[],"startAt":1772542661892,"status":"failed","title":"Step 2: Super Admin provisions a fully initialized school via Onboarding API"},{"ancestorTitles":["Golden Path: Admin E2E Journey"],"duration":0,"failing":false,"failureDetails":[{"code":"BABEL_PARSE_ERROR","reasonCode":"VarRedeclaration","loc":{"line":3,"column":6,"index":93},"pos":93}],"failureMessages":["\u001b[1m\u001b[31mJest encountered an unexpected token\u001b[39m\u001b[22m\n\nJest failed to parse a file. This happens e.g. when your code or its dependencies use non-standard JavaScript syntax, or when Jest is not configured to support such syntax.\n\nOut of the box Jest supports Babel, which will be used to transform your files into valid JS based on your Babel configuration.\n\nBy default \"node_modules\" folder is ignored by transformers.\n\nHere's what you can do:\n • If you are trying to use ECMAScript Modules, see \u001b[4mhttps://jestjs.io/docs/ecmascript-modules\u001b[24m for how to enable it.\n • If you are trying to use TypeScript, see \u001b[4mhttps://jestjs.io/docs/getting-started#using-typescript\u001b[24m\n • To have some of your \"node_modules\" files transformed, you can specify a custom \u001b[1m\"transformIgnorePatterns\"\u001b[22m in your config.\n • If you need a custom transformation, specify a \u001b[1m\"transform\"\u001b[22m option in your config.\n • If you simply want to mock your non-JS modules (e.g. binary assets) you can stub them out with the \u001b[1m\"moduleNameMapper\"\u001b[22m config option.\n\nYou'll find more details and examples of these config options in the docs:\n\u001b[36mhttps://jestjs.io/docs/configuration\u001b[39m\nFor information about custom transformations, see:\n\u001b[36mhttps://jestjs.io/docs/code-transformation\u001b[39m\n\n\u001b[1m\u001b[31mDetails:\u001b[39m\u001b[22m\n\nSyntaxError: C:\\Users\\Pc\\Downloads\\peek-school-system-backend-main\\peek-school-system-backend-main\\src\\controllers\\statsController.js: Identifier 'logger' has already been declared. (3:6)\n\n\u001b[0m \u001b[90m 1 |\u001b[39m \u001b[36mconst\u001b[39m prisma \u001b[33m=\u001b[39m require(\u001b[32m'../prismaClient'\u001b[39m)\u001b[33m;\u001b[39m\n \u001b[90m 2 |\u001b[39m \u001b[36mconst\u001b[39m logger \u001b[33m=\u001b[39m require(\u001b[32m'../config/logger'\u001b[39m)\u001b[33m;\u001b[39m\n\u001b[31m\u001b[1m>\u001b[22m\u001b[39m\u001b[90m 3 |\u001b[39m \u001b[36mconst\u001b[39m logger \u001b[33m=\u001b[39m require(\u001b[32m'../config/logger'\u001b[39m)\u001b[33m;\u001b[39m\n \u001b[90m   |\u001b[39m       \u001b[31m\u001b[1m^\u001b[22m\u001b[39m\n \u001b[90m 4 |\u001b[39m \u001b[36mconst\u001b[39m { ok\u001b[33m,\u001b[39m fail } \u001b[33m=\u001b[39m require(\u001b[32m'../utils/response'\u001b[39m)\u001b[33m;\u001b[39m\n \u001b[90m 5 |\u001b[39m \u001b[36mconst\u001b[39m { tenantWhere } \u001b[33m=\u001b[39m require(\u001b[32m'../utils/tenant'\u001b[39m)\u001b[33m;\u001b[39m\n \u001b[90m 6 |\u001b[39m \u001b[36mconst\u001b[39m { getPaginationParams } \u001b[33m=\u001b[39m require(\u001b[32m'../utils/pagination'\u001b[39m)\u001b[33m;\u001b[39m\u001b[0m\n    at constructor (C:\\Users\\Pc\\Downloads\\peek-school-system-backend-main\\peek-school-system-backend-main\\node_modules\\@babel\\parser\\src\\parse-error.ts:95:45)\n    at Parser.toParseError [as raise] (C:\\Users\\Pc\\Downloads\\peek-school-system-backend-main\\peek-school-system-backend-main\\node_modules\\@babel\\parser\\src\\tokenizer\\index.ts:1504:19)\n    at ScopeHandler.raise [as checkRedeclarationInScope] (C:\\Users\\Pc\\Downloads\\peek-school-system-backend-main\\peek-school-system-backend-main\\node_modules\\@babel\\parser\\src\\util\\scope.ts:164:19)\n    at ScopeHandler.checkRedeclarationInScope [as declareName] (C:\\Users\\Pc\\Downloads\\peek-school-system-backend-main\\peek-school-system-backend-main\\node_modules\\@babel\\parser\\src\\util\\scope.ts:118:12)\n    at Parser.declareName [as declareNameFromIdentifier] (C:\\Users\\Pc\\Downloads\\peek-school-system-backend-main\\peek-school-system-backend-main\\node_modules\\@babel\\parser\\src\\parser\\lval.ts:876:16)\n    at Parser.declareNameFromIdentifier [as checkIdentifier] (C:\\Users\\Pc\\Downloads\\peek-school-system-backend-main\\peek-school-system-backend-main\\node_modules\\@babel\\parser\\src\\parser\\lval.ts:871:12)\n    at Parser.checkIdentifier [as checkLVal] (C:\\Users\\Pc\\Downloads\\peek-school-system-backend-main\\peek-school-system-backend-main\\node_modules\\@babel\\parser\\src\\parser\\lval.ts:763:12)\n    at Parser.checkLVal [as parseVarId] (C:\\Users\\Pc\\Downloads\\peek-school-system-backend-main\\peek-school-system-backend-main\\node_modules\\@babel\\parser\\src\\parser\\statement.ts:1633:10)\n    at Parser.parseVarId [as parseVar] (C:\\Users\\Pc\\Downloads\\peek-school-system-backend-main\\peek-school-system-backend-main\\node_modules\\@babel\\parser\\src\\parser\\statement.ts:1582:12)\n    at Parser.parseVar [as parseVarStatement] (C:\\Users\\Pc\\Downloads\\peek-school-system-backend-main\\peek-school-system-backend-main\\node_modules\\@babel\\parser\\src\\parser\\statement.ts:1251:10)\n    at Parser.parseVarStatement [as parseStatementContent] (C:\\Users\\Pc\\Downloads\\peek-school-system-backend-main\\peek-school-system-backend-main\\node_modules\\@babel\\parser\\src\\parser\\statement.ts:612:21)\n    at Parser.parseStatementContent [as parseStatementLike] (C:\\Users\\Pc\\Downloads\\peek-school-system-backend-main\\peek-school-system-backend-main\\node_modules\\@babel\\parser\\src\\parser\\statement.ts:482:17)\n    at Parser.parseStatementLike [as parseModuleItem] (C:\\Users\\Pc\\Downloads\\peek-school-system-backend-main\\peek-school-system-backend-main\\node_modules\\@babel\\parser\\src\\parser\\statement.ts:419:17)\n    at Parser.parseModuleItem [as parseBlockOrModuleBlockBody] (C:\\Users\\Pc\\Downloads\\peek-school-system-backend-main\\peek-school-system-backend-main\\node_modules\\@babel\\parser\\src\\parser\\statement.ts:1443:16)\n    at Parser.parseBlockOrModuleBlockBody [as parseBlockBody] (C:\\Users\\Pc\\Downloads\\peek-school-system-backend-main\\peek-school-system-backend-main\\node_modules\\@babel\\parser\\src\\parser\\statement.ts:1417:10)\n    at Parser.parseBlockBody [as parseProgram] (C:\\Users\\Pc\\Downloads\\peek-school-system-backend-main\\peek-school-system-backend-main\\node_modules\\@babel\\parser\\src\\parser\\statement.ts:229:10)\n    at Parser.parseProgram [as parseTopLevel] (C:\\Users\\Pc\\Downloads\\peek-school-system-backend-main\\peek-school-system-backend-main\\node_modules\\@babel\\parser\\src\\parser\\statement.ts:203:25)\n    at Parser.parseTopLevel [as parse] (C:\\Users\\Pc\\Downloads\\peek-school-system-backend-main\\peek-school-system-backend-main\\node_modules\\@babel\\parser\\src\\parser\\index.ts:83:25)\n    at parse (C:\\Users\\Pc\\Downloads\\peek-school-system-backend-main\\peek-school-system-backend-main\\node_modules\\@babel\\parser\\src\\index.ts:86:38)\n    at parser (C:\\Users\\Pc\\Downloads\\peek-school-system-backend-main\\peek-school-system-backend-main\\node_modules\\@babel\\core\\src\\parser\\index.ts:29:19)\n    at parser.next (<anonymous>)\n    at normalizeFile (C:\\Users\\Pc\\Downloads\\peek-school-system-backend-main\\peek-school-system-backend-main\\node_modules\\@babel\\core\\src\\transformation\\normalize-file.ts:50:24)\n    at normalizeFile.next (<anonymous>)\n    at run (C:\\Users\\Pc\\Downloads\\peek-school-system-backend-main\\peek-school-system-backend-main\\node_modules\\@babel\\core\\src\\transformation\\index.ts:41:36)\n    at run.next (<anonymous>)\n    at transform (C:\\Users\\Pc\\Downloads\\peek-school-system-backend-main\\peek-school-system-backend-main\\node_modules\\@babel\\core\\src\\transform.ts:29:20)\n    at transform.next (<anonymous>)\n    at evaluateSync (C:\\Users\\Pc\\Downloads\\peek-school-system-backend-main\\peek-school-system-backend-main\\node_modules\\gensync\\index.js:251:28)\n    at sync (C:\\Users\\Pc\\Downloads\\peek-school-system-backend-main\\peek-school-system-backend-main\\node_modules\\gensync\\index.js:89:14)\n    at fn (C:\\Users\\Pc\\Downloads\\peek-school-system-backend-main\\peek-school-system-backend-main\\node_modules\\@babel\\core\\src\\errors\\rewrite-stack-trace.ts:99:14)\n    at transformSync (C:\\Users\\Pc\\Downloads\\peek-school-system-backend-main\\peek-school-system-backend-main\\node_modules\\@babel\\core\\src\\transform.ts:66:52)\n    at Object.process (C:\\Users\\Pc\\Downloads\\peek-school-system-backend-main\\peek-school-system-backend-main\\node_modules\\babel-jest\\build\\index.js:250:56)\n    at ScriptTransformer.transformSource (C:\\Users\\Pc\\Downloads\\peek-school-system-backend-main\\peek-school-system-backend-main\\node_modules\\@jest\\transform\\build\\index.js:422:31)\n    at ScriptTransformer._transformAndBuildScript (C:\\Users\\Pc\\Downloads\\peek-school-system-backend-main\\peek-school-system-backend-main\\node_modules\\@jest\\transform\\build\\index.js:519:40)\n    at ScriptTransformer.transform (C:\\Users\\Pc\\Downloads\\peek-school-system-backend-main\\peek-school-system-backend-main\\node_modules\\@jest\\transform\\build\\index.js:558:19)\n    at Runtime.transformFile (C:\\Users\\Pc\\Downloads\\peek-school-system-backend-main\\peek-school-system-backend-main\\node_modules\\jest-runtime\\build\\index.js:1290:53)\n    at Runtime._execModule (C:\\Users\\Pc\\Downloads\\peek-school-system-backend-main\\peek-school-system-backend-main\\node_modules\\jest-runtime\\build\\index.js:1243:34)\n    at Runtime._loadModule (C:\\Users\\Pc\\Downloads\\peek-school-system-backend-main\\peek-school-system-backend-main\\node_modules\\jest-runtime\\build\\index.js:944:12)\n    at Runtime.requireModule (C:\\Users\\Pc\\Downloads\\peek-school-system-backend-main\\peek-school-system-backend-main\\node_modules\\jest-runtime\\build\\index.js:832:12)\n    at Runtime.requireModuleOrMock (C:\\Users\\Pc\\Downloads\\peek-school-system-backend-main\\peek-school-system-backend-main\\node_modules\\jest-runtime\\build\\index.js:964:21)\n    at Object.require (C:\\Users\\Pc\\Downloads\\peek-school-system-backend-main\\peek-school-system-backend-main\\src\\routes\\schoolRoutes.js:28:25)\n    at Runtime._execModule (C:\\Users\\Pc\\Downloads\\peek-school-system-backend-main\\peek-school-system-backend-main\\node_modules\\jest-runtime\\build\\index.js:1268:24)\n    at Runtime._loadModule (C:\\Users\\Pc\\Downloads\\peek-school-system-backend-main\\peek-school-system-backend-main\\node_modules\\jest-runtime\\build\\index.js:944:12)\n    at Runtime.requireModule (C:\\Users\\Pc\\Downloads\\peek-school-system-backend-main\\peek-school-system-backend-main\\node_modules\\jest-runtime\\build\\index.js:832:12)\n    at Runtime.requireModuleOrMock (C:\\Users\\Pc\\Downloads\\peek-school-system-backend-main\\peek-school-system-backend-main\\node_modules\\jest-runtime\\build\\index.js:964:21)\n    at Object.require (C:\\Users\\Pc\\Downloads\\peek-school-system-backend-main\\peek-school-system-backend-main\\index.js:25:22)\n    at Runtime._execModule (C:\\Users\\Pc\\Downloads\\peek-school-system-backend-main\\peek-school-system-backend-main\\node_modules\\jest-runtime\\build\\index.js:1268:24)\n    at Runtime._loadModule (C:\\Users\\Pc\\Downloads\\peek-school-system-backend-main\\peek-school-system-backend-main\\node_modules\\jest-runtime\\build\\index.js:944:12)\n    at Runtime.requireModule (C:\\Users\\Pc\\Downloads\\peek-school-system-backend-main\\peek-school-system-backend-main\\node_modules\\jest-runtime\\build\\index.js:832:12)\n    at Runtime.requireModuleOrMock (C:\\Users\\Pc\\Downloads\\peek-school-system-backend-main\\peek-school-system-backend-main\\node_modules\\jest-runtime\\build\\index.js:964:21)\n    at Object.require (C:\\Users\\Pc\\Downloads\\peek-school-system-backend-main\\peek-school-system-backend-main\\__tests__\\golden-path-admin.test.js:48:11)\n    at processTicksAndRejections (node:internal/process/task_queues:103:5)"],"fullName":"Golden Path: Admin E2E Journey Step 3: New School Admin acquires access token via /api/auth/login","invocations":1,"location":null,"numPassingAsserts":0,"retryReasons":[],"startAt":1772542661893,"status":"failed","title":"Step 3: New School Admin acquires access token via /api/auth/login"},{"ancestorTitles":["Golden Path: Admin E2E Journey"],"duration":0,"failing":false,"failureDetails":[{"code":"BABEL_PARSE_ERROR","reasonCode":"VarRedeclaration","loc":{"line":3,"column":6,"index":93},"pos":93}],"failureMessages":["\u001b[1m\u001b[31mJest encountered an unexpected token\u001b[39m\u001b[22m\n\nJest failed to parse a file. This happens e.g. when your code or its dependencies use non-standard JavaScript syntax, or when Jest is not configured to support such syntax.\n\nOut of the box Jest supports Babel, which will be used to transform your files into valid JS based on your Babel configuration.\n\nBy default \"node_modules\" folder is ignored by transformers.\n\nHere's what you can do:\n • If you are trying to use ECMAScript Modules, see \u001b[4mhttps://jestjs.io/docs/ecmascript-modules\u001b[24m for how to enable it.\n • If you are trying to use TypeScript, see \u001b[4mhttps://jestjs.io/docs/getting-started#using-typescript\u001b[24m\n • To have some of your \"node_modules\" files transformed, you can specify a custom \u001b[1m\"transformIgnorePatterns\"\u001b[22m in your config.\n • If you need a custom transformation, specify a \u001b[1m\"transform\"\u001b[22m option in your config.\n • If you simply want to mock your non-JS modules (e.g. binary assets) you can stub them out with the \u001b[1m\"moduleNameMapper\"\u001b[22m config option.\n\nYou'll find more details and examples of these config options in the docs:\n\u001b[36mhttps://jestjs.io/docs/configuration\u001b[39m\nFor information about custom transformations, see:\n\u001b[36mhttps://jestjs.io/docs/code-transformation\u001b[39m\n\n\u001b[1m\u001b[31mDetails:\u001b[39m\u001b[22m\n\nSyntaxError: C:\\Users\\Pc\\Downloads\\peek-school-system-backend-main\\peek-school-system-backend-main\\src\\controllers\\statsController.js: Identifier 'logger' has already been declared. (3:6)\n\n\u001b[0m \u001b[90m 1 |\u001b[39m \u001b[36mconst\u001b[39m prisma \u001b[33m=\u001b[39m require(\u001b[32m'../prismaClient'\u001b[39m)\u001b[33m;\u001b[39m\n \u001b[90m 2 |\u001b[39m \u001b[36mconst\u001b[39m logger \u001b[33m=\u001b[39m require(\u001b[32m'../config/logger'\u001b[39m)\u001b[33m;\u001b[39m\n\u001b[31m\u001b[1m>\u001b[22m\u001b[39m\u001b[90m 3 |\u001b[39m \u001b[36mconst\u001b[39m logger \u001b[33m=\u001b[39m require(\u001b[32m'../config/logger'\u001b[39m)\u001b[33m;\u001b[39m\n \u001b[90m   |\u001b[39m       \u001b[31m\u001b[1m^\u001b[22m\u001b[39m\n \u001b[90m 4 |\u001b[39m \u001b[36mconst\u001b[39m { ok\u001b[33m,\u001b[39m fail } \u001b[33m=\u001b[39m require(\u001b[32m'../utils/response'\u001b[39m)\u001b[33m;\u001b[39m\n \u001b[90m 5 |\u001b[39m \u001b[36mconst\u001b[39m { tenantWhere } \u001b[33m=\u001b[39m require(\u001b[32m'../utils/tenant'\u001b[39m)\u001b[33m;\u001b[39m\n \u001b[90m 6 |\u001b[39m \u001b[36mconst\u001b[39m { getPaginationParams } \u001b[33m=\u001b[39m require(\u001b[32m'../utils/pagination'\u001b[39m)\u001b[33m;\u001b[39m\u001b[0m\n    at constructor (C:\\Users\\Pc\\Downloads\\peek-school-system-backend-main\\peek-school-system-backend-main\\node_modules\\@babel\\parser\\src\\parse-error.ts:95:45)\n    at Parser.toParseError [as raise] (C:\\Users\\Pc\\Downloads\\peek-school-system-backend-main\\peek-school-system-backend-main\\node_modules\\@babel\\parser\\src\\tokenizer\\index.ts:1504:19)\n    at ScopeHandler.raise [as checkRedeclarationInScope] (C:\\Users\\Pc\\Downloads\\peek-school-system-backend-main\\peek-school-system-backend-main\\node_modules\\@babel\\parser\\src\\util\\scope.ts:164:19)\n    at ScopeHandler.checkRedeclarationInScope [as declareName] (C:\\Users\\Pc\\Downloads\\peek-school-system-backend-main\\peek-school-system-backend-main\\node_modules\\@babel\\parser\\src\\util\\scope.ts:118:12)\n    at Parser.declareName [as declareNameFromIdentifier] (C:\\Users\\Pc\\Downloads\\peek-school-system-backend-main\\peek-school-system-backend-main\\node_modules\\@babel\\parser\\src\\parser\\lval.ts:876:16)\n    at Parser.declareNameFromIdentifier [as checkIdentifier] (C:\\Users\\Pc\\Downloads\\peek-school-system-backend-main\\peek-school-system-backend-main\\node_modules\\@babel\\parser\\src\\parser\\lval.ts:871:12)\n    at Parser.checkIdentifier [as checkLVal] (C:\\Users\\Pc\\Downloads\\peek-school-system-backend-main\\peek-school-system-backend-main\\node_modules\\@babel\\parser\\src\\parser\\lval.ts:763:12)\n    at Parser.checkLVal [as parseVarId] (C:\\Users\\Pc\\Downloads\\peek-school-system-backend-main\\peek-school-system-backend-main\\node_modules\\@babel\\parser\\src\\parser\\statement.ts:1633:10)\n    at Parser.parseVarId [as parseVar] (C:\\Users\\Pc\\Downloads\\peek-school-system-backend-main\\peek-school-system-backend-main\\node_modules\\@babel\\parser\\src\\parser\\statement.ts:1582:12)\n    at Parser.parseVar [as parseVarStatement] (C:\\Users\\Pc\\Downloads\\peek-school-system-backend-main\\peek-school-system-backend-main\\node_modules\\@babel\\parser\\src\\parser\\statement.ts:1251:10)\n    at Parser.parseVarStatement [as parseStatementContent] (C:\\Users\\Pc\\Downloads\\peek-school-system-backend-main\\peek-school-system-backend-main\\node_modules\\@babel\\parser\\src\\parser\\statement.ts:612:21)\n    at Parser.parseStatementContent [as parseStatementLike] (C:\\Users\\Pc\\Downloads\\peek-school-system-backend-main\\peek-school-system-backend-main\\node_modules\\@babel\\parser\\src\\parser\\statement.ts:482:17)\n    at Parser.parseStatementLike [as parseModuleItem] (C:\\Users\\Pc\\Downloads\\peek-school-system-backend-main\\peek-school-system-backend-main\\node_modules\\@babel\\parser\\src\\parser\\statement.ts:419:17)\n    at Parser.parseModuleItem [as parseBlockOrModuleBlockBody] (C:\\Users\\Pc\\Downloads\\peek-school-system-backend-main\\peek-school-system-backend-main\\node_modules\\@babel\\parser\\src\\parser\\statement.ts:1443:16)\n    at Parser.parseBlockOrModuleBlockBody [as parseBlockBody] (C:\\Users\\Pc\\Downloads\\peek-school-system-backend-main\\peek-school-system-backend-main\\node_modules\\@babel\\parser\\src\\parser\\statement.ts:1417:10)\n    at Parser.parseBlockBody [as parseProgram] (C:\\Users\\Pc\\Downloads\\peek-school-system-backend-main\\peek-school-system-backend-main\\node_modules\\@babel\\parser\\src\\parser\\statement.ts:229:10)\n    at Parser.parseProgram [as parseTopLevel] (C:\\Users\\Pc\\Downloads\\peek-school-system-backend-main\\peek-school-system-backend-main\\node_modules\\@babel\\parser\\src\\parser\\statement.ts:203:25)\n    at Parser.parseTopLevel [as parse] (C:\\Users\\Pc\\Downloads\\peek-school-system-backend-main\\peek-school-system-backend-main\\node_modules\\@babel\\parser\\src\\parser\\index.ts:83:25)\n    at parse (C:\\Users\\Pc\\Downloads\\peek-school-system-backend-main\\peek-school-system-backend-main\\node_modules\\@babel\\parser\\src\\index.ts:86:38)\n    at parser (C:\\Users\\Pc\\Downloads\\peek-school-system-backend-main\\peek-school-system-backend-main\\node_modules\\@babel\\core\\src\\parser\\index.ts:29:19)\n    at parser.next (<anonymous>)\n    at normalizeFile (C:\\Users\\Pc\\Downloads\\peek-school-system-backend-main\\peek-school-system-backend-main\\node_modules\\@babel\\core\\src\\transformation\\normalize-file.ts:50:24)\n    at normalizeFile.next (<anonymous>)\n    at run (C:\\Users\\Pc\\Downloads\\peek-school-system-backend-main\\peek-school-system-backend-main\\node_modules\\@babel\\core\\src\\transformation\\index.ts:41:36)\n    at run.next (<anonymous>)\n    at transform (C:\\Users\\Pc\\Downloads\\peek-school-system-backend-main\\peek-school-system-backend-main\\node_modules\\@babel\\core\\src\\transform.ts:29:20)\n    at transform.next (<anonymous>)\n    at evaluateSync (C:\\Users\\Pc\\Downloads\\peek-school-system-backend-main\\peek-school-system-backend-main\\node_modules\\gensync\\index.js:251:28)\n    at sync (C:\\Users\\Pc\\Downloads\\peek-school-system-backend-main\\peek-school-system-backend-main\\node_modules\\gensync\\index.js:89:14)\n    at fn (C:\\Users\\Pc\\Downloads\\peek-school-system-backend-main\\peek-school-system-backend-main\\node_modules\\@babel\\core\\src\\errors\\rewrite-stack-trace.ts:99:14)\n    at transformSync (C:\\Users\\Pc\\Downloads\\peek-school-system-backend-main\\peek-school-system-backend-main\\node_modules\\@babel\\core\\src\\transform.ts:66:52)\n    at Object.process (C:\\Users\\Pc\\Downloads\\peek-school-system-backend-main\\peek-school-system-backend-main\\node_modules\\babel-jest\\build\\index.js:250:56)\n    at ScriptTransformer.transformSource (C:\\Users\\Pc\\Downloads\\peek-school-system-backend-main\\peek-school-system-backend-main\\node_modules\\@jest\\transform\\build\\index.js:422:31)\n    at ScriptTransformer._transformAndBuildScript (C:\\Users\\Pc\\Downloads\\peek-school-system-backend-main\\peek-school-system-backend-main\\node_modules\\@jest\\transform\\build\\index.js:519:40)\n    at ScriptTransformer.transform (C:\\Users\\Pc\\Downloads\\peek-school-system-backend-main\\peek-school-system-backend-main\\node_modules\\@jest\\transform\\build\\index.js:558:19)\n    at Runtime.transformFile (C:\\Users\\Pc\\Downloads\\peek-school-system-backend-main\\peek-school-system-backend-main\\node_modules\\jest-runtime\\build\\index.js:1290:53)\n    at Runtime._execModule (C:\\Users\\Pc\\Downloads\\peek-school-system-backend-main\\peek-school-system-backend-main\\node_modules\\jest-runtime\\build\\index.js:1243:34)\n    at Runtime._loadModule (C:\\Users\\Pc\\Downloads\\peek-school-system-backend-main\\peek-school-system-backend-main\\node_modules\\jest-runtime\\build\\index.js:944:12)\n    at Runtime.requireModule (C:\\Users\\Pc\\Downloads\\peek-school-system-backend-main\\peek-school-system-backend-main\\node_modules\\jest-runtime\\build\\index.js:832:12)\n    at Runtime.requireModuleOrMock (C:\\Users\\Pc\\Downloads\\peek-school-system-backend-main\\peek-school-system-backend-main\\node_modules\\jest-runtime\\build\\index.js:964:21)\n    at Object.require (C:\\Users\\Pc\\Downloads\\peek-school-system-backend-main\\peek-school-system-backend-main\\src\\routes\\schoolRoutes.js:28:25)\n    at Runtime._execModule (C:\\Users\\Pc\\Downloads\\peek-school-system-backend-main\\peek-school-system-backend-main\\node_modules\\jest-runtime\\build\\index.js:1268:24)\n    at Runtime._loadModule (C:\\Users\\Pc\\Downloads\\peek-school-system-backend-main\\peek-school-system-backend-main\\node_modules\\jest-runtime\\build\\index.js:944:12)\n    at Runtime.requireModule (C:\\Users\\Pc\\Downloads\\peek-school-system-backend-main\\peek-school-system-backend-main\\node_modules\\jest-runtime\\build\\index.js:832:12)\n    at Runtime.requireModuleOrMock (C:\\Users\\Pc\\Downloads\\peek-school-system-backend-main\\peek-school-system-backend-main\\node_modules\\jest-runtime\\build\\index.js:964:21)\n    at Object.require (C:\\Users\\Pc\\Downloads\\peek-school-system-backend-main\\peek-school-system-backend-main\\index.js:25:22)\n    at Runtime._execModule (C:\\Users\\Pc\\Downloads\\peek-school-system-backend-main\\peek-school-system-backend-main\\node_modules\\jest-runtime\\build\\index.js:1268:24)\n    at Runtime._loadModule (C:\\Users\\Pc\\Downloads\\peek-school-system-backend-main\\peek-school-system-backend-main\\node_modules\\jest-runtime\\build\\index.js:944:12)\n    at Runtime.requireModule (C:\\Users\\Pc\\Downloads\\peek-school-system-backend-main\\peek-school-system-backend-main\\node_modules\\jest-runtime\\build\\index.js:832:12)\n    at Runtime.requireModuleOrMock (C:\\Users\\Pc\\Downloads\\peek-school-system-backend-main\\peek-school-system-backend-main\\node_modules\\jest-runtime\\build\\index.js:964:21)\n    at Object.require (C:\\Users\\Pc\\Downloads\\peek-school-system-backend-main\\peek-school-system-backend-main\\__tests__\\golden-path-admin.test.js:48:11)\n    at processTicksAndRejections (node:internal/process/task_queues:103:5)"],"fullName":"Golden Path: Admin E2E Journey Step 4: School Admin creates a student enrolled into the active class","invocations":1,"location":null,"numPassingAsserts":0,"retryReasons":[],"startAt":1772542661893,"status":"failed","title":"Step 4: School Admin creates a student enrolled into the active class"},{"ancestorTitles":["Golden Path: Admin E2E Journey"],"duration":0,"failing":false,"failureDetails":[{"code":"BABEL_PARSE_ERROR","reasonCode":"VarRedeclaration","loc":{"line":3,"column":6,"index":93},"pos":93}],"failureMessages":["\u001b[1m\u001b[31mJest encountered an unexpected token\u001b[39m\u001b[22m\n\nJest failed to parse a file. This happens e.g. when your code or its dependencies use non-standard JavaScript syntax, or when Jest is not configured to support such syntax.\n\nOut of the box Jest supports Babel, which will be used to transform your files into valid JS based on your Babel configuration.\n\nBy default \"node_modules\" folder is ignored by transformers.\n\nHere's what you can do:\n • If you are trying to use ECMAScript Modules, see \u001b[4mhttps://jestjs.io/docs/ecmascript-modules\u001b[24m for how to enable it.\n • If you are trying to use TypeScript, see \u001b[4mhttps://jestjs.io/docs/getting-started#using-typescript\u001b[24m\n • To have some of your \"node_modules\" files transformed, you can specify a custom \u001b[1m\"transformIgnorePatterns\"\u001b[22m in your config.\n • If you need a custom transformation, specify a \u001b[1m\"transform\"\u001b[22m option in your config.\n • If you simply want to mock your non-JS modules (e.g. binary assets) you can stub them out with the \u001b[1m\"moduleNameMapper\"\u001b[22m config option.\n\nYou'll find more details and examples of these config options in the docs:\n\u001b[36mhttps://jestjs.io/docs/configuration\u001b[39m\nFor information about custom transformations, see:\n\u001b[36mhttps://jestjs.io/docs/code-transformation\u001b[39m\n\n\u001b[1m\u001b[31mDetails:\u001b[39m\u001b[22m\n\nSyntaxError: C:\\Users\\Pc\\Downloads\\peek-school-system-backend-main\\peek-school-system-backend-main\\src\\controllers\\statsController.js: Identifier 'logger' has already been declared. (3:6)\n\n\u001b[0m \u001b[90m 1 |\u001b[39m \u001b[36mconst\u001b[39m prisma \u001b[33m=\u001b[39m require(\u001b[32m'../prismaClient'\u001b[39m)\u001b[33m;\u001b[39m\n \u001b[90m 2 |\u001b[39m \u001b[36mconst\u001b[39m logger \u001b[33m=\u001b[39m require(\u001b[32m'../config/logger'\u001b[39m)\u001b[33m;\u001b[39m\n\u001b[31m\u001b[1m>\u001b[22m\u001b[39m\u001b[90m 3 |\u001b[39m \u001b[36mconst\u001b[39m logger \u001b[33m=\u001b[39m require(\u001b[32m'../config/logger'\u001b[39m)\u001b[33m;\u001b[39m\n \u001b[90m   |\u001b[39m       \u001b[31m\u001b[1m^\u001b[22m\u001b[39m\n \u001b[90m 4 |\u001b[39m \u001b[36mconst\u001b[39m { ok\u001b[33m,\u001b[39m fail } \u001b[33m=\u001b[39m require(\u001b[32m'../utils/response'\u001b[39m)\u001b[33m;\u001b[39m\n \u001b[90m 5 |\u001b[39m \u001b[36mconst\u001b[39m { tenantWhere } \u001b[33m=\u001b[39m require(\u001b[32m'../utils/tenant'\u001b[39m)\u001b[33m;\u001b[39m\n \u001b[90m 6 |\u001b[39m \u001b[36mconst\u001b[39m { getPaginationParams } \u001b[33m=\u001b[39m require(\u001b[32m'../utils/pagination'\u001b[39m)\u001b[33m;\u001b[39m\u001b[0m\n    at constructor (C:\\Users\\Pc\\Downloads\\peek-school-system-backend-main\\peek-school-system-backend-main\\node_modules\\@babel\\parser\\src\\parse-error.ts:95:45)\n    at Parser.toParseError [as raise] (C:\\Users\\Pc\\Downloads\\peek-school-system-backend-main\\peek-school-system-backend-main\\node_modules\\@babel\\parser\\src\\tokenizer\\index.ts:1504:19)\n    at ScopeHandler.raise [as checkRedeclarationInScope] (C:\\Users\\Pc\\Downloads\\peek-school-system-backend-main\\peek-school-system-backend-main\\node_modules\\@babel\\parser\\src\\util\\scope.ts:164:19)\n    at ScopeHandler.checkRedeclarationInScope [as declareName] (C:\\Users\\Pc\\Downloads\\peek-school-system-backend-main\\peek-school-system-backend-main\\node_modules\\@babel\\parser\\src\\util\\scope.ts:118:12)\n    at Parser.declareName [as declareNameFromIdentifier] (C:\\Users\\Pc\\Downloads\\peek-school-system-backend-main\\peek-school-system-backend-main\\node_modules\\@babel\\parser\\src\\parser\\lval.ts:876:16)\n    at Parser.declareNameFromIdentifier [as checkIdentifier] (C:\\Users\\Pc\\Downloads\\peek-school-system-backend-main\\peek-school-system-backend-main\\node_modules\\@babel\\parser\\src\\parser\\lval.ts:871:12)\n    at Parser.checkIdentifier [as checkLVal] (C:\\Users\\Pc\\Downloads\\peek-school-system-backend-main\\peek-school-system-backend-main\\node_modules\\@babel\\parser\\src\\parser\\lval.ts:763:12)\n    at Parser.checkLVal [as parseVarId] (C:\\Users\\Pc\\Downloads\\peek-school-system-backend-main\\peek-school-system-backend-main\\node_modules\\@babel\\parser\\src\\parser\\statement.ts:1633:10)\n    at Parser.parseVarId [as parseVar] (C:\\Users\\Pc\\Downloads\\peek-school-system-backend-main\\peek-school-system-backend-main\\node_modules\\@babel\\parser\\src\\parser\\statement.ts:1582:12)\n    at Parser.parseVar [as parseVarStatement] (C:\\Users\\Pc\\Downloads\\peek-school-system-backend-main\\peek-school-system-backend-main\\node_modules\\@babel\\parser\\src\\parser\\statement.ts:1251:10)\n    at Parser.parseVarStatement [as parseStatementContent] (C:\\Users\\Pc\\Downloads\\peek-school-system-backend-main\\peek-school-system-backend-main\\node_modules\\@babel\\parser\\src\\parser\\statement.ts:612:21)\n    at Parser.parseStatementContent [as parseStatementLike] (C:\\Users\\Pc\\Downloads\\peek-school-system-backend-main\\peek-school-system-backend-main\\node_modules\\@babel\\parser\\src\\parser\\statement.ts:482:17)\n    at Parser.parseStatementLike [as parseModuleItem] (C:\\Users\\Pc\\Downloads\\peek-school-system-backend-main\\peek-school-system-backend-main\\node_modules\\@babel\\parser\\src\\parser\\statement.ts:419:17)\n    at Parser.parseModuleItem [as parseBlockOrModuleBlockBody] (C:\\Users\\Pc\\Downloads\\peek-school-system-backend-main\\peek-school-system-backend-main\\node_modules\\@babel\\parser\\src\\parser\\statement.ts:1443:16)\n    at Parser.parseBlockOrModuleBlockBody [as parseBlockBody] (C:\\Users\\Pc\\Downloads\\peek-school-system-backend-main\\peek-school-system-backend-main\\node_modules\\@babel\\parser\\src\\parser\\statement.ts:1417:10)\n    at Parser.parseBlockBody [as parseProgram] (C:\\Users\\Pc\\Downloads\\peek-school-system-backend-main\\peek-school-system-backend-main\\node_modules\\@babel\\parser\\src\\parser\\statement.ts:229:10)\n    at Parser.parseProgram [as parseTopLevel] (C:\\Users\\Pc\\Downloads\\peek-school-system-backend-main\\peek-school-system-backend-main\\node_modules\\@babel\\parser\\src\\parser\\statement.ts:203:25)\n    at Parser.parseTopLevel [as parse] (C:\\Users\\Pc\\Downloads\\peek-school-system-backend-main\\peek-school-system-backend-main\\node_modules\\@babel\\parser\\src\\parser\\index.ts:83:25)\n    at parse (C:\\Users\\Pc\\Downloads\\peek-school-system-backend-main\\peek-school-system-backend-main\\node_modules\\@babel\\parser\\src\\index.ts:86:38)\n    at parser (C:\\Users\\Pc\\Downloads\\peek-school-system-backend-main\\peek-school-system-backend-main\\node_modules\\@babel\\core\\src\\parser\\index.ts:29:19)\n    at parser.next (<anonymous>)\n    at normalizeFile (C:\\Users\\Pc\\Downloads\\peek-school-system-backend-main\\peek-school-system-backend-main\\node_modules\\@babel\\core\\src\\transformation\\normalize-file.ts:50:24)\n    at normalizeFile.next (<anonymous>)\n    at run (C:\\Users\\Pc\\Downloads\\peek-school-system-backend-main\\peek-school-system-backend-main\\node_modules\\@babel\\core\\src\\transformation\\index.ts:41:36)\n    at run.next (<anonymous>)\n    at transform (C:\\Users\\Pc\\Downloads\\peek-school-system-backend-main\\peek-school-system-backend-main\\node_modules\\@babel\\core\\src\\transform.ts:29:20)\n    at transform.next (<anonymous>)\n    at evaluateSync (C:\\Users\\Pc\\Downloads\\peek-school-system-backend-main\\peek-school-system-backend-main\\node_modules\\gensync\\index.js:251:28)\n    at sync (C:\\Users\\Pc\\Downloads\\peek-school-system-backend-main\\peek-school-system-backend-main\\node_modules\\gensync\\index.js:89:14)\n    at fn (C:\\Users\\Pc\\Downloads\\peek-school-system-backend-main\\peek-school-system-backend-main\\node_modules\\@babel\\core\\src\\errors\\rewrite-stack-trace.ts:99:14)\n    at transformSync (C:\\Users\\Pc\\Downloads\\peek-school-system-backend-main\\peek-school-system-backend-main\\node_modules\\@babel\\core\\src\\transform.ts:66:52)\n    at Object.process (C:\\Users\\Pc\\Downloads\\peek-school-system-backend-main\\peek-school-system-backend-main\\node_modules\\babel-jest\\build\\index.js:250:56)\n    at ScriptTransformer.transformSource (C:\\Users\\Pc\\Downloads\\peek-school-system-backend-main\\peek-school-system-backend-main\\node_modules\\@jest\\transform\\build\\index.js:422:31)\n    at ScriptTransformer._transformAndBuildScript (C:\\Users\\Pc\\Downloads\\peek-school-system-backend-main\\peek-school-system-backend-main\\node_modules\\@jest\\transform\\build\\index.js:519:40)\n    at ScriptTransformer.transform (C:\\Users\\Pc\\Downloads\\peek-school-system-backend-main\\peek-school-system-backend-main\\node_modules\\@jest\\transform\\build\\index.js:558:19)\n    at Runtime.transformFile (C:\\Users\\Pc\\Downloads\\peek-school-system-backend-main\\peek-school-system-backend-main\\node_modules\\jest-runtime\\build\\index.js:1290:53)\n    at Runtime._execModule (C:\\Users\\Pc\\Downloads\\peek-school-system-backend-main\\peek-school-system-backend-main\\node_modules\\jest-runtime\\build\\index.js:1243:34)\n    at Runtime._loadModule (C:\\Users\\Pc\\Downloads\\peek-school-system-backend-main\\peek-school-system-backend-main\\node_modules\\jest-runtime\\build\\index.js:944:12)\n    at Runtime.requireModule (C:\\Users\\Pc\\Downloads\\peek-school-system-backend-main\\peek-school-system-backend-main\\node_modules\\jest-runtime\\build\\index.js:832:12)\n    at Runtime.requireModuleOrMock (C:\\Users\\Pc\\Downloads\\peek-school-system-backend-main\\peek-school-system-backend-main\\node_modules\\jest-runtime\\build\\index.js:964:21)\n    at Object.require (C:\\Users\\Pc\\Downloads\\peek-school-system-backend-main\\peek-school-system-backend-main\\src\\routes\\schoolRoutes.js:28:25)\n    at Runtime._execModule (C:\\Users\\Pc\\Downloads\\peek-school-system-backend-main\\peek-school-system-backend-main\\node_modules\\jest-runtime\\build\\index.js:1268:24)\n    at Runtime._loadModule (C:\\Users\\Pc\\Downloads\\peek-school-system-backend-main\\peek-school-system-backend-main\\node_modules\\jest-runtime\\build\\index.js:944:12)\n    at Runtime.requireModule (C:\\Users\\Pc\\Downloads\\peek-school-system-backend-main\\peek-school-system-backend-main\\node_modules\\jest-runtime\\build\\index.js:832:12)\n    at Runtime.requireModuleOrMock (C:\\Users\\Pc\\Downloads\\peek-school-system-backend-main\\peek-school-system-backend-main\\node_modules\\jest-runtime\\build\\index.js:964:21)\n    at Object.require (C:\\Users\\Pc\\Downloads\\peek-school-system-backend-main\\peek-school-system-backend-main\\index.js:25:22)\n    at Runtime._execModule (C:\\Users\\Pc\\Downloads\\peek-school-system-backend-main\\peek-school-system-backend-main\\node_modules\\jest-runtime\\build\\index.js:1268:24)\n    at Runtime._loadModule (C:\\Users\\Pc\\Downloads\\peek-school-system-backend-main\\peek-school-system-backend-main\\node_modules\\jest-runtime\\build\\index.js:944:12)\n    at Runtime.requireModule (C:\\Users\\Pc\\Downloads\\peek-school-system-backend-main\\peek-school-system-backend-main\\node_modules\\jest-runtime\\build\\index.js:832:12)\n    at Runtime.requireModuleOrMock (C:\\Users\\Pc\\Downloads\\peek-school-system-backend-main\\peek-school-system-backend-main\\node_modules\\jest-runtime\\build\\index.js:964:21)\n    at Object.require (C:\\Users\\Pc\\Downloads\\peek-school-system-backend-main\\peek-school-system-backend-main\\__tests__\\golden-path-admin.test.js:48:11)\n    at processTicksAndRejections (node:internal/process/task_queues:103:5)"],"fullName":"Golden Path: Admin E2E Journey Step 5: School Admin submits bulk attendance for the class","invocations":1,"location":null,"numPassingAsserts":0,"retryReasons":[],"startAt":1772542661894,"status":"failed","title":"Step 5: School Admin submits bulk attendance for the class"},{"ancestorTitles":["Golden Path: Admin E2E Journey"],"duration":0,"failing":false,"failureDetails":[{"code":"BABEL_PARSE_ERROR","reasonCode":"VarRedeclaration","loc":{"line":3,"column":6,"index":93},"pos":93}],"failureMessages":["\u001b[1m\u001b[31mJest encountered an unexpected token\u001b[39m\u001b[22m\n\nJest failed to parse a file. This happens e.g. when your code or its dependencies use non-standard JavaScript syntax, or when Jest is not configured to support such syntax.\n\nOut of the box Jest supports Babel, which will be used to transform your files into valid JS based on your Babel configuration.\n\nBy default \"node_modules\" folder is ignored by transformers.\n\nHere's what you can do:\n • If you are trying to use ECMAScript Modules, see \u001b[4mhttps://jestjs.io/docs/ecmascript-modules\u001b[24m for how to enable it.\n • If you are trying to use TypeScript, see \u001b[4mhttps://jestjs.io/docs/getting-started#using-typescript\u001b[24m\n • To have some of your \"node_modules\" files transformed, you can specify a custom \u001b[1m\"transformIgnorePatterns\"\u001b[22m in your config.\n • If you need a custom transformation, specify a \u001b[1m\"transform\"\u001b[22m option in your config.\n • If you simply want to mock your non-JS modules (e.g. binary assets) you can stub them out with the \u001b[1m\"moduleNameMapper\"\u001b[22m config option.\n\nYou'll find more details and examples of these config options in the docs:\n\u001b[36mhttps://jestjs.io/docs/configuration\u001b[39m\nFor information about custom transformations, see:\n\u001b[36mhttps://jestjs.io/docs/code-transformation\u001b[39m\n\n\u001b[1m\u001b[31mDetails:\u001b[39m\u001b[22m\n\nSyntaxError: C:\\Users\\Pc\\Downloads\\peek-school-system-backend-main\\peek-school-system-backend-main\\src\\controllers\\statsController.js: Identifier 'logger' has already been declared. (3:6)\n\n\u001b[0m \u001b[90m 1 |\u001b[39m \u001b[36mconst\u001b[39m prisma \u001b[33m=\u001b[39m require(\u001b[32m'../prismaClient'\u001b[39m)\u001b[33m;\u001b[39m\n \u001b[90m 2 |\u001b[39m \u001b[36mconst\u001b[39m logger \u001b[33m=\u001b[39m require(\u001b[32m'../config/logger'\u001b[39m)\u001b[33m;\u001b[39m\n\u001b[31m\u001b[1m>\u001b[22m\u001b[39m\u001b[90m 3 |\u001b[39m \u001b[36mconst\u001b[39m logger \u001b[33m=\u001b[39m require(\u001b[32m'../config/logger'\u001b[39m)\u001b[33m;\u001b[39m\n \u001b[90m   |\u001b[39m       \u001b[31m\u001b[1m^\u001b[22m\u001b[39m\n \u001b[90m 4 |\u001b[39m \u001b[36mconst\u001b[39m { ok\u001b[33m,\u001b[39m fail } \u001b[33m=\u001b[39m require(\u001b[32m'../utils/response'\u001b[39m)\u001b[33m;\u001b[39m\n \u001b[90m 5 |\u001b[39m \u001b[36mconst\u001b[39m { tenantWhere } \u001b[33m=\u001b[39m require(\u001b[32m'../utils/tenant'\u001b[39m)\u001b[33m;\u001b[39m\n \u001b[90m 6 |\u001b[39m \u001b[36mconst\u001b[39m { getPaginationParams } \u001b[33m=\u001b[39m require(\u001b[32m'../utils/pagination'\u001b[39m)\u001b[33m;\u001b[39m\u001b[0m\n    at constructor (C:\\Users\\Pc\\Downloads\\peek-school-system-backend-main\\peek-school-system-backend-main\\node_modules\\@babel\\parser\\src\\parse-error.ts:95:45)\n    at Parser.toParseError [as raise] (C:\\Users\\Pc\\Downloads\\peek-school-system-backend-main\\peek-school-system-backend-main\\node_modules\\@babel\\parser\\src\\tokenizer\\index.ts:1504:19)\n    at ScopeHandler.raise [as checkRedeclarationInScope] (C:\\Users\\Pc\\Downloads\\peek-school-system-backend-main\\peek-school-system-backend-main\\node_modules\\@babel\\parser\\src\\util\\scope.ts:164:19)\n    at ScopeHandler.checkRedeclarationInScope [as declareName] (C:\\Users\\Pc\\Downloads\\peek-school-system-backend-main\\peek-school-system-backend-main\\node_modules\\@babel\\parser\\src\\util\\scope.ts:118:12)\n    at Parser.declareName [as declareNameFromIdentifier] (C:\\Users\\Pc\\Downloads\\peek-school-system-backend-main\\peek-school-system-backend-main\\node_modules\\@babel\\parser\\src\\parser\\lval.ts:876:16)\n    at Parser.declareNameFromIdentifier [as checkIdentifier] (C:\\Users\\Pc\\Downloads\\peek-school-system-backend-main\\peek-school-system-backend-main\\node_modules\\@babel\\parser\\src\\parser\\lval.ts:871:12)\n    at Parser.checkIdentifier [as checkLVal] (C:\\Users\\Pc\\Downloads\\peek-school-system-backend-main\\peek-school-system-backend-main\\node_modules\\@babel\\parser\\src\\parser\\lval.ts:763:12)\n    at Parser.checkLVal [as parseVarId] (C:\\Users\\Pc\\Downloads\\peek-school-system-backend-main\\peek-school-system-backend-main\\node_modules\\@babel\\parser\\src\\parser\\statement.ts:1633:10)\n    at Parser.parseVarId [as parseVar] (C:\\Users\\Pc\\Downloads\\peek-school-system-backend-main\\peek-school-system-backend-main\\node_modules\\@babel\\parser\\src\\parser\\statement.ts:1582:12)\n    at Parser.parseVar [as parseVarStatement] (C:\\Users\\Pc\\Downloads\\peek-school-system-backend-main\\peek-school-system-backend-main\\node_modules\\@babel\\parser\\src\\parser\\statement.ts:1251:10)\n    at Parser.parseVarStatement [as parseStatementContent] (C:\\Users\\Pc\\Downloads\\peek-school-system-backend-main\\peek-school-system-backend-main\\node_modules\\@babel\\parser\\src\\parser\\statement.ts:612:21)\n    at Parser.parseStatementContent [as parseStatementLike] (C:\\Users\\Pc\\Downloads\\peek-school-system-backend-main\\peek-school-system-backend-main\\node_modules\\@babel\\parser\\src\\parser\\statement.ts:482:17)\n    at Parser.parseStatementLike [as parseModuleItem] (C:\\Users\\Pc\\Downloads\\peek-school-system-backend-main\\peek-school-system-backend-main\\node_modules\\@babel\\parser\\src\\parser\\statement.ts:419:17)\n    at Parser.parseModuleItem [as parseBlockOrModuleBlockBody] (C:\\Users\\Pc\\Downloads\\peek-school-system-backend-main\\peek-school-system-backend-main\\node_modules\\@babel\\parser\\src\\parser\\statement.ts:1443:16)\n    at Parser.parseBlockOrModuleBlockBody [as parseBlockBody] (C:\\Users\\Pc\\Downloads\\peek-school-system-backend-main\\peek-school-system-backend-main\\node_modules\\@babel\\parser\\src\\parser\\statement.ts:1417:10)\n    at Parser.parseBlockBody [as parseProgram] (C:\\Users\\Pc\\Downloads\\peek-school-system-backend-main\\peek-school-system-backend-main\\node_modules\\@babel\\parser\\src\\parser\\statement.ts:229:10)\n    at Parser.parseProgram [as parseTopLevel] (C:\\Users\\Pc\\Downloads\\peek-school-system-backend-main\\peek-school-system-backend-main\\node_modules\\@babel\\parser\\src\\parser\\statement.ts:203:25)\n    at Parser.parseTopLevel [as parse] (C:\\Users\\Pc\\Downloads\\peek-school-system-backend-main\\peek-school-system-backend-main\\node_modules\\@babel\\parser\\src\\parser\\index.ts:83:25)\n    at parse (C:\\Users\\Pc\\Downloads\\peek-school-system-backend-main\\peek-school-system-backend-main\\node_modules\\@babel\\parser\\src\\index.ts:86:38)\n    at parser (C:\\Users\\Pc\\Downloads\\peek-school-system-backend-main\\peek-school-system-backend-main\\node_modules\\@babel\\core\\src\\parser\\index.ts:29:19)\n    at parser.next (<anonymous>)\n    at normalizeFile (C:\\Users\\Pc\\Downloads\\peek-school-system-backend-main\\peek-school-system-backend-main\\node_modules\\@babel\\core\\src\\transformation\\normalize-file.ts:50:24)\n    at normalizeFile.next (<anonymous>)\n    at run (C:\\Users\\Pc\\Downloads\\peek-school-system-backend-main\\peek-school-system-backend-main\\node_modules\\@babel\\core\\src\\transformation\\index.ts:41:36)\n    at run.next (<anonymous>)\n    at transform (C:\\Users\\Pc\\Downloads\\peek-school-system-backend-main\\peek-school-system-backend-main\\node_modules\\@babel\\core\\src\\transform.ts:29:20)\n    at transform.next (<anonymous>)\n    at evaluateSync (C:\\Users\\Pc\\Downloads\\peek-school-system-backend-main\\peek-school-system-backend-main\\node_modules\\gensync\\index.js:251:28)\n    at sync (C:\\Users\\Pc\\Downloads\\peek-school-system-backend-main\\peek-school-system-backend-main\\node_modules\\gensync\\index.js:89:14)\n    at fn (C:\\Users\\Pc\\Downloads\\peek-school-system-backend-main\\peek-school-system-backend-main\\node_modules\\@babel\\core\\src\\errors\\rewrite-stack-trace.ts:99:14)\n    at transformSync (C:\\Users\\Pc\\Downloads\\peek-school-system-backend-main\\peek-school-system-backend-main\\node_modules\\@babel\\core\\src\\transform.ts:66:52)\n    at Object.process (C:\\Users\\Pc\\Downloads\\peek-school-system-backend-main\\peek-school-system-backend-main\\node_modules\\babel-jest\\build\\index.js:250:56)\n    at ScriptTransformer.transformSource (C:\\Users\\Pc\\Downloads\\peek-school-system-backend-main\\peek-school-system-backend-main\\node_modules\\@jest\\transform\\build\\index.js:422:31)\n    at ScriptTransformer._transformAndBuildScript (C:\\Users\\Pc\\Downloads\\peek-school-system-backend-main\\peek-school-system-backend-main\\node_modules\\@jest\\transform\\build\\index.js:519:40)\n    at ScriptTransformer.transform (C:\\Users\\Pc\\Downloads\\peek-school-system-backend-main\\peek-school-system-backend-main\\node_modules\\@jest\\transform\\build\\index.js:558:19)\n    at Runtime.transformFile (C:\\Users\\Pc\\Downloads\\peek-school-system-backend-main\\peek-school-system-backend-main\\node_modules\\jest-runtime\\build\\index.js:1290:53)\n    at Runtime._execModule (C:\\Users\\Pc\\Downloads\\peek-school-system-backend-main\\peek-school-system-backend-main\\node_modules\\jest-runtime\\build\\index.js:1243:34)\n    at Runtime._loadModule (C:\\Users\\Pc\\Downloads\\peek-school-system-backend-main\\peek-school-system-backend-main\\node_modules\\jest-runtime\\build\\index.js:944:12)\n    at Runtime.requireModule (C:\\Users\\Pc\\Downloads\\peek-school-system-backend-main\\peek-school-system-backend-main\\node_modules\\jest-runtime\\build\\index.js:832:12)\n    at Runtime.requireModuleOrMock (C:\\Users\\Pc\\Downloads\\peek-school-system-backend-main\\peek-school-system-backend-main\\node_modules\\jest-runtime\\build\\index.js:964:21)\n    at Object.require (C:\\Users\\Pc\\Downloads\\peek-school-system-backend-main\\peek-school-system-backend-main\\src\\routes\\schoolRoutes.js:28:25)\n    at Runtime._execModule (C:\\Users\\Pc\\Downloads\\peek-school-system-backend-main\\peek-school-system-backend-main\\node_modules\\jest-runtime\\build\\index.js:1268:24)\n    at Runtime._loadModule (C:\\Users\\Pc\\Downloads\\peek-school-system-backend-main\\peek-school-system-backend-main\\node_modules\\jest-runtime\\build\\index.js:944:12)\n    at Runtime.requireModule (C:\\Users\\Pc\\Downloads\\peek-school-system-backend-main\\peek-school-system-backend-main\\node_modules\\jest-runtime\\build\\index.js:832:12)\n    at Runtime.requireModuleOrMock (C:\\Users\\Pc\\Downloads\\peek-school-system-backend-main\\peek-school-system-backend-main\\node_modules\\jest-runtime\\build\\index.js:964:21)\n    at Object.require (C:\\Users\\Pc\\Downloads\\peek-school-system-backend-main\\peek-school-system-backend-main\\index.js:25:22)\n    at Runtime._execModule (C:\\Users\\Pc\\Downloads\\peek-school-system-backend-main\\peek-school-system-backend-main\\node_modules\\jest-runtime\\build\\index.js:1268:24)\n    at Runtime._loadModule (C:\\Users\\Pc\\Downloads\\peek-school-system-backend-main\\peek-school-system-backend-main\\node_modules\\jest-runtime\\build\\index.js:944:12)\n    at Runtime.requireModule (C:\\Users\\Pc\\Downloads\\peek-school-system-backend-main\\peek-school-system-backend-main\\node_modules\\jest-runtime\\build\\index.js:832:12)\n    at Runtime.requireModuleOrMock (C:\\Users\\Pc\\Downloads\\peek-school-system-backend-main\\peek-school-system-backend-main\\node_modules\\jest-runtime\\build\\index.js:964:21)\n    at Object.require (C:\\Users\\Pc\\Downloads\\peek-school-system-backend-main\\peek-school-system-backend-main\\__tests__\\golden-path-admin.test.js:48:11)\n    at processTicksAndRejections (node:internal/process/task_queues:103:5)"],"fullName":"Golden Path: Admin E2E Journey Step 6: School Admin fetches report overview proving downstream pipelines function correctly","invocations":1,"location":null,"numPassingAsserts":0,"retryReasons":[],"startAt":1772542661894,"status":"failed","title":"Step 6: School Admin fetches report overview proving downstream pipelines function correctly"},{"ancestorTitles":["Golden Path: Admin E2E Journey"],"duration":1,"failing":false,"failureDetails":[{"code":"BABEL_PARSE_ERROR","reasonCode":"VarRedeclaration","loc":{"line":3,"column":6,"index":93},"pos":93}],"failureMessages":["\u001b[1m\u001b[31mJest encountered an unexpected token\u001b[39m\u001b[22m\n\nJest failed to parse a file. This happens e.g. when your code or its dependencies use non-standard JavaScript syntax, or when Jest is not configured to support such syntax.\n\nOut of the box Jest supports Babel, which will be used to transform your files into valid JS based on your Babel configuration.\n\nBy default \"node_modules\" folder is ignored by transformers.\n\nHere's what you can do:\n • If you are trying to use ECMAScript Modules, see \u001b[4mhttps://jestjs.io/docs/ecmascript-modules\u001b[24m for how to enable it.\n • If you are trying to use TypeScript, see \u001b[4mhttps://jestjs.io/docs/getting-started#using-typescript\u001b[24m\n • To have some of your \"node_modules\" files transformed, you can specify a custom \u001b[1m\"transformIgnorePatterns\"\u001b[22m in your config.\n • If you need a custom transformation, specify a \u001b[1m\"transform\"\u001b[22m option in your config.\n • If you simply want to mock your non-JS modules (e.g. binary assets) you can stub them out with the \u001b[1m\"moduleNameMapper\"\u001b[22m config option.\n\nYou'll find more details and examples of these config options in the docs:\n\u001b[36mhttps://jestjs.io/docs/configuration\u001b[39m\nFor information about custom transformations, see:\n\u001b[36mhttps://jestjs.io/docs/code-transformation\u001b[39m\n\n\u001b[1m\u001b[31mDetails:\u001b[39m\u001b[22m\n\nSyntaxError: C:\\Users\\Pc\\Downloads\\peek-school-system-backend-main\\peek-school-system-backend-main\\src\\controllers\\statsController.js: Identifier 'logger' has already been declared. (3:6)\n\n\u001b[0m \u001b[90m 1 |\u001b[39m \u001b[36mconst\u001b[39m prisma \u001b[33m=\u001b[39m require(\u001b[32m'../prismaClient'\u001b[39m)\u001b[33m;\u001b[39m\n \u001b[90m 2 |\u001b[39m \u001b[36mconst\u001b[39m logger \u001b[33m=\u001b[39m require(\u001b[32m'../config/logger'\u001b[39m)\u001b[33m;\u001b[39m\n\u001b[31m\u001b[1m>\u001b[22m\u001b[39m\u001b[90m 3 |\u001b[39m \u001b[36mconst\u001b[39m logger \u001b[33m=\u001b[39m require(\u001b[32m'../config/logger'\u001b[39m)\u001b[33m;\u001b[39m\n \u001b[90m   |\u001b[39m       \u001b[31m\u001b[1m^\u001b[22m\u001b[39m\n \u001b[90m 4 |\u001b[39m \u001b[36mconst\u001b[39m { ok\u001b[33m,\u001b[39m fail } \u001b[33m=\u001b[39m require(\u001b[32m'../utils/response'\u001b[39m)\u001b[33m;\u001b[39m\n \u001b[90m 5 |\u001b[39m \u001b[36mconst\u001b[39m { tenantWhere } \u001b[33m=\u001b[39m require(\u001b[32m'../utils/tenant'\u001b[39m)\u001b[33m;\u001b[39m\n \u001b[90m 6 |\u001b[39m \u001b[36mconst\u001b[39m { getPaginationParams } \u001b[33m=\u001b[39m require(\u001b[32m'../utils/pagination'\u001b[39m)\u001b[33m;\u001b[39m\u001b[0m\n    at constructor (C:\\Users\\Pc\\Downloads\\peek-school-system-backend-main\\peek-school-system-backend-main\\node_modules\\@babel\\parser\\src\\parse-error.ts:95:45)\n    at Parser.toParseError [as raise] (C:\\Users\\Pc\\Downloads\\peek-school-system-backend-main\\peek-school-system-backend-main\\node_modules\\@babel\\parser\\src\\tokenizer\\index.ts:1504:19)\n    at ScopeHandler.raise [as checkRedeclarationInScope] (C:\\Users\\Pc\\Downloads\\peek-school-system-backend-main\\peek-school-system-backend-main\\node_modules\\@babel\\parser\\src\\util\\scope.ts:164:19)\n    at ScopeHandler.checkRedeclarationInScope [as declareName] (C:\\Users\\Pc\\Downloads\\peek-school-system-backend-main\\peek-school-system-backend-main\\node_modules\\@babel\\parser\\src\\util\\scope.ts:118:12)\n    at Parser.declareName [as declareNameFromIdentifier] (C:\\Users\\Pc\\Downloads\\peek-school-system-backend-main\\peek-school-system-backend-main\\node_modules\\@babel\\parser\\src\\parser\\lval.ts:876:16)\n    at Parser.declareNameFromIdentifier [as checkIdentifier] (C:\\Users\\Pc\\Downloads\\peek-school-system-backend-main\\peek-school-system-backend-main\\node_modules\\@babel\\parser\\src\\parser\\lval.ts:871:12)\n    at Parser.checkIdentifier [as checkLVal] (C:\\Users\\Pc\\Downloads\\peek-school-system-backend-main\\peek-school-system-backend-main\\node_modules\\@babel\\parser\\src\\parser\\lval.ts:763:12)\n    at Parser.checkLVal [as parseVarId] (C:\\Users\\Pc\\Downloads\\peek-school-system-backend-main\\peek-school-system-backend-main\\node_modules\\@babel\\parser\\src\\parser\\statement.ts:1633:10)\n    at Parser.parseVarId [as parseVar] (C:\\Users\\Pc\\Downloads\\peek-school-system-backend-main\\peek-school-system-backend-main\\node_modules\\@babel\\parser\\src\\parser\\statement.ts:1582:12)\n    at Parser.parseVar [as parseVarStatement] (C:\\Users\\Pc\\Downloads\\peek-school-system-backend-main\\peek-school-system-backend-main\\node_modules\\@babel\\parser\\src\\parser\\statement.ts:1251:10)\n    at Parser.parseVarStatement [as parseStatementContent] (C:\\Users\\Pc\\Downloads\\peek-school-system-backend-main\\peek-school-system-backend-main\\node_modules\\@babel\\parser\\src\\parser\\statement.ts:612:21)\n    at Parser.parseStatementContent [as parseStatementLike] (C:\\Users\\Pc\\Downloads\\peek-school-system-backend-main\\peek-school-system-backend-main\\node_modules\\@babel\\parser\\src\\parser\\statement.ts:482:17)\n    at Parser.parseStatementLike [as parseModuleItem] (C:\\Users\\Pc\\Downloads\\peek-school-system-backend-main\\peek-school-system-backend-main\\node_modules\\@babel\\parser\\src\\parser\\statement.ts:419:17)\n    at Parser.parseModuleItem [as parseBlockOrModuleBlockBody] (C:\\Users\\Pc\\Downloads\\peek-school-system-backend-main\\peek-school-system-backend-main\\node_modules\\@babel\\parser\\src\\parser\\statement.ts:1443:16)\n    at Parser.parseBlockOrModuleBlockBody [as parseBlockBody] (C:\\Users\\Pc\\Downloads\\peek-school-system-backend-main\\peek-school-system-backend-main\\node_modules\\@babel\\parser\\src\\parser\\statement.ts:1417:10)\n    at Parser.parseBlockBody [as parseProgram] (C:\\Users\\Pc\\Downloads\\peek-school-system-backend-main\\peek-school-system-backend-main\\node_modules\\@babel\\parser\\src\\parser\\statement.ts:229:10)\n    at Parser.parseProgram [as parseTopLevel] (C:\\Users\\Pc\\Downloads\\peek-school-system-backend-main\\peek-school-system-backend-main\\node_modules\\@babel\\par
[...]
ee \u001b[4mhttps://jestjs.io/docs/getting-started#using-typescript\u001b[24m\n     • To have some of your \"node_modules\" files transformed, you can specify a custom \u001b[1m\"transformIgnorePatterns\"\u001b[22m in your config.\n     • If you need a custom transformation, specify a \u001b[1m\"transform\"\u001b[22m option in your config.\n     • If you simply want to mock your non-JS modules (e.g. binary assets) you can stub them out with the \u001b[1m\"moduleNameMapper\"\u001b[22m config option.\n\n    You'll find more details and examples of these config options in the docs:\n    \u001b[36mhttps://jestjs.io/docs/configuration\u001b[39m\n    For information about custom transformations, see:\n    \u001b[36mhttps://jestjs.io/docs/code-transformation\u001b[39m\n\n    \u001b[1m\u001b[31mDetails:\u001b[39m\u001b[22m\n\n    SyntaxError: C:\\Users\\Pc\\Downloads\\peek-school-system-backend-main\\peek-school-system-backend-main\\src\\controllers\\statsController.js: Identifier 'logger' has already been declared. (3:6)\n\n    \u001b[0m \u001b[90m 1 |\u001b[39m \u001b[36mconst\u001b[39m prisma \u001b[33m=\u001b[39m require(\u001b[32m'../prismaClient'\u001b[39m)\u001b[33m;\u001b[39m\n     \u001b[90m 2 |\u001b[39m \u001b[36mconst\u001b[39m logger \u001b[33m=\u001b[39m require(\u001b[32m'../config/logger'\u001b[39m)\u001b[33m;\u001b[39m\n    \u001b[31m\u001b[1m>\u001b[22m\u001b[39m\u001b[90m 3 |\u001b[39m \u001b[36mconst\u001b[39m logger \u001b[33m=\u001b[39m require(\u001b[32m'../config/logger'\u001b[39m)\u001b[33m;\u001b[39m\n     \u001b[90m   |\u001b[39m       \u001b[31m\u001b[1m^\u001b[22m\u001b[39m\n     \u001b[90m 4 |\u001b[39m \u001b[36mconst\u001b[39m { ok\u001b[33m,\u001b[39m fail } \u001b[33m=\u001b[39m require(\u001b[32m'../utils/response'\u001b[39m)\u001b[33m;\u001b[39m\n     \u001b[90m 5 |\u001b[39m \u001b[36mconst\u001b[39m { tenantWhere } \u001b[33m=\u001b[39m require(\u001b[32m'../utils/tenant'\u001b[39m)\u001b[33m;\u001b[39m\n     \u001b[90m 6 |\u001b[39m \u001b[36mconst\u001b[39m { getPaginationParams } \u001b[33m=\u001b[39m require(\u001b[32m'../utils/pagination'\u001b[39m)\u001b[33m;\u001b[39m\u001b[0m\n\u001b[2m\u001b[22m\n\u001b[2m    \u001b[0m \u001b[90m 26 |\u001b[39m \u001b[36mconst\u001b[39m { toggleStudentNfc } \u001b[33m=\u001b[39m require(\u001b[32m'../controllers/studentController'\u001b[39m)\u001b[33m;\u001b[39m\u001b[22m\n\u001b[2m     \u001b[90m 27 |\u001b[39m \u001b[36mconst\u001b[39m { getAllExams } \u001b[33m=\u001b[39m require(\u001b[32m'../controllers/examController'\u001b[39m)\u001b[33m;\u001b[39m \u001b[90m// Kept for backward compatibility\u001b[39m\u001b[22m\n\u001b[2m    \u001b[31m\u001b[1m>\u001b[22m\u001b[2m\u001b[39m\u001b[90m 28 |\u001b[39m \u001b[36mconst\u001b[39m { getFeeStats } \u001b[33m=\u001b[39m require(\u001b[32m'../controllers/statsController'\u001b[39m)\u001b[33m;\u001b[39m \u001b[90m// Imported for stats alias\u001b[39m\u001b[22m\n\u001b[2m     \u001b[90m    |\u001b[39m                         \u001b[31m\u001b[1m^\u001b[22m\u001b[2m\u001b[39m\u001b[22m\n\u001b[2m     \u001b[90m 29 |\u001b[39m \u001b[36mconst\u001b[39m { getClassTimetable } \u001b[33m=\u001b[39m require(\u001b[32m'../controllers/academicController'\u001b[39m)\u001b[33m;\u001b[39m \u001b[90m// Import for timetable route\u001b[39m\u001b[22m\n\u001b[2m     \u001b[90m 30 |\u001b[39m \u001b[36mconst\u001b[39m { \u001b[33mUserRole\u001b[39m } \u001b[33m=\u001b[39m require(\u001b[32m'@prisma/client'\u001b[39m)\u001b[33m;\u001b[39m\u001b[22m\n\u001b[2m     \u001b[90m 31 |\u001b[39m\u001b[0m\u001b[22m\n\u001b[2m\u001b[22m\n\u001b[2m      \u001b[2mat constructor (\u001b[22m\u001b[2mnode_modules/@babel/parser/src/parse-error.ts\u001b[2m:95:45)\u001b[22m\u001b[2m\u001b[22m\n\u001b[2m      \u001b[2mat Parser.toParseError [as raise] (\u001b[22m\u001b[2mnode_modules/@babel/parser/src/tokenizer/index.ts\u001b[2m:1504:19)\u001b[22m\u001b[2m\u001b[22m\n\u001b[2m      \u001b[2mat ScopeHandler.raise [as checkRedeclarationInScope] (\u001b[22m\u001b[2mnode_modules/@babel/parser/src/util/scope.ts\u001b[2m:164:19)\u001b[22m\u001b[2m\u001b[22m\n\u001b[2m      \u001b[2mat ScopeHandler.checkRedeclarationInScope [as declareName] (\u001b[22m\u001b[2mnode_modules/@babel/parser/src/util/scope.ts\u001b[2m:118:12)\u001b[22m\u001b[2m\u001b[22m\n\u001b[2m      \u001b[2mat Parser.declareName [as declareNameFromIdentifier] (\u001b[22m\u001b[2mnode_modules/@babel/parser/src/parser/lval.ts\u001b[2m:876:16)\u001b[22m\u001b[2m\u001b[22m\n\u001b[2m      \u001b[2mat Parser.declareNameFromIdentifier [as checkIdentifier] (\u001b[22m\u001b[2mnode_modules/@babel/parser/src/parser/lval.ts\u001b[2m:871:12)\u001b[22m\u001b[2m\u001b[22m\n\u001b[2m      \u001b[2mat Parser.checkIdentifier [as checkLVal] (\u001b[22m\u001b[2mnode_modules/@babel/parser/src/parser/lval.ts\u001b[2m:763:12)\u001b[22m\u001b[2m\u001b[22m\n\u001b[2m      \u001b[2mat Parser.checkLVal [as parseVarId] (\u001b[22m\u001b[2mnode_modules/@babel/parser/src/parser/statement.ts\u001b[2m:1633:10)\u001b[22m\u001b[2m\u001b[22m\n\u001b[2m      \u001b[2mat Parser.parseVarId [as parseVar] (\u001b[22m\u001b[2mnode_modules/@babel/parser/src/parser/statement.ts\u001b[2m:1582:12)\u001b[22m\u001b[2m\u001b[22m\n\u001b[2m      \u001b[2mat Parser.parseVar [as parseVarStatement] (\u001b[22m\u001b[2mnode_modules/@babel/parser/src/parser/statement.ts\u001b[2m:1251:10)\u001b[22m\u001b[2m\u001b[22m\n\u001b[2m      \u001b[2mat Parser.parseVarStatement [as parseStatementContent] (\u001b[22m\u001b[2mnode_modules/@babel/parser/src/parser/statement.ts\u001b[2m:612:21)\u001b[22m\u001b[2m\u001b[22m\n\u001b[2m      \u001b[2mat Parser.parseStatementContent [as parseStatementLike] (\u001b[22m\u001b[2mnode_modules/@babel/parser/src/parser/statement.ts\u001b[2m:482:17)\u001b[22m\u001b[2m\u001b[22m\n\u001b[2m      \u001b[2mat Parser.parseStatementLike [as parseModuleItem] (\u001b[22m\u001b[2mnode_modules/@babel/parser/src/parser/statement.ts\u001b[2m:419:17)\u001b[22m\u001b[2m\u001b[22m\n\u001b[2m      \u001b[2mat Parser.parseModuleItem [as parseBlockOrModuleBlockBody] (\u001b[22m\u001b[2mnode_modules/@babel/parser/src/parser/statement.ts\u001b[2m:1443:16)\u001b[22m\u001b[2m\u001b[22m\n\u001b[2m      \u001b[2mat Parser.parseBlockOrModuleBlockBody [as parseBlockBody] (\u001b[22m\u001b[2mnode_modules/@babel/parser/src/parser/statement.ts\u001b[2m:1417:10)\u001b[22m\u001b[2m\u001b[22m\n\u001b[2m      \u001b[2mat Parser.parseBlockBody [as parseProgram] (\u001b[22m\u001b[2mnode_modules/@babel/parser/src/parser/statement.ts\u001b[2m:229:10)\u001b[22m\u001b[2m\u001b[22m\n\u001b[2m      \u001b[2mat Parser.parseProgram [as parseTopLevel] (\u001b[22m\u001b[2mnode_modules/@babel/parser/src/parser/statement.ts\u001b[2m:203:25)\u001b[22m\u001b[2m\u001b[22m\n\u001b[2m      \u001b[2mat Parser.parseTopLevel [as parse] (\u001b[22m\u001b[2mnode_modules/@babel/parser/src/parser/index.ts\u001b[2m:83:25)\u001b[22m\u001b[2m\u001b[22m\n\u001b[2m      \u001b[2mat parse (\u001b[22m\u001b[2mnode_modules/@babel/parser/src/index.ts\u001b[2m:86:38)\u001b[22m\u001b[2m\u001b[22m\n\u001b[2m      \u001b[2mat parser (\u001b[22m\u001b[2mnode_modules/@babel/core/src/parser/index.ts\u001b[2m:29:19)\u001b[22m\u001b[2m\u001b[22m\n\u001b[2m          at parser.next (<anonymous>)\u001b[22m\n\u001b[2m      \u001b[2mat normalizeFile (\u001b[22m\u001b[2mnode_modules/@babel/core/src/transformation/normalize-file.ts\u001b[2m:50:24)\u001b[22m\u001b[2m\u001b[22m\n\u001b[2m          at normalizeFile.next (<anonymous>)\u001b[22m\n\u001b[2m      \u001b[2mat run (\u001b[22m\u001b[2mnode_modules/@babel/core/src/transformation/index.ts\u001b[2m:41:36)\u001b[22m\u001b[2m\u001b[22m\n\u001b[2m          at run.next (<anonymous>)\u001b[22m\n\u001b[2m      \u001b[2mat transform (\u001b[22m\u001b[2mnode_modules/@babel/core/src/transform.ts\u001b[2m:29:20)\u001b[22m\u001b[2m\u001b[22m\n\u001b[2m          at transform.next (<anonymous>)\u001b[22m\n\u001b[2m      \u001b[2mat evaluateSync (\u001b[22m\u001b[2mnode_modules/gensync/index.js\u001b[2m:251:28)\u001b[22m\u001b[2m\u001b[22m\n\u001b[2m      \u001b[2mat sync (\u001b[22m\u001b[2mnode_modules/gensync/index.js\u001b[2m:89:14)\u001b[22m\u001b[2m\u001b[22m\n\u001b[2m      \u001b[2mat fn (\u001b[22m\u001b[2mnode_modules/@babel/core/src/errors/rewrite-stack-trace.ts\u001b[2m:99:14)\u001b[22m\u001b[2m\u001b[22m\n\u001b[2m      \u001b[2mat transformSync (\u001b[22m\u001b[2mnode_modules/@babel/core/src/transform.ts\u001b[2m:66:52)\u001b[22m\u001b[2m\u001b[22m\n\u001b[2m      \u001b[2mat ScriptTransformer.transformSource (\u001b[22m\u001b[2mnode_modules/@jest/transform/build/index.js\u001b[2m:422:31)\u001b[22m\u001b[2m\u001b[22m\n\u001b[2m      \u001b[2mat ScriptTransformer._transformAndBuildScript (\u001b[22m\u001b[2mnode_modules/@jest/transform/build/index.js\u001b[2m:519:40)\u001b[22m\u001b[2m\u001b[22m\n\u001b[2m      \u001b[2mat ScriptTransformer.transform (\u001b[22m\u001b[2mnode_modules/@jest/transform/build/index.js\u001b[2m:558:19)\u001b[22m\u001b[2m\u001b[22m\n\u001b[2m      \u001b[2mat Object.require (\u001b[22m\u001b[2msrc/routes/schoolRoutes.js\u001b[2m:28:25)\u001b[22m\u001b[2m\u001b[22m\n\u001b[2m      \u001b[2mat Object.require (\u001b[22m\u001b[2mindex.js\u001b[2m:25:22)\u001b[22m\u001b[2m\u001b[22m\n\u001b[2m      \u001b[2mat Object.require (\u001b[22m\u001b[2m\u001b[0m\u001b[36m__tests__/golden-path-admin.test.js\u001b[39m\u001b[0m\u001b[2m:48:11)\u001b[22m\u001b[2m\u001b[22m\n\n\u001b[1m\u001b[31m  \u001b[1m● \u001b[22m\u001b[1mGolden Path: Admin E2E Journey › Step 8 (Optional): School Admin processes an active POS order for the student\u001b[39m\u001b[22m\n\n    \u001b[1m\u001b[31mJest encountered an unexpected token\u001b[39m\u001b[22m\n\n    Jest failed to parse a file. This happens e.g. when your code or its dependencies use non-standard JavaScript syntax, or when Jest is not configured to support such syntax.\n\n    Out of the box Jest supports Babel, which will be used to transform your files into valid JS based on your Babel configuration.\n\n    By default \"node_modules\" folder is ignored by transformers.\n\n    Here's what you can do:\n     • If you are trying to use ECMAScript Modules, see \u001b[4mhttps://jestjs.io/docs/ecmascript-modules\u001b[24m for how to enable it.\n     • If you are trying to use TypeScript, see \u001b[4mhttps://jestjs.io/docs/getting-started#using-typescript\u001b[24m\n     • To have some of your \"node_modules\" files transformed, you can specify a custom \u001b[1m\"transformIgnorePatterns\"\u001b[22m in your config.\n     • If you need a custom transformation, specify a \u001b[1m\"transform\"\u001b[22m option in your config.\n     • If you simply want to mock your non-JS modules (e.g. binary assets) you can stub them out with the \u001b[1m\"moduleNameMapper\"\u001b[22m config option.\n\n    You'll find more details and examples of these config options in the docs:\n    \u001b[36mhttps://jestjs.io/docs/configuration\u001b[39m\n    For information about custom transformations, see:\n    \u001b[36mhttps://jestjs.io/docs/code-transformation\u001b[39m\n\n    \u001b[1m\u001b[31mDetails:\u001b[39m\u001b[22m\n\n    SyntaxError: C:\\Users\\Pc\\Downloads\\peek-school-system-backend-main\\peek-school-system-backend-main\\src\\controllers\\statsController.js: Identifier 'logger' has already been declared. (3:6)\n\n    \u001b[0m \u001b[90m 1 |\u001b[39m \u001b[36mconst\u001b[39m prisma \u001b[33m=\u001b[39m require(\u001b[32m'../prismaClient'\u001b[39m)\u001b[33m;\u001b[39m\n     \u001b[90m 2 |\u001b[39m \u001b[36mconst\u001b[39m logger \u001b[33m=\u001b[39m require(\u001b[32m'../config/logger'\u001b[39m)\u001b[33m;\u001b[39m\n    \u001b[31m\u001b[1m>\u001b[22m\u001b[39m\u001b[90m 3 |\u001b[39m \u001b[36mconst\u001b[39m logger \u001b[33m=\u001b[39m require(\u001b[32m'../config/logger'\u001b[39m)\u001b[33m;\u001b[39m\n     \u001b[90m   |\u001b[39m       \u001b[31m\u001b[1m^\u001b[22m\u001b[39m\n     \u001b[90m 4 |\u001b[39m \u001b[36mconst\u001b[39m { ok\u001b[33m,\u001b[39m fail } \u001b[33m=\u001b[39m require(\u001b[32m'../utils/response'\u001b[39m)\u001b[33m;\u001b[39m\n     \u001b[90m 5 |\u001b[39m \u001b[36mconst\u001b[39m { tenantWhere } \u001b[33m=\u001b[39m require(\u001b[32m'../utils/tenant'\u001b[39m)\u001b[33m;\u001b[39m\n     \u001b[90m 6 |\u001b[39m \u001b[36mconst\u001b[39m { getPaginationParams } \u001b[33m=\u001b[39m require(\u001b[32m'../utils/pagination'\u001b[39m)\u001b[33m;\u001b[39m\u001b[0m\n\u001b[2m\u001b[22m\n\u001b[2m    \u001b[0m \u001b[90m 26 |\u001b[39m \u001b[36mconst\u001b[39m { toggleStudentNfc } \u001b[33m=\u001b[39m require(\u001b[32m'../controllers/studentController'\u001b[39m)\u001b[33m;\u001b[39m\u001b[22m\n\u001b[2m     \u001b[90m 27 |\u001b[39m \u001b[36mconst\u001b[39m { getAllExams } \u001b[33m=\u001b[39m require(\u001b[32m'../controllers/examController'\u001b[39m)\u001b[33m;\u001b[39m \u001b[90m// Kept for backward compatibility\u001b[39m\u001b[22m\n\u001b[2m    \u001b[31m\u001b[1m>\u001b[22m\u001b[2m\u001b[39m\u001b[90m 28 |\u001b[39m \u001b[36mconst\u001b[39m { getFeeStats } \u001b[33m=\u001b[39m require(\u001b[32m'../controllers/statsController'\u001b[39m)\u001b[33m;\u001b[39m \u001b[90m// Imported for stats alias\u001b[39m\u001b[22m\n\u001b[2m     \u001b[90m    |\u001b[39m                         \u001b[31m\u001b[1m^\u001b[22m\u001b[2m\u001b[39m\u001b[22m\n\u001b[2m     \u001b[90m 29 |\u001b[39m \u001b[36mconst\u001b[39m { getClassTimetable } \u001b[33m=\u001b[39m require(\u001b[32m'../controllers/academicController'\u001b[39m)\u001b[33m;\u001b[39m \u001b[90m// Import for timetable route\u001b[39m\u001b[22m\n\u001b[2m     \u001b[90m 30 |\u001b[39m \u001b[36mconst\u001b[39m { \u001b[33mUserRole\u001b[39m } \u001b[33m=\u001b[39m require(\u001b[32m'@prisma/client'\u001b[39m)\u001b[33m;\u001b[39m\u001b[22m\n\u001b[2m     \u001b[90m 31 |\u001b[39m\u001b[0m\u001b[22m\n\u001b[2m\u001b[22m\n\u001b[2m      \u001b[2mat constructor (\u001b[22m\u001b[2mnode_modules/@babel/parser/src/parse-error.ts\u001b[2m:95:45)\u001b[22m\u001b[2m\u001b[22m\n\u001b[2m      \u001b[2mat Parser.toParseError [as raise] (\u001b[22m\u001b[2mnode_modules/@babel/parser/src/tokenizer/index.ts\u001b[2m:1504:19)\u001b[22m\u001b[2m\u001b[22m\n\u001b[2m      \u001b[2mat ScopeHandler.raise [as checkRedeclarationInScope] (\u001b[22m\u001b[2mnode_modules/@babel/parser/src/util/scope.ts\u001b[2m:164:19)\u001b[22m\u001b[2m\u001b[22m\n\u001b[2m      \u001b[2mat ScopeHandler.checkRedeclarationInScope [as declareName] (\u001b[22m\u001b[2mnode_modules/@babel/parser/src/util/scope.ts\u001b[2m:118:12)\u001b[22m\u001b[2m\u001b[22m\n\u001b[2m      \u001b[2mat Parser.declareName [as declareNameFromIdentifier] (\u001b[22m\u001b[2mnode_modules/@babel/parser/src/parser/lval.ts\u001b[2m:876:16)\u001b[22m\u001b[2m\u001b[22m\n\u001b[2m      \u001b[2mat Parser.declareNameFromIdentifier [as checkIdentifier] (\u001b[22m\u001b[2mnode_modules/@babel/parser/src/parser/lval.ts\u001b[2m:871:12)\u001b[22m\u001b[2m\u001b[22m\n\u001b[2m      \u001b[2mat Parser.checkIdentifier [as checkLVal] (\u001b[22m\u001b[2mnode_modules/@babel/parser/src/parser/lval.ts\u001b[2m:763:12)\u001b[22m\u001b[2m\u001b[22m\n\u001b[2m      \u001b[2mat Parser.checkLVal [as parseVarId] (\u001b[22m\u001b[2mnode_modules/@babel/parser/src/parser/statement.ts\u001b[2m:1633:10)\u001b[22m\u001b[2m\u001b[22m\n\u001b[2m      \u001b[2mat Parser.parseVarId [as parseVar] (\u001b[22m\u001b[2mnode_modules/@babel/parser/src/parser/statement.ts\u001b[2m:1582:12)\u001b[22m\u001b[2m\u001b[22m\n\u001b[2m      \u001b[2mat Parser.parseVar [as parseVarStatement] (\u001b[22m\u001b[2mnode_modules/@babel/parser/src/parser/statement.ts\u001b[2m:1251:10)\u001b[22m\u001b[2m\u001b[22m\n\u001b[2m      \u001b[2mat Parser.parseVarStatement [as parseStatementContent] (\u001b[22m\u001b[2mnode_modules/@babel/parser/src/parser/statement.ts\u001b[2m:612:21)\u001b[22m\u001b[2m\u001b[22m\n\u001b[2m      \u001b[2mat Parser.parseStatementContent [as parseStatementLike] (\u001b[22m\u001b[2mnode_modules/@babel/parser/src/parser/statement.ts\u001b[2m:482:17)\u001b[22m\u001b[2m\u001b[22m\n\u001b[2m      \u001b[2mat Parser.parseStatementLike [as parseModuleItem] (\u001b[22m\u001b[2mnode_modules/@babel/parser/src/parser/statement.ts\u001b[2m:419:17)\u001b[22m\u001b[2m\u001b[22m\n\u001b[2m      \u001b[2mat Parser.parseModuleItem [as parseBlockOrModuleBlockBody] (\u001b[22m\u001b[2mnode_modules/@babel/parser/src/parser/statement.ts\u001b[2m:1443:16)\u001b[22m\u001b[2m\u001b[22m\n\u001b[2m      \u001b[2mat Parser.parseBlockOrModuleBlockBody [as parseBlockBody] (\u001b[22m\u001b[2mnode_modules/@babel/parser/src/parser/statement.ts\u001b[2m:1417:10)\u001b[22m\u001b[2m\u001b[22m\n\u001b[2m      \u001b[2mat Parser.parseBlockBody [as parseProgram] (\u001b[22m\u001b[2mnode_modules/@babel/parser/src/parser/statement.ts\u001b[2m:229:10)\u001b[22m\u001b[2m\u001b[22m\n\u001b[2m      \u001b[2mat Parser.parseProgram [as parseTopLevel] (\u001b[22m\u001b[2mnode_modules/@babel/parser/src/parser/statement.ts\u001b[2m:203:25)\u001b[22m\u001b[2m\u001b[22m\n\u001b[2m      \u001b[2mat Parser.parseTopLevel [as parse] (\u001b[22m\u001b[2mnode_modules/@babel/parser/src/parser/index.ts\u001b[2m:83:25)\u001b[22m\u001b[2m\u001b[22m\n\u001b[2m      \u001b[2mat parse (\u001b[22m\u001b[2mnode_modules/@babel/parser/src/index.ts\u001b[2m:86:38)\u001b[22m\u001b[2m\u001b[22m\n\u001b[2m      \u001b[2mat parser (\u001b[22m\u001b[2mnode_modules/@babel/core/src/parser/index.ts\u001b[2m:29:19)\u001b[22m\u001b[2m\u001b[22m\n\u001b[2m          at parser.next (<anonymous>)\u001b[22m\n\u001b[2m      \u001b[2mat normalizeFile (\u001b[22m\u001b[2mnode_modules/@babel/core/src/transformation/normalize-file.ts\u001b[2m:50:24)\u001b[22m\u001b[2m\u001b[22m\n\u001b[2m          at normalizeFile.next (<anonymous>)\u001b[22m\n\u001b[2m      \u001b[2mat run (\u001b[22m\u001b[2mnode_modules/@babel/core/src/transformation/index.ts\u001b[2m:41:36)\u001b[22m\u001b[2m\u001b[22m\n\u001b[2m          at run.next (<anonymous>)\u001b[22m\n\u001b[2m      \u001b[2mat transform (\u001b[22m\u001b[2mnode_modules/@babel/core/src/transform.ts\u001b[2m:29:20)\u001b[22m\u001b[2m\u001b[22m\n\u001b[2m          at transform.next (<anonymous>)\u001b[22m\n\u001b[2m      \u001b[2mat evaluateSync (\u001b[22m\u001b[2mnode_modules/gensync/index.js\u001b[2m:251:28)\u001b[22m\u001b[2m\u001b[22m\n\u001b[2m      \u001b[2mat sync (\u001b[22m\u001b[2mnode_modules/gensync/index.js\u001b[2m:89:14)\u001b[22m\u001b[2m\u001b[22m\n\u001b[2m      \u001b[2mat fn (\u001b[22m\u001b[2mnode_modules/@babel/core/src/errors/rewrite-stack-trace.ts\u001b[2m:99:14)\u001b[22m\u001b[2m\u001b[22m\n\u001b[2m      \u001b[2mat transformSync (\u001b[22m\u001b[2mnode_modules/@babel/core/src/transform.ts\u001b[2m:66:52)\u001b[22m\u001b[2m\u001b[22m\n\u001b[2m      \u001b[2mat ScriptTransformer.transformSource (\u001b[22m\u001b[2mnode_modules/@jest/transform/build/index.js\u001b[2m:422:31)\u001b[22m\u001b[2m\u001b[22m\n\u001b[2m      \u001b[2mat ScriptTransformer._transformAndBuildScript (\u001b[22m\u001b[2mnode_modules/@jest/transform/build/index.js\u001b[2m:519:40)\u001b[22m\u001b[2m\u001b[22m\n\u001b[2m      \u001b[2mat ScriptTransformer.transform (\u001b[22m\u001b[2mnode_modules/@jest/transform/build/index.js\u001b[2m:558:19)\u001b[22m\u001b[2m\u001b[22m\n\u001b[2m      \u001b[2mat Object.require (\u001b[22m\u001b[2msrc/routes/schoolRoutes.js\u001b[2m:28:25)\u001b[22m\u001b[2m\u001b[22m\n\u001b[2m      \u001b[2mat Object.require (\u001b[22m\u001b[2mindex.js\u001b[2m:25:22)\u001b[22m\u001b[2m\u001b[22m\n\u001b[2m      \u001b[2mat Object.require (\u001b[22m\u001b[2m\u001b[0m\u001b[36m__tests__/golden-path-admin.test.js\u001b[39m\u001b[0m\u001b[2m:48:11)\u001b[22m\u001b[2m\u001b[22m\n","name":"C:\\Users\\Pc\\Downloads\\peek-school-system-backend-main\\peek-school-system-backend-main\\__tests__\\golden-path-admin.test.js","startTime":1772542656018,"status":"failed","summary":""}],"wasInterrupted":false}
